<?xml version="1.0" encoding="UTF-8"?>
<testsuite xmlns:xsi="http://www.w3.org/2001/XMLSchema-instance" xsi:noNamespaceSchemaLocation="https://maven.apache.org/surefire/maven-surefire-plugin/xsd/surefire-test-report-3.0.xsd" version="3.0" name="com.inm.ProgramParserTest" time="0.332" tests="22" errors="0" skipped="0" failures="0">
  <properties>
[...]
</properties>
  <testcase name="rejectsInvalidScripts(String)[1]" classname="com.inm.ProgramParserTest" time="0.117">
    <system-out><![CDATA[file:/C:/Users/Yuri/Projetos/compiler/target/classes/scripts/invalid/attr-sem-expr.prog
Token: program    | Tipo: PROGRAM    | Atributo: -
Token: attrsemexpr | Tipo: ID         | Atributo: attrsemexpr
Token: ;          | Tipo: PVIG       | Atributo: -
Token: var        | Tipo: VAR        | Atributo: -
Token: x          | Tipo: ID         | Atributo: x
Token: :          | Tipo: DPONTOS    | Atributo: -
Token: integer    | Tipo: INTEGER    | Atributo: -
Token: ;          | Tipo: PVIG       | Atributo: -
Token: begin      | Tipo: BEGIN      | Atributo: -
Token: x          | Tipo: ID         | Atributo: x
Token: :=         | Tipo: ATRIB      | Atributo: -
Token: end        | Tipo: END        | Atributo: -
Token: .          | Tipo: PONTO      | Atributo: -
------ERRO-----------------------------
Linha 5:0 mismatched input 'end' expecting {'FALSE', 'TRUE', CTE, '~', '(', ID, CADEIA}
------ERRO-----------------------------
]]></system-out>
  </testcase>
  <testcase name="rejectsInvalidScripts(String)[2]" classname="com.inm.ProgramParserTest" time="0.014">
    <system-out><![CDATA[file:/C:/Users/Yuri/Projetos/compiler/target/classes/scripts/invalid/if-sem-then.prog
Token: program    | Tipo: PROGRAM    | Atributo: -
Token: ifsemthen  | Tipo: ID         | Atributo: ifsemthen
Token: ;          | Tipo: PVIG       | Atributo: -
Token: var        | Tipo: VAR        | Atributo: -
Token: x          | Tipo: ID         | Atributo: x
Token: :          | Tipo: DPONTOS    | Atributo: -
Token: integer    | Tipo: INTEGER    | Atributo: -
Token: ;          | Tipo: PVIG       | Atributo: -
Token: begin      | Tipo: BEGIN      | Atributo: -
Token: x          | Tipo: ID         | Atributo: x
Token: :=         | Tipo: ATRIB      | Atributo: -
Token: 1          | Tipo: CTE        | Atributo: 1
Token: ;          | Tipo: PVIG       | Atributo: -
Token: if         | Tipo: IF         | Atributo: -
Token: x          | Tipo: ID         | Atributo: x
Token: >          | Tipo: OPREL      | Atributo: MAIOR
Token: 0          | Tipo: CTE        | Atributo: 0
Token: begin      | Tipo: BEGIN      | Atributo: -
Token: write      | Tipo: WRITE      | Atributo: -
Token: (          | Tipo: ABPAR      | Atributo: -
Token: "then não fornecido" | Tipo: CADEIA     | Atributo: then não fornecido
Token: )          | Tipo: FPAR       | Atributo: -
Token: end        | Tipo: END        | Atributo: -
Token: end        | Tipo: END        | Atributo: -
Token: .          | Tipo: PONTO      | Atributo: -
------ERRO-----------------------------
Linha 6:4 missing 'THEN' at 'begin'
------ERRO-----------------------------
------ERRO-----------------------------
Linha 8:4 missing ';' at 'end'
------ERRO-----------------------------
------ERRO-----------------------------
Linha 9:0 missing ';' at 'end'
------ERRO-----------------------------
]]></system-out>
  </testcase>
  <testcase name="rejectsInvalidScripts(String)[3]" classname="com.inm.ProgramParserTest" time="0.007">
    <system-out><![CDATA[file:/C:/Users/Yuri/Projetos/compiler/target/classes/scripts/invalid/read-sem-pars.prog
Token: program    | Tipo: PROGRAM    | Atributo: -
Token: readsempars | Tipo: ID         | Atributo: readsempars
Token: ;          | Tipo: PVIG       | Atributo: -
Token: var        | Tipo: VAR        | Atributo: -
Token: x          | Tipo: ID         | Atributo: x
Token: :          | Tipo: DPONTOS    | Atributo: -
Token: integer    | Tipo: INTEGER    | Atributo: -
Token: ;          | Tipo: PVIG       | Atributo: -
Token: begin      | Tipo: BEGIN      | Atributo: -
Token: read       | Tipo: READ       | Atributo: -
Token: x          | Tipo: ID         | Atributo: x
Token: end        | Tipo: END        | Atributo: -
Token: .          | Tipo: PONTO      | Atributo: -
------ERRO-----------------------------
Linha 4:9 missing '(' at 'x'
------ERRO-----------------------------
------ERRO-----------------------------
Linha 5:0 mismatched input 'end' expecting {',', ')'}
------ERRO-----------------------------
]]></system-out>
  </testcase>
  <testcase name="rejectsInvalidScripts(String)[4]" classname="com.inm.ProgramParserTest" time="0.005">
    <system-out><![CDATA[file:/C:/Users/Yuri/Projetos/compiler/target/classes/scripts/invalid/sem-begin.prog
Token: program    | Tipo: PROGRAM    | Atributo: -
Token: sembegin   | Tipo: ID         | Atributo: sembegin
Token: ;          | Tipo: PVIG       | Atributo: -
Token: var        | Tipo: VAR        | Atributo: -
Token: x          | Tipo: ID         | Atributo: x
Token: :          | Tipo: DPONTOS    | Atributo: -
Token: integer    | Tipo: INTEGER    | Atributo: -
Token: ;          | Tipo: PVIG       | Atributo: -
Token: x          | Tipo: ID         | Atributo: x
Token: :=         | Tipo: ATRIB      | Atributo: -
Token: 1          | Tipo: CTE        | Atributo: 1
Token: ;          | Tipo: PVIG       | Atributo: -
Token: write      | Tipo: WRITE      | Atributo: -
Token: (          | Tipo: ABPAR      | Atributo: -
Token: "sem começo" | Tipo: CADEIA     | Atributo: sem começo
Token: )          | Tipo: FPAR       | Atributo: -
Token: end        | Tipo: END        | Atributo: -
Token: .          | Tipo: PONTO      | Atributo: -
------ERRO-----------------------------
Linha 4:6 mismatched input ':=' expecting {':', ','}
------ERRO-----------------------------
]]></system-out>
  </testcase>
  <testcase name="rejectsInvalidScripts(String)[5]" classname="com.inm.ProgramParserTest" time="0.004">
    <system-out><![CDATA[file:/C:/Users/Yuri/Projetos/compiler/target/classes/scripts/invalid/sem-ponto.prog
Token: program    | Tipo: PROGRAM    | Atributo: -
Token: semponto   | Tipo: ID         | Atributo: semponto
Token: ;          | Tipo: PVIG       | Atributo: -
Token: begin      | Tipo: BEGIN      | Atributo: -
Token: write      | Tipo: WRITE      | Atributo: -
Token: (          | Tipo: ABPAR      | Atributo: -
Token: "ponto final faltando" | Tipo: CADEIA     | Atributo: ponto final faltando
Token: )          | Tipo: FPAR       | Atributo: -
Token: end        | Tipo: END        | Atributo: -
------ERRO-----------------------------
Linha 4:0 missing ';' at 'end'
------ERRO-----------------------------
------ERRO-----------------------------
Linha 4:3 missing '.' at '<EOF>'
------ERRO-----------------------------
]]></system-out>
  </testcase>
  <testcase name="rejectsInvalidScripts(String)[6]" classname="com.inm.ProgramParserTest" time="0.005">
    <system-out><![CDATA[file:/C:/Users/Yuri/Projetos/compiler/target/classes/scripts/invalid/sem-pvig.prog
Token: program    | Tipo: PROGRAM    | Atributo: -
Token: sempvig    | Tipo: ID         | Atributo: sempvig
Token: ;          | Tipo: PVIG       | Atributo: -
Token: var        | Tipo: VAR        | Atributo: -
Token: x          | Tipo: ID         | Atributo: x
Token: :          | Tipo: DPONTOS    | Atributo: -
Token: integer    | Tipo: INTEGER    | Atributo: -
Token: ;          | Tipo: PVIG       | Atributo: -
Token: begin      | Tipo: BEGIN      | Atributo: -
Token: x          | Tipo: ID         | Atributo: x
Token: :=         | Tipo: ATRIB      | Atributo: -
Token: 1          | Tipo: CTE        | Atributo: 1
Token: x          | Tipo: ID         | Atributo: x
Token: :=         | Tipo: ATRIB      | Atributo: -
Token: 2          | Tipo: CTE        | Atributo: 2
Token: end        | Tipo: END        | Atributo: -
Token: .          | Tipo: PONTO      | Atributo: -
------ERRO-----------------------------
Linha 5:4 missing ';' at 'x'
------ERRO-----------------------------
------ERRO-----------------------------
Linha 6:0 missing ';' at 'end'
------ERRO-----------------------------
]]></system-out>
  </testcase>
  <testcase name="rejectsInvalidScripts(String)[7]" classname="com.inm.ProgramParserTest" time="0.005">
    <system-out><![CDATA[file:/C:/Users/Yuri/Projetos/compiler/target/classes/scripts/invalid/tipo-invalido.prog
Token: program    | Tipo: PROGRAM    | Atributo: -
Token: tipoinvalido | Tipo: ID         | Atributo: tipoinvalido
Token: ;          | Tipo: PVIG       | Atributo: -
Token: var        | Tipo: VAR        | Atributo: -
Token: x          | Tipo: ID         | Atributo: x
Token: :          | Tipo: DPONTOS    | Atributo: -
Token: real       | Tipo: ID         | Atributo: real
Token: ;          | Tipo: PVIG       | Atributo: -
Token: begin      | Tipo: BEGIN      | Atributo: -
Token: write      | Tipo: WRITE      | Atributo: -
Token: (          | Tipo: ABPAR      | Atributo: -
Token: "tipo real não existe" | Tipo: CADEIA     | Atributo: tipo real não existe
Token: )          | Tipo: FPAR       | Atributo: -
Token: end        | Tipo: END        | Atributo: -
Token: .          | Tipo: PONTO      | Atributo: -
------ERRO-----------------------------
Linha 2:8 mismatched input 'real' expecting {':', ','}
------ERRO-----------------------------
------ERRO-----------------------------
Linha 5:0 missing ';' at 'end'
------ERRO-----------------------------
]]></system-out>
  </testcase>
  <testcase name="rejectsInvalidScripts(String)[8]" classname="com.inm.ProgramParserTest" time="0.003">
    <system-out><![CDATA[file:/C:/Users/Yuri/Projetos/compiler/target/classes/scripts/invalid/var-sem-tipo.prog
Token: program    | Tipo: PROGRAM    | Atributo: -
Token: varsemtipo | Tipo: ID         | Atributo: varsemtipo
Token: ;          | Tipo: PVIG       | Atributo: -
Token: var        | Tipo: VAR        | Atributo: -
Token: x          | Tipo: ID         | Atributo: x
Token: :          | Tipo: DPONTOS    | Atributo: -
Token: ;          | Tipo: PVIG       | Atributo: -
Token: begin      | Tipo: BEGIN      | Atributo: -
Token: write      | Tipo: WRITE      | Atributo: -
Token: (          | Tipo: ABPAR      | Atributo: -
Token: "var declarada sem tipo" | Tipo: CADEIA     | Atributo: var declarada sem tipo
Token: )          | Tipo: FPAR       | Atributo: -
Token: end        | Tipo: END        | Atributo: -
Token: .          | Tipo: PONTO      | Atributo: -
------ERRO-----------------------------
Linha 2:7 missing {'INTEGER', 'BOOLEAN', 'STRING'} at ';'
------ERRO-----------------------------
------ERRO-----------------------------
Linha 5:0 missing ';' at 'end'
------ERRO-----------------------------
]]></system-out>
  </testcase>
  <testcase name="rejectsInvalidScripts(String)[9]" classname="com.inm.ProgramParserTest" time="0.005">
    <system-out><![CDATA[file:/C:/Users/Yuri/Projetos/compiler/target/classes/scripts/invalid/while-sem-do.prog
Token: program    | Tipo: PROGRAM    | Atributo: -
Token: whilesemdo | Tipo: ID         | Atributo: whilesemdo
Token: ;          | Tipo: PVIG       | Atributo: -
Token: var        | Tipo: VAR        | Atributo: -
Token: x          | Tipo: ID         | Atributo: x
Token: :          | Tipo: DPONTOS    | Atributo: -
Token: integer    | Tipo: INTEGER    | Atributo: -
Token: ;          | Tipo: PVIG       | Atributo: -
Token: begin      | Tipo: BEGIN      | Atributo: -
Token: x          | Tipo: ID         | Atributo: x
Token: :=         | Tipo: ATRIB      | Atributo: -
Token: 0          | Tipo: CTE        | Atributo: 0
Token: ;          | Tipo: PVIG       | Atributo: -
Token: while      | Tipo: WHILE      | Atributo: -
Token: x          | Tipo: ID         | Atributo: x
Token: <          | Tipo: OPREL      | Atributo: MENOR
Token: 10         | Tipo: CTE        | Atributo: 10
Token: begin      | Tipo: BEGIN      | Atributo: -
Token: x          | Tipo: ID         | Atributo: x
Token: :=         | Tipo: ATRIB      | Atributo: -
Token: x          | Tipo: ID         | Atributo: x
Token: +          | Tipo: OPAD       | Atributo: MAIS
Token: 1          | Tipo: CTE        | Atributo: 1
Token: end        | Tipo: END        | Atributo: -
Token: end        | Tipo: END        | Atributo: -
Token: .          | Tipo: PONTO      | Atributo: -
------ERRO-----------------------------
Linha 6:4 missing 'DO' at 'begin'
------ERRO-----------------------------
------ERRO-----------------------------
Linha 8:4 missing ';' at 'end'
------ERRO-----------------------------
------ERRO-----------------------------
Linha 9:0 missing ';' at 'end'
------ERRO-----------------------------
]]></system-out>
  </testcase>
  <testcase name="rejectsInvalidScripts(String)[10]" classname="com.inm.ProgramParserTest" time="0.005">
    <system-out><![CDATA[file:/C:/Users/Yuri/Projetos/compiler/target/classes/scripts/invalid/id-reservado.prog
Token: program    | Tipo: PROGRAM    | Atributo: -
Token: idreservado | Tipo: ID         | Atributo: idreservado
Token: ;          | Tipo: PVIG       | Atributo: -
Token: var        | Tipo: VAR        | Atributo: -
Token: while      | Tipo: WHILE      | Atributo: -
Token: :          | Tipo: DPONTOS    | Atributo: -
Token: integer    | Tipo: INTEGER    | Atributo: -
Token: ;          | Tipo: PVIG       | Atributo: -
Token: begin      | Tipo: BEGIN      | Atributo: -
Token: x          | Tipo: ID         | Atributo: x
Token: :=         | Tipo: ATRIB      | Atributo: -
Token: 20         | Tipo: CTE        | Atributo: 20
Token: ;          | Tipo: PVIG       | Atributo: -
Token: x          | Tipo: ID         | Atributo: x
Token: :=         | Tipo: ATRIB      | Atributo: -
Token: 2          | Tipo: CTE        | Atributo: 2
Token: end        | Tipo: END        | Atributo: -
Token: .          | Tipo: PONTO      | Atributo: -
------ERRO-----------------------------
Linha 2:4 mismatched input 'while' expecting ID
------ERRO-----------------------------
------ERRO-----------------------------
Linha 6:0 missing ';' at 'end'
------ERRO-----------------------------
]]></system-out>
  </testcase>
  <testcase name="rejectsEmptyScript" classname="com.inm.ProgramParserTest" time="0.002">
    <system-out><![CDATA[------ERRO-----------------------------
Linha 1:0 mismatched input '<EOF>' expecting 'PROGRAM'
------ERRO-----------------------------
]]></system-out>
  </testcase>
  <testcase name="acceptsValidScripts(String)[1]" classname="com.inm.ProgramParserTest" time="0.007">
    <system-out><![CDATA[file:/C:/Users/Yuri/Projetos/compiler/target/classes/scripts/valid/atribuicao.prog
Token: program    | Tipo: PROGRAM    | Atributo: -
Token: atribuicao | Tipo: ID         | Atributo: atribuicao
Token: ;          | Tipo: PVIG       | Atributo: -
Token: var        | Tipo: VAR        | Atributo: -
Token: variavel   | Tipo: ID         | Atributo: variavel
Token: :          | Tipo: DPONTOS    | Atributo: -
Token: integer    | Tipo: INTEGER    | Atributo: -
Token: ;          | Tipo: PVIG       | Atributo: -
Token: begin      | Tipo: BEGIN      | Atributo: -
Token: variavel   | Tipo: ID         | Atributo: variavel
Token: :=         | Tipo: ATRIB      | Atributo: -
Token: 2          | Tipo: CTE        | Atributo: 2
Token: ;          | Tipo: PVIG       | Atributo: -
Token: write      | Tipo: WRITE      | Atributo: -
Token: (          | Tipo: ABPAR      | Atributo: -
Token: variavel   | Tipo: ID         | Atributo: variavel
Token: )          | Tipo: FPAR       | Atributo: -
Token: ;          | Tipo: PVIG       | Atributo: -
Token: end        | Tipo: END        | Atributo: -
Token: .          | Tipo: PONTO      | Atributo: -
]]></system-out>
  </testcase>
  <testcase name="acceptsValidScripts(String)[2]" classname="com.inm.ProgramParserTest" time="0.006">
    <system-out><![CDATA[file:/C:/Users/Yuri/Projetos/compiler/target/classes/scripts/valid/comentario-e-div.prog
Token: program    | Tipo: PROGRAM    | Atributo: -
Token: comentarioEDiv | Tipo: ID         | Atributo: comentarioEDiv
Token: ;          | Tipo: PVIG       | Atributo: -
Token: var        | Tipo: VAR        | Atributo: -
Token: div        | Tipo: ID         | Atributo: div
Token: :          | Tipo: DPONTOS    | Atributo: -
Token: integer    | Tipo: INTEGER    | Atributo: -
Token: ;          | Tipo: PVIG       | Atributo: -
Token: begin      | Tipo: BEGIN      | Atributo: -
Token: div        | Tipo: ID         | Atributo: div
Token: :=         | Tipo: ATRIB      | Atributo: -
Token: 2          | Tipo: CTE        | Atributo: 2
Token: /          | Tipo: OPMULT     | Atributo: DIV
Token: 2          | Tipo: CTE        | Atributo: 2
Token: ;          | Tipo: PVIG       | Atributo: -
Token: end        | Tipo: END        | Atributo: -
Token: .          | Tipo: PONTO      | Atributo: -
]]></system-out>
  </testcase>
  <testcase name="acceptsValidScripts(String)[3]" classname="com.inm.ProgramParserTest" time="0.006">
    <system-out><![CDATA[file:/C:/Users/Yuri/Projetos/compiler/target/classes/scripts/valid/dangling-else.prog
Token: program    | Tipo: PROGRAM    | Atributo: -
Token: danglingelse | Tipo: ID         | Atributo: danglingelse
Token: ;          | Tipo: PVIG       | Atributo: -
Token: var        | Tipo: VAR        | Atributo: -
Token: x          | Tipo: ID         | Atributo: x
Token: ,          | Tipo: VIG        | Atributo: -
Token: y          | Tipo: ID         | Atributo: y
Token: :          | Tipo: DPONTOS    | Atributo: -
Token: integer    | Tipo: INTEGER    | Atributo: -
Token: ;          | Tipo: PVIG       | Atributo: -
Token: begin      | Tipo: BEGIN      | Atributo: -
Token: x          | Tipo: ID         | Atributo: x
Token: :=         | Tipo: ATRIB      | Atributo: -
Token: 1          | Tipo: CTE        | Atributo: 1
Token: ;          | Tipo: PVIG       | Atributo: -
Token: y          | Tipo: ID         | Atributo: y
Token: :=         | Tipo: ATRIB      | Atributo: -
Token: 1          | Tipo: CTE        | Atributo: 1
Token: ;          | Tipo: PVIG       | Atributo: -
Token: if         | Tipo: IF         | Atributo: -
Token: x          | Tipo: ID         | Atributo: x
Token: ==         | Tipo: OPREL      | Atributo: IGUAL
Token: 1          | Tipo: CTE        | Atributo: 1
Token: then       | Tipo: THEN       | Atributo: -
Token: begin      | Tipo: BEGIN      | Atributo: -
Token: if         | Tipo: IF         | Atributo: -
Token: y          | Tipo: ID         | Atributo: y
Token: ==         | Tipo: OPREL      | Atributo: IGUAL
Token: 2          | Tipo: CTE        | Atributo: 2
Token: then       | Tipo: THEN       | Atributo: -
Token: begin      | Tipo: BEGIN      | Atributo: -
Token: write      | Tipo: WRITE      | Atributo: -
Token: (          | Tipo: ABPAR      | Atributo: -
Token: "se"       | Tipo: CADEIA     | Atributo: se
Token: )          | Tipo: FPAR       | Atributo: -
Token: ;          | Tipo: PVIG       | Atributo: -
Token: end        | Tipo: END        | Atributo: -
Token: ;          | Tipo: PVIG       | Atributo: -
Token: end        | Tipo: END        | Atributo: -
Token: else       | Tipo: ELSE       | Atributo: -
Token: begin      | Tipo: BEGIN      | Atributo: -
Token: write      | Tipo: WRITE      | Atributo: -
Token: (          | Tipo: ABPAR      | Atributo: -
Token: "nao"      | Tipo: CADEIA     | Atributo: nao
Token: )          | Tipo: FPAR       | Atributo: -
Token: ;          | Tipo: PVIG       | Atributo: -
Token: end        | Tipo: END        | Atributo: -
Token: ;          | Tipo: PVIG       | Atributo: -
Token: end        | Tipo: END        | Atributo: -
Token: .          | Tipo: PONTO      | Atributo: -
]]></system-out>
  </testcase>
  <testcase name="acceptsValidScripts(String)[4]" classname="com.inm.ProgramParserTest" time="0.004">
    <system-out><![CDATA[file:/C:/Users/Yuri/Projetos/compiler/target/classes/scripts/valid/escreve-teste.prog
Token: program    | Tipo: PROGRAM    | Atributo: -
Token: EscreveTeste | Tipo: ID         | Atributo: EscreveTeste
Token: ;          | Tipo: PVIG       | Atributo: -
Token: begin      | Tipo: BEGIN      | Atributo: -
Token: write      | Tipo: WRITE      | Atributo: -
Token: (          | Tipo: ABPAR      | Atributo: -
Token: "teste"    | Tipo: CADEIA     | Atributo: teste
Token: )          | Tipo: FPAR       | Atributo: -
Token: ;          | Tipo: PVIG       | Atributo: -
Token: end        | Tipo: END        | Atributo: -
Token: .          | Tipo: PONTO      | Atributo: -
]]></system-out>
  </testcase>
  <testcase name="acceptsValidScripts(String)[5]" classname="com.inm.ProgramParserTest" time="0.004">
    <system-out><![CDATA[file:/C:/Users/Yuri/Projetos/compiler/target/classes/scripts/valid/expr-ari.prog
Token: program    | Tipo: PROGRAM    | Atributo: -
Token: exprAri    | Tipo: ID         | Atributo: exprAri
Token: ;          | Tipo: PVIG       | Atributo: -
Token: var        | Tipo: VAR        | Atributo: -
Token: x          | Tipo: ID         | Atributo: x
Token: ,          | Tipo: VIG        | Atributo: -
Token: y          | Tipo: ID         | Atributo: y
Token: ,          | Tipo: VIG        | Atributo: -
Token: z          | Tipo: ID         | Atributo: z
Token: :          | Tipo: DPONTOS    | Atributo: -
Token: integer    | Tipo: INTEGER    | Atributo: -
Token: ;          | Tipo: PVIG       | Atributo: -
Token: begin      | Tipo: BEGIN      | Atributo: -
Token: x          | Tipo: ID         | Atributo: x
Token: :=         | Tipo: ATRIB      | Atributo: -
Token: 10         | Tipo: CTE        | Atributo: 10
Token: ;          | Tipo: PVIG       | Atributo: -
Token: y          | Tipo: ID         | Atributo: y
Token: :=         | Tipo: ATRIB      | Atributo: -
Token: 3          | Tipo: CTE        | Atributo: 3
Token: ;          | Tipo: PVIG       | Atributo: -
Token: z          | Tipo: ID         | Atributo: z
Token: :=         | Tipo: ATRIB      | Atributo: -
Token: x          | Tipo: ID         | Atributo: x
Token: +          | Tipo: OPAD       | Atributo: MAIS
Token: y          | Tipo: ID         | Atributo: y
Token: *          | Tipo: OPMULT     | Atributo: VEZES
Token: 2          | Tipo: CTE        | Atributo: 2
Token: -          | Tipo: OPAD       | Atributo: MENOS
Token: 1          | Tipo: CTE        | Atributo: 1
Token: ;          | Tipo: PVIG       | Atributo: -
Token: end        | Tipo: END        | Atributo: -
Token: .          | Tipo: PONTO      | Atributo: -
]]></system-out>
  </testcase>
  <testcase name="acceptsValidScripts(String)[6]" classname="com.inm.ProgramParserTest" time="0.003">
    <system-out><![CDATA[file:/C:/Users/Yuri/Projetos/compiler/target/classes/scripts/valid/nome-identificador.prog
Token: program    | Tipo: PROGRAM    | Atributo: -
Token: nomeIdentificado | Tipo: ID         | Atributo: nomeIdentificado
Token: ;          | Tipo: PVIG       | Atributo: -
Token: var        | Tipo: VAR        | Atributo: -
Token: variavelasdae32e | Tipo: ID         | Atributo: variavelasdae32e
Token: :          | Tipo: DPONTOS    | Atributo: -
Token: integer    | Tipo: INTEGER    | Atributo: -
Token: ;          | Tipo: PVIG       | Atributo: -
Token: begin      | Tipo: BEGIN      | Atributo: -
Token: variavelasdae32e | Tipo: ID         | Atributo: variavelasdae32e
Token: :=         | Tipo: ATRIB      | Atributo: -
Token: 2          | Tipo: CTE        | Atributo: 2
Token: ;          | Tipo: PVIG       | Atributo: -
Token: write      | Tipo: WRITE      | Atributo: -
Token: (          | Tipo: ABPAR      | Atributo: -
Token: variavelasdae32e | Tipo: ID         | Atributo: variavelasdae32e
Token: )          | Tipo: FPAR       | Atributo: -
Token: ;          | Tipo: PVIG       | Atributo: -
Token: end        | Tipo: END        | Atributo: -
Token: .          | Tipo: PONTO      | Atributo: -
]]></system-out>
  </testcase>
  <testcase name="acceptsValidScripts(String)[7]" classname="com.inm.ProgramParserTest" time="0.004">
    <system-out><![CDATA[file:/C:/Users/Yuri/Projetos/compiler/target/classes/scripts/valid/variaveis.prog
Token: program    | Tipo: PROGRAM    | Atributo: -
Token: variaveis  | Tipo: ID         | Atributo: variaveis
Token: ;          | Tipo: PVIG       | Atributo: -
Token: var        | Tipo: VAR        | Atributo: -
Token: x          | Tipo: ID         | Atributo: x
Token: ,          | Tipo: VIG        | Atributo: -
Token: y          | Tipo: ID         | Atributo: y
Token: :          | Tipo: DPONTOS    | Atributo: -
Token: integer    | Tipo: INTEGER    | Atributo: -
Token: ;          | Tipo: PVIG       | Atributo: -
Token: z          | Tipo: ID         | Atributo: z
Token: :          | Tipo: DPONTOS    | Atributo: -
Token: sTrInG     | Tipo: STRING     | Atributo: -
Token: ;          | Tipo: PVIG       | Atributo: -
Token: begin      | Tipo: BEGIN      | Atributo: -
Token: write      | Tipo: WRITE      | Atributo: -
Token: (          | Tipo: ABPAR      | Atributo: -
Token: x          | Tipo: ID         | Atributo: x
Token: )          | Tipo: FPAR       | Atributo: -
Token: ;          | Tipo: PVIG       | Atributo: -
Token: write      | Tipo: WRITE      | Atributo: -
Token: (          | Tipo: ABPAR      | Atributo: -
Token: y          | Tipo: ID         | Atributo: y
Token: )          | Tipo: FPAR       | Atributo: -
Token: ;          | Tipo: PVIG       | Atributo: -
Token: read       | Tipo: READ       | Atributo: -
Token: (          | Tipo: ABPAR      | Atributo: -
Token: z          | Tipo: ID         | Atributo: z
Token: )          | Tipo: FPAR       | Atributo: -
Token: ;          | Tipo: PVIG       | Atributo: -
Token: end        | Tipo: END        | Atributo: -
Token: .          | Tipo: PONTO      | Atributo: -
]]></system-out>
  </testcase>
  <testcase name="acceptsValidScripts(String)[8]" classname="com.inm.ProgramParserTest" time="0.004">
    <system-out><![CDATA[file:/C:/Users/Yuri/Projetos/compiler/target/classes/scripts/valid/while-script.prog
Token: program    | Tipo: PROGRAM    | Atributo: -
Token: whilescript | Tipo: ID         | Atributo: whilescript
Token: ;          | Tipo: PVIG       | Atributo: -
Token: var        | Tipo: VAR        | Atributo: -
Token: id         | Tipo: ID         | Atributo: id
Token: :          | Tipo: DPONTOS    | Atributo: -
Token: integer    | Tipo: INTEGER    | Atributo: -
Token: ;          | Tipo: PVIG       | Atributo: -
Token: begin      | Tipo: BEGIN      | Atributo: -
Token: id         | Tipo: ID         | Atributo: id
Token: :=         | Tipo: ATRIB      | Atributo: -
Token: 0          | Tipo: CTE        | Atributo: 0
Token: ;          | Tipo: PVIG       | Atributo: -
Token: while      | Tipo: WHILE      | Atributo: -
Token: id         | Tipo: ID         | Atributo: id
Token: <          | Tipo: OPREL      | Atributo: MENOR
Token: 10         | Tipo: CTE        | Atributo: 10
Token: do         | Tipo: DO         | Atributo: -
Token: begin      | Tipo: BEGIN      | Atributo: -
Token: id         | Tipo: ID         | Atributo: id
Token: :=         | Tipo: ATRIB      | Atributo: -
Token: i          | Tipo: ID         | Atributo: i
Token: +          | Tipo: OPAD       | Atributo: MAIS
Token: 1          | Tipo: CTE        | Atributo: 1
Token: ;          | Tipo: PVIG       | Atributo: -
Token: id         | Tipo: ID         | Atributo: id
Token: :=         | Tipo: ATRIB      | Atributo: -
Token: 2          | Tipo: CTE        | Atributo: 2
Token: ;          | Tipo: PVIG       | Atributo: -
Token: end        | Tipo: END        | Atributo: -
Token: ;          | Tipo: PVIG       | Atributo: -
Token: end        | Tipo: END        | Atributo: -
Token: .          | Tipo: PONTO      | Atributo: -
]]></system-out>
  </testcase>
  <testcase name="acceptsValidScripts(String)[9]" classname="com.inm.ProgramParserTest" time="0.004">
    <system-out><![CDATA[file:/C:/Users/Yuri/Projetos/compiler/target/classes/scripts/valid/condicional.prog
Token: program    | Tipo: PROGRAM    | Atributo: -
Token: condicional | Tipo: ID         | Atributo: condicional
Token: ;          | Tipo: PVIG       | Atributo: -
Token: var        | Tipo: VAR        | Atributo: -
Token: x          | Tipo: ID         | Atributo: x
Token: :          | Tipo: DPONTOS    | Atributo: -
Token: integer    | Tipo: INTEGER    | Atributo: -
Token: ;          | Tipo: PVIG       | Atributo: -
Token: begin      | Tipo: BEGIN      | Atributo: -
Token: x          | Tipo: ID         | Atributo: x
Token: :=         | Tipo: ATRIB      | Atributo: -
Token: 5          | Tipo: CTE        | Atributo: 5
Token: ;          | Tipo: PVIG       | Atributo: -
Token: if         | Tipo: IF         | Atributo: -
Token: x          | Tipo: ID         | Atributo: x
Token: >          | Tipo: OPREL      | Atributo: MAIOR
Token: 3          | Tipo: CTE        | Atributo: 3
Token: then       | Tipo: THEN       | Atributo: -
Token: begin      | Tipo: BEGIN      | Atributo: -
Token: write      | Tipo: WRITE      | Atributo: -
Token: (          | Tipo: ABPAR      | Atributo: -
Token: "maior"    | Tipo: CADEIA     | Atributo: maior
Token: )          | Tipo: FPAR       | Atributo: -
Token: ;          | Tipo: PVIG       | Atributo: -
Token: write      | Tipo: WRITE      | Atributo: -
Token: (          | Tipo: ABPAR      | Atributo: -
Token: "dois"     | Tipo: CADEIA     | Atributo: dois
Token: )          | Tipo: FPAR       | Atributo: -
Token: ;          | Tipo: PVIG       | Atributo: -
Token: end        | Tipo: END        | Atributo: -
Token: else       | Tipo: ELSE       | Atributo: -
Token: begin      | Tipo: BEGIN      | Atributo: -
Token: write      | Tipo: WRITE      | Atributo: -
Token: (          | Tipo: ABPAR      | Atributo: -
Token: "menor"    | Tipo: CADEIA     | Atributo: menor
Token: )          | Tipo: FPAR       | Atributo: -
Token: ;          | Tipo: PVIG       | Atributo: -
Token: end        | Tipo: END        | Atributo: -
Token: ;          | Tipo: PVIG       | Atributo: -
Token: end        | Tipo: END        | Atributo: -
Token: .          | Tipo: PONTO      | Atributo: -
]]></system-out>
  </testcase>
  <testcase name="acceptsValidScripts(String)[10]" classname="com.inm.ProgramParserTest" time="0.01">
    <system-out><![CDATA[file:/C:/Users/Yuri/Projetos/compiler/target/classes/scripts/valid/if-aninhado.prog
Token: program    | Tipo: PROGRAM    | Atributo: -
Token: ifaninhado | Tipo: ID         | Atributo: ifaninhado
Token: ;          | Tipo: PVIG       | Atributo: -
Token: begin      | Tipo: BEGIN      | Atributo: -
Token: write      | Tipo: WRITE      | Atributo: -
Token: (          | Tipo: ABPAR      | Atributo: -
Token: "teste7"   | Tipo: CADEIA     | Atributo: teste7
Token: )          | Tipo: FPAR       | Atributo: -
Token: ;          | Tipo: PVIG       | Atributo: -
Token: if         | Tipo: IF         | Atributo: -
Token: 1          | Tipo: CTE        | Atributo: 1
Token: then       | Tipo: THEN       | Atributo: -
Token: begin      | Tipo: BEGIN      | Atributo: -
Token: write      | Tipo: WRITE      | Atributo: -
Token: (          | Tipo: ABPAR      | Atributo: -
Token: "teste5"   | Tipo: CADEIA     | Atributo: teste5
Token: )          | Tipo: FPAR       | Atributo: -
Token: ;          | Tipo: PVIG       | Atributo: -
Token: if         | Tipo: IF         | Atributo: -
Token: 2          | Tipo: CTE        | Atributo: 2
Token: then       | Tipo: THEN       | Atributo: -
Token: begin      | Tipo: BEGIN      | Atributo: -
Token: write      | Tipo: WRITE      | Atributo: -
Token: (          | Tipo: ABPAR      | Atributo: -
Token: "teste3"   | Tipo: CADEIA     | Atributo: teste3
Token: )          | Tipo: FPAR       | Atributo: -
Token: ;          | Tipo: PVIG       | Atributo: -
Token: if         | Tipo: IF         | Atributo: -
Token: 3          | Tipo: CTE        | Atributo: 3
Token: then       | Tipo: THEN       | Atributo: -
Token: begin      | Tipo: BEGIN      | Atributo: -
Token: write      | Tipo: WRITE      | Atributo: -
Token: (          | Tipo: ABPAR      | Atributo: -
Token: "teste1"   | Tipo: CADEIA     | Atributo: teste1
Token: )          | Tipo: FPAR       | Atributo: -
Token: ;          | Tipo: PVIG       | Atributo: -
Token: write      | Tipo: WRITE      | Atributo: -
Token: (          | Tipo: ABPAR      | Atributo: -
Token: "teste2"   | Tipo: CADEIA     | Atributo: teste2
Token: )          | Tipo: FPAR       | Atributo: -
Token: ;          | Tipo: PVIG       | Atributo: -
Token: end        | Tipo: END        | Atributo: -
Token: ;          | Tipo: PVIG       | Atributo: -
Token: write      | Tipo: WRITE      | Atributo: -
Token: (          | Tipo: ABPAR      | Atributo: -
Token: "teste4"   | Tipo: CADEIA     | Atributo: teste4
Token: )          | Tipo: FPAR       | Atributo: -
Token: ;          | Tipo: PVIG       | Atributo: -
Token: end        | Tipo: END        | Atributo: -
Token: ;          | Tipo: PVIG       | Atributo: -
Token: write      | Tipo: WRITE      | Atributo: -
Token: (          | Tipo: ABPAR      | Atributo: -
Token: "teste6"   | Tipo: CADEIA     | Atributo: teste6
Token: )          | Tipo: FPAR       | Atributo: -
Token: ;          | Tipo: PVIG       | Atributo: -
Token: end        | Tipo: END        | Atributo: -
Token: ;          | Tipo: PVIG       | Atributo: -
Token: write      | Tipo: WRITE      | Atributo: -
Token: (          | Tipo: ABPAR      | Atributo: -
Token: "teste8"   | Tipo: CADEIA     | Atributo: teste8
Token: )          | Tipo: FPAR       | Atributo: -
Token: ;          | Tipo: PVIG       | Atributo: -
Token: end        | Tipo: END        | Atributo: -
Token: .          | Tipo: PONTO      | Atributo: -
]]></system-out>
  </testcase>
  <testcase name="acceptsValidScripts(String)[11]" classname="com.inm.ProgramParserTest" time="0.006">
    <system-out><![CDATA[file:/C:/Users/Yuri/Projetos/compiler/target/classes/scripts/valid/projeto-compiladores.prog
Token: PROGRAM    | Tipo: PROGRAM    | Atributo: -
Token: ProjetoCompilado | Tipo: ID         | Atributo: ProjetoCompilado
Token: ;          | Tipo: PVIG       | Atributo: -
Token: BEGIN      | Tipo: BEGIN      | Atributo: -
Token: VAR        | Tipo: VAR        | Atributo: -
Token: nota1      | Tipo: ID         | Atributo: nota1
Token: ,          | Tipo: VIG        | Atributo: -
Token: nota2      | Tipo: ID         | Atributo: nota2
Token: :          | Tipo: DPONTOS    | Atributo: -
Token: INTEGER    | Tipo: INTEGER    | Atributo: -
Token: ;          | Tipo: PVIG       | Atributo: -
Token: VAR        | Tipo: VAR        | Atributo: -
Token: resultado  | Tipo: ID         | Atributo: resultado
Token: :          | Tipo: DPONTOS    | Atributo: -
Token: STRING     | Tipo: STRING     | Atributo: -
Token: ;          | Tipo: PVIG       | Atributo: -
Token: READ       | Tipo: READ       | Atributo: -
Token: (          | Tipo: ABPAR      | Atributo: -
Token: nota1      | Tipo: ID         | Atributo: nota1
Token: )          | Tipo: FPAR       | Atributo: -
Token: ;          | Tipo: PVIG       | Atributo: -
Token: READ       | Tipo: READ       | Atributo: -
Token: (          | Tipo: ABPAR      | Atributo: -
Token: nota2      | Tipo: ID         | Atributo: nota2
Token: )          | Tipo: FPAR       | Atributo: -
Token: ;          | Tipo: PVIG       | Atributo: -
Token: VAR        | Tipo: VAR        | Atributo: -
Token: media      | Tipo: ID         | Atributo: media
Token: :          | Tipo: DPONTOS    | Atributo: -
Token: INTEGER    | Tipo: INTEGER    | Atributo: -
Token: ;          | Tipo: PVIG       | Atributo: -
Token: media      | Tipo: ID         | Atributo: media
Token: :=         | Tipo: ATRIB      | Atributo: -
Token: (          | Tipo: ABPAR      | Atributo: -
Token: nota1      | Tipo: ID         | Atributo: nota1
Token: +          | Tipo: OPAD       | Atributo: MAIS
Token: nota2      | Tipo: ID         | Atributo: nota2
Token: )          | Tipo: FPAR       | Atributo: -
Token: /          | Tipo: OPMULT     | Atributo: DIV
Token: 2          | Tipo: CTE        | Atributo: 2
Token: ;          | Tipo: PVIG       | Atributo: -
Token: VAR        | Tipo: VAR        | Atributo: -
Token: aprovado   | Tipo: ID         | Atributo: aprovado
Token: :          | Tipo: DPONTOS    | Atributo: -
Token: BOOLEAN    | Tipo: BOOLEAN    | Atributo: -
Token: ;          | Tipo: PVIG       | Atributo: -
Token: aprovado   | Tipo: ID         | Atributo: aprovado
Token: :=         | Tipo: ATRIB      | Atributo: -
Token: media      | Tipo: ID         | Atributo: media
Token: >=         | Tipo: OPREL      | Atributo: MAIG
Token: 7          | Tipo: CTE        | Atributo: 7
Token: ;          | Tipo: PVIG       | Atributo: -
Token: IF         | Tipo: IF         | Atributo: -
Token: aprovado   | Tipo: ID         | Atributo: aprovado
Token: THEN       | Tipo: THEN       | Atributo: -
Token: BEGIN      | Tipo: BEGIN      | Atributo: -
Token: resultado  | Tipo: ID         | Atributo: resultado
Token: :=         | Tipo: ATRIB      | Atributo: -
Token: "Aprovado" | Tipo: CADEIA     | Atributo: Aprovado
Token: ;          | Tipo: PVIG       | Atributo: -
Token: WRITE      | Tipo: WRITE      | Atributo: -
Token: (          | Tipo: ABPAR      | Atributo: -
Token: resultado  | Tipo: ID         | Atributo: resultado
Token: )          | Tipo: FPAR       | Atributo: -
Token: ;          | Tipo: PVIG       | Atributo: -
Token: END        | Tipo: END        | Atributo: -
Token: ELSE       | Tipo: ELSE       | Atributo: -
Token: BEGIN      | Tipo: BEGIN      | Atributo: -
Token: resultado  | Tipo: ID         | Atributo: resultado
Token: :=         | Tipo: ATRIB      | Atributo: -
Token: "Reprovado" | Tipo: CADEIA     | Atributo: Reprovado
Token: ;          | Tipo: PVIG       | Atributo: -
Token: WRITE      | Tipo: WRITE      | Atributo: -
Token: (          | Tipo: ABPAR      | Atributo: -
Token: resultado  | Tipo: ID         | Atributo: resultado
Token: )          | Tipo: FPAR       | Atributo: -
Token: ;          | Tipo: PVIG       | Atributo: -
Token: END        | Tipo: END        | Atributo: -
Token: ;          | Tipo: PVIG       | Atributo: -
Token: END        | Tipo: END        | Atributo: -
Token: .          | Tipo: PONTO      | Atributo: -
]]></system-out>
  </testcase>
</testsuite>