<?xml version="1.0" encoding="UTF-8"?>
<testsuite xmlns:xsi="http://www.w3.org/2001/XMLSchema-instance" xsi:noNamespaceSchemaLocation="https://maven.apache.org/surefire/maven-surefire-plugin/xsd/surefire-test-report.xsd" version="3.0.2" name="com.inm.PipelineTest" time="0.815" tests="37" errors="0" skipped="0" failures="0">
  <properties>
[...]
</properties>
  <testcase name="rejectsInvalidScripts(String)[1]" classname="com.inm.PipelineTest" time="0.125">
    <system-out><![CDATA[file:/C:/Users/Yuri/Projetos/compiler/target/classes/scripts/invalid/attr-sem-expr.prog

=== FASE 1: ANÁLISE LÉXICA E SINTÁTICA ===
Token: program    | Tipo: PROGRAM    | Atributo: -
Token: attrsemexpr | Tipo: ID         | Atributo: attrsemexpr
Token: ;          | Tipo: PVIG       | Atributo: -
Token: var        | Tipo: VAR        | Atributo: -
Token: x          | Tipo: ID         | Atributo: x
Token: :          | Tipo: DPONTOS    | Atributo: -
Token: integer    | Tipo: INTEGER    | Atributo: -
Token: ;          | Tipo: PVIG       | Atributo: -
Token: begin      | Tipo: BEGIN      | Atributo: -
Token: x          | Tipo: ID         | Atributo: x
Token: :=         | Tipo: ATRIB      | Atributo: -
Token: end        | Tipo: END        | Atributo: -
Token: .          | Tipo: PONTO      | Atributo: -
]]></system-out>
    <system-err><![CDATA[[ERRO LÉXICO/SINTÁTICO] 
------ERRO-----------------------------
Linha 5:0 mismatched input 'end' expecting {'FALSE', 'TRUE', CTE, '~', '(', ID, CADEIA}
------ERRO-----------------------------
]]></system-err>
  </testcase>
  <testcase name="rejectsInvalidScripts(String)[2]" classname="com.inm.PipelineTest" time="0.011">
    <system-out><![CDATA[file:/C:/Users/Yuri/Projetos/compiler/target/classes/scripts/invalid/if-sem-then.prog

=== FASE 1: ANÁLISE LÉXICA E SINTÁTICA ===
Token: program    | Tipo: PROGRAM    | Atributo: -
Token: ifsemthen  | Tipo: ID         | Atributo: ifsemthen
Token: ;          | Tipo: PVIG       | Atributo: -
Token: var        | Tipo: VAR        | Atributo: -
Token: x          | Tipo: ID         | Atributo: x
Token: :          | Tipo: DPONTOS    | Atributo: -
Token: integer    | Tipo: INTEGER    | Atributo: -
Token: ;          | Tipo: PVIG       | Atributo: -
Token: begin      | Tipo: BEGIN      | Atributo: -
Token: x          | Tipo: ID         | Atributo: x
Token: :=         | Tipo: ATRIB      | Atributo: -
Token: 1          | Tipo: CTE        | Atributo: 1
Token: ;          | Tipo: PVIG       | Atributo: -
Token: if         | Tipo: IF         | Atributo: -
Token: x          | Tipo: ID         | Atributo: x
Token: >          | Tipo: OPREL      | Atributo: MAIOR
Token: 0          | Tipo: CTE        | Atributo: 0
Token: begin      | Tipo: BEGIN      | Atributo: -
Token: write      | Tipo: WRITE      | Atributo: -
]]></system-out>
    <system-err><![CDATA[[ERRO LÉXICO/SINTÁTICO] 
------ERRO-----------------------------
Linha 6:4 missing 'THEN' at 'begin'
------ERRO-----------------------------
]]></system-err>
  </testcase>
  <testcase name="rejectsInvalidScripts(String)[3]" classname="com.inm.PipelineTest" time="0.005">
    <system-out><![CDATA[file:/C:/Users/Yuri/Projetos/compiler/target/classes/scripts/invalid/read-sem-pars.prog

=== FASE 1: ANÁLISE LÉXICA E SINTÁTICA ===
Token: program    | Tipo: PROGRAM    | Atributo: -
Token: readsempars | Tipo: ID         | Atributo: readsempars
Token: ;          | Tipo: PVIG       | Atributo: -
Token: var        | Tipo: VAR        | Atributo: -
Token: x          | Tipo: ID         | Atributo: x
Token: :          | Tipo: DPONTOS    | Atributo: -
Token: integer    | Tipo: INTEGER    | Atributo: -
Token: ;          | Tipo: PVIG       | Atributo: -
Token: begin      | Tipo: BEGIN      | Atributo: -
Token: read       | Tipo: READ       | Atributo: -
Token: x          | Tipo: ID         | Atributo: x
Token: end        | Tipo: END        | Atributo: -
]]></system-out>
    <system-err><![CDATA[[ERRO LÉXICO/SINTÁTICO] 
------ERRO-----------------------------
Linha 4:9 missing '(' at 'x'
------ERRO-----------------------------
]]></system-err>
  </testcase>
  <testcase name="rejectsInvalidScripts(String)[4]" classname="com.inm.PipelineTest" time="0.005">
    <system-out><![CDATA[file:/C:/Users/Yuri/Projetos/compiler/target/classes/scripts/invalid/sem-begin.prog

=== FASE 1: ANÁLISE LÉXICA E SINTÁTICA ===
Token: program    | Tipo: PROGRAM    | Atributo: -
Token: sembegin   | Tipo: ID         | Atributo: sembegin
Token: ;          | Tipo: PVIG       | Atributo: -
Token: var        | Tipo: VAR        | Atributo: -
Token: x          | Tipo: ID         | Atributo: x
Token: :          | Tipo: DPONTOS    | Atributo: -
Token: integer    | Tipo: INTEGER    | Atributo: -
Token: ;          | Tipo: PVIG       | Atributo: -
Token: x          | Tipo: ID         | Atributo: x
Token: :=         | Tipo: ATRIB      | Atributo: -
Token: 1          | Tipo: CTE        | Atributo: 1
]]></system-out>
    <system-err><![CDATA[[ERRO LÉXICO/SINTÁTICO] 
------ERRO-----------------------------
Linha 4:6 mismatched input ':=' expecting {':', ','}
------ERRO-----------------------------
]]></system-err>
  </testcase>
  <testcase name="rejectsInvalidScripts(String)[5]" classname="com.inm.PipelineTest" time="0.01">
    <system-out><![CDATA[file:/C:/Users/Yuri/Projetos/compiler/target/classes/scripts/invalid/sem-ponto.prog

=== FASE 1: ANÁLISE LÉXICA E SINTÁTICA ===
Token: program    | Tipo: PROGRAM    | Atributo: -
Token: semponto   | Tipo: ID         | Atributo: semponto
Token: ;          | Tipo: PVIG       | Atributo: -
Token: begin      | Tipo: BEGIN      | Atributo: -
Token: write      | Tipo: WRITE      | Atributo: -
Token: (          | Tipo: ABPAR      | Atributo: -
Token: "ponto final faltando" | Tipo: CADEIA     | Atributo: ponto final faltando
Token: )          | Tipo: FPAR       | Atributo: -
Token: end        | Tipo: END        | Atributo: -
]]></system-out>
    <system-err><![CDATA[[ERRO LÉXICO/SINTÁTICO] 
------ERRO-----------------------------
Linha 4:0 missing ';' at 'end'
------ERRO-----------------------------
]]></system-err>
  </testcase>
  <testcase name="rejectsInvalidScripts(String)[6]" classname="com.inm.PipelineTest" time="0.005">
    <system-out><![CDATA[file:/C:/Users/Yuri/Projetos/compiler/target/classes/scripts/invalid/sem-pvig.prog

=== FASE 1: ANÁLISE LÉXICA E SINTÁTICA ===
Token: program    | Tipo: PROGRAM    | Atributo: -
Token: sempvig    | Tipo: ID         | Atributo: sempvig
Token: ;          | Tipo: PVIG       | Atributo: -
Token: var        | Tipo: VAR        | Atributo: -
Token: x          | Tipo: ID         | Atributo: x
Token: :          | Tipo: DPONTOS    | Atributo: -
Token: integer    | Tipo: INTEGER    | Atributo: -
Token: ;          | Tipo: PVIG       | Atributo: -
Token: begin      | Tipo: BEGIN      | Atributo: -
Token: x          | Tipo: ID         | Atributo: x
Token: :=         | Tipo: ATRIB      | Atributo: -
Token: 1          | Tipo: CTE        | Atributo: 1
Token: x          | Tipo: ID         | Atributo: x
Token: :=         | Tipo: ATRIB      | Atributo: -
]]></system-out>
    <system-err><![CDATA[[ERRO LÉXICO/SINTÁTICO] 
------ERRO-----------------------------
Linha 5:4 missing ';' at 'x'
------ERRO-----------------------------
]]></system-err>
  </testcase>
  <testcase name="rejectsInvalidScripts(String)[7]" classname="com.inm.PipelineTest" time="0.004">
    <system-out><![CDATA[file:/C:/Users/Yuri/Projetos/compiler/target/classes/scripts/invalid/tipo-invalido.prog

=== FASE 1: ANÁLISE LÉXICA E SINTÁTICA ===
Token: program    | Tipo: PROGRAM    | Atributo: -
Token: tipoinvalido | Tipo: ID         | Atributo: tipoinvalido
Token: ;          | Tipo: PVIG       | Atributo: -
Token: var        | Tipo: VAR        | Atributo: -
Token: x          | Tipo: ID         | Atributo: x
Token: :          | Tipo: DPONTOS    | Atributo: -
Token: real       | Tipo: ID         | Atributo: real
Token: ;          | Tipo: PVIG       | Atributo: -
]]></system-out>
    <system-err><![CDATA[[ERRO LÉXICO/SINTÁTICO] 
------ERRO-----------------------------
Linha 2:8 mismatched input 'real' expecting {':', ','}
------ERRO-----------------------------
]]></system-err>
  </testcase>
  <testcase name="rejectsInvalidScripts(String)[8]" classname="com.inm.PipelineTest" time="0.003">
    <system-out><![CDATA[file:/C:/Users/Yuri/Projetos/compiler/target/classes/scripts/invalid/var-sem-tipo.prog

=== FASE 1: ANÁLISE LÉXICA E SINTÁTICA ===
Token: program    | Tipo: PROGRAM    | Atributo: -
Token: varsemtipo | Tipo: ID         | Atributo: varsemtipo
Token: ;          | Tipo: PVIG       | Atributo: -
Token: var        | Tipo: VAR        | Atributo: -
Token: x          | Tipo: ID         | Atributo: x
Token: :          | Tipo: DPONTOS    | Atributo: -
Token: ;          | Tipo: PVIG       | Atributo: -
Token: begin      | Tipo: BEGIN      | Atributo: -
]]></system-out>
    <system-err><![CDATA[[ERRO LÉXICO/SINTÁTICO] 
------ERRO-----------------------------
Linha 2:7 missing {'INTEGER', 'BOOLEAN', 'STRING'} at ';'
------ERRO-----------------------------
]]></system-err>
  </testcase>
  <testcase name="rejectsInvalidScripts(String)[9]" classname="com.inm.PipelineTest" time="0.003">
    <system-out><![CDATA[file:/C:/Users/Yuri/Projetos/compiler/target/classes/scripts/invalid/while-sem-do.prog

=== FASE 1: ANÁLISE LÉXICA E SINTÁTICA ===
Token: program    | Tipo: PROGRAM    | Atributo: -
Token: whilesemdo | Tipo: ID         | Atributo: whilesemdo
Token: ;          | Tipo: PVIG       | Atributo: -
Token: var        | Tipo: VAR        | Atributo: -
Token: x          | Tipo: ID         | Atributo: x
Token: :          | Tipo: DPONTOS    | Atributo: -
Token: integer    | Tipo: INTEGER    | Atributo: -
Token: ;          | Tipo: PVIG       | Atributo: -
Token: begin      | Tipo: BEGIN      | Atributo: -
Token: x          | Tipo: ID         | Atributo: x
Token: :=         | Tipo: ATRIB      | Atributo: -
Token: 0          | Tipo: CTE        | Atributo: 0
Token: ;          | Tipo: PVIG       | Atributo: -
Token: while      | Tipo: WHILE      | Atributo: -
Token: x          | Tipo: ID         | Atributo: x
Token: <          | Tipo: OPREL      | Atributo: MENOR
Token: 10         | Tipo: CTE        | Atributo: 10
Token: begin      | Tipo: BEGIN      | Atributo: -
Token: x          | Tipo: ID         | Atributo: x
]]></system-out>
    <system-err><![CDATA[[ERRO LÉXICO/SINTÁTICO] 
------ERRO-----------------------------
Linha 6:4 missing 'DO' at 'begin'
------ERRO-----------------------------
]]></system-err>
  </testcase>
  <testcase name="rejectsInvalidScripts(String)[10]" classname="com.inm.PipelineTest" time="0.004">
    <system-out><![CDATA[file:/C:/Users/Yuri/Projetos/compiler/target/classes/scripts/invalid/id-reservado.prog

=== FASE 1: ANÁLISE LÉXICA E SINTÁTICA ===
Token: program    | Tipo: PROGRAM    | Atributo: -
Token: idreservado | Tipo: ID         | Atributo: idreservado
Token: ;          | Tipo: PVIG       | Atributo: -
Token: var        | Tipo: VAR        | Atributo: -
Token: while      | Tipo: WHILE      | Atributo: -
Token: :          | Tipo: DPONTOS    | Atributo: -
]]></system-out>
    <system-err><![CDATA[[ERRO LÉXICO/SINTÁTICO] 
------ERRO-----------------------------
Linha 2:4 mismatched input 'while' expecting ID
------ERRO-----------------------------
]]></system-err>
  </testcase>
  <testcase name="rejectsInvalidScripts(String)[11]" classname="com.inm.PipelineTest" time="0.005">
    <system-out><![CDATA[file:/C:/Users/Yuri/Projetos/compiler/target/classes/scripts/invalid/erro-duplo-semantico.prog

=== FASE 1: ANÁLISE LÉXICA E SINTÁTICA ===
Token: program    | Tipo: PROGRAM    | Atributo: -
Token: erroSemantico | Tipo: ID         | Atributo: erroSemantico
Token: ;          | Tipo: PVIG       | Atributo: -
Token: var        | Tipo: VAR        | Atributo: -
Token: a          | Tipo: ID         | Atributo: a
Token: ,          | Tipo: VIG        | Atributo: -
Token: b          | Tipo: ID         | Atributo: b
Token: :          | Tipo: DPONTOS    | Atributo: -
Token: integer    | Tipo: INTEGER    | Atributo: -
Token: ;          | Tipo: PVIG       | Atributo: -
Token: var        | Tipo: VAR        | Atributo: -
Token: a          | Tipo: ID         | Atributo: a
]]></system-out>
    <system-err><![CDATA[[ERRO LÉXICO/SINTÁTICO] 
------ERRO-----------------------------
Linha 3:0 missing 'BEGIN' at 'var'
------ERRO-----------------------------
]]></system-err>
  </testcase>
  <testcase name="rejectsInvalidScripts(String)[12]" classname="com.inm.PipelineTest" time="0.025">
    <system-out><![CDATA[file:/C:/Users/Yuri/Projetos/compiler/target/classes/scripts/invalid/attr-wrong-type.prog

=== FASE 1: ANÁLISE LÉXICA E SINTÁTICA ===
Token: program    | Tipo: PROGRAM    | Atributo: -
Token: attrWrongType | Tipo: ID         | Atributo: attrWrongType
Token: ;          | Tipo: PVIG       | Atributo: -
Token: var        | Tipo: VAR        | Atributo: -
Token: x          | Tipo: ID         | Atributo: x
Token: :          | Tipo: DPONTOS    | Atributo: -
Token: integer    | Tipo: INTEGER    | Atributo: -
Token: ;          | Tipo: PVIG       | Atributo: -
Token: begin      | Tipo: BEGIN      | Atributo: -
Token: x          | Tipo: ID         | Atributo: x
Token: :=         | Tipo: ATRIB      | Atributo: -
Token: "abc"      | Tipo: CADEIA     | Atributo: abc
Token: ;          | Tipo: PVIG       | Atributo: -
Token: end        | Tipo: END        | Atributo: -
Token: .          | Tipo: PONTO      | Atributo: -

--- Árvore Sintática (texto) ---
(prog program attrWrongType ; (decls var (listDecl (declTip (listId x listIdLine) : (tip integer) ;) listDeclLine)) (cmdComp begin (listCmd (cmdDecl (cmd (cmdAtrib x := (exprRel (exprLog (exprAd (exprMult (exprNeg (exprPar "abc")) exprMultLine) exprAdLine) exprLogLine) exprRelLine))) ; listCmd)) end) . <EOF>)
--------------------------------
Fase 1 concluída. Programa: attrWrongType

=== FASE 2: ANÁLISE SEMÂNTICA E GERAÇÃO DE CÓDIGO INTERMEDIÁRIO ===
]]></system-out>
    <system-err><![CDATA[Erro Semântico [5:4]: Incompatibilidade de tipos: não é possível atribuir 'string' à variável 'x' do tipo 'INTEGER'.

[FALHA SEMÂNTICA] 1 erro(s) encontrado(s). Compilação interrompida.
]]></system-err>
  </testcase>
  <testcase name="rejectsInvalidScripts(String)[13]" classname="com.inm.PipelineTest" time="0.005">
    <system-out><![CDATA[file:/C:/Users/Yuri/Projetos/compiler/target/classes/scripts/invalid/ops-diferentes-tipos.prog

=== FASE 1: ANÁLISE LÉXICA E SINTÁTICA ===
Token: program    | Tipo: PROGRAM    | Atributo: -
Token: opsDiferentesTipos | Tipo: ID         | Atributo: opsDiferentesTipos
Token: ;          | Tipo: PVIG       | Atributo: -
Token: var        | Tipo: VAR        | Atributo: -
Token: x          | Tipo: ID         | Atributo: x
Token: :          | Tipo: DPONTOS    | Atributo: -
Token: integer    | Tipo: INTEGER    | Atributo: -
Token: ;          | Tipo: PVIG       | Atributo: -
Token: begin      | Tipo: BEGIN      | Atributo: -
Token: x          | Tipo: ID         | Atributo: x
Token: :=         | Tipo: ATRIB      | Atributo: -
Token: "abc"      | Tipo: CADEIA     | Atributo: abc
Token: +          | Tipo: OPAD       | Atributo: MAIS
Token: 5          | Tipo: CTE        | Atributo: 5
Token: +          | Tipo: OPAD       | Atributo: MAIS
Token: FALSE      | Tipo: FALSE      | Atributo: -
Token: ;          | Tipo: PVIG       | Atributo: -
Token: end        | Tipo: END        | Atributo: -
Token: .          | Tipo: PONTO      | Atributo: -

--- Árvore Sintática (texto) ---
(prog program opsDiferentesTipos ; (decls var (listDecl (declTip (listId x listIdLine) : (tip integer) ;) listDeclLine)) (cmdComp begin (listCmd (cmdDecl (cmd (cmdAtrib x := (exprRel (exprLog (exprAd (exprMult (exprNeg (exprPar "abc")) exprMultLine) (exprAdLine + (exprMult (exprNeg (exprPar 5)) exprMultLine) (exprAdLine + (exprMult (exprNeg (exprPar FALSE)) exprMultLine) exprAdLine))) exprLogLine) exprRelLine))) ; listCmd)) end) . <EOF>)
--------------------------------
Fase 1 concluída. Programa: opsDiferentesTipos

=== FASE 2: ANÁLISE SEMÂNTICA E GERAÇÃO DE CÓDIGO INTERMEDIÁRIO ===
]]></system-out>
    <system-err><![CDATA[Erro Semântico [5:19]: Operação '+' inválida... Esperado 'integer'.
Erro Semântico [5:15]: Operação '+' inválida... Esperado 'integer'.
Erro Semântico [5:4]: Incompatibilidade de tipos: não é possível atribuir 'undefined' à variável 'x' do tipo 'INTEGER'.

[FALHA SEMÂNTICA] 3 erro(s) encontrado(s). Compilação interrompida.
]]></system-err>
  </testcase>
  <testcase name="rejectsInvalidScripts(String)[14]" classname="com.inm.PipelineTest" time="0.006">
    <system-out><![CDATA[file:/C:/Users/Yuri/Projetos/compiler/target/classes/scripts/invalid/if-not-boolean.prog

=== FASE 1: ANÁLISE LÉXICA E SINTÁTICA ===
Token: program    | Tipo: PROGRAM    | Atributo: -
Token: ifnotboolean | Tipo: ID         | Atributo: ifnotboolean
Token: ;          | Tipo: PVIG       | Atributo: -
Token: begin      | Tipo: BEGIN      | Atributo: -
Token: if         | Tipo: IF         | Atributo: -
Token: 1          | Tipo: CTE        | Atributo: 1
Token: then       | Tipo: THEN       | Atributo: -
Token: begin      | Tipo: BEGIN      | Atributo: -
Token: end        | Tipo: END        | Atributo: -
Token: ;          | Tipo: PVIG       | Atributo: -
Token: var        | Tipo: VAR        | Atributo: -
Token: x          | Tipo: ID         | Atributo: x
Token: :          | Tipo: DPONTOS    | Atributo: -
Token: STRING     | Tipo: STRING     | Atributo: -
Token: ;          | Tipo: PVIG       | Atributo: -
Token: x          | Tipo: ID         | Atributo: x
Token: :=         | Tipo: ATRIB      | Atributo: -
Token: ~          | Tipo: OPNEG      | Atributo: NEG
Token: "erro"     | Tipo: CADEIA     | Atributo: erro
Token: ;          | Tipo: PVIG       | Atributo: -
Token: end        | Tipo: END        | Atributo: -
Token: .          | Tipo: PONTO      | Atributo: -

--- Árvore Sintática (texto) ---
(prog program ifnotboolean ; decls (cmdComp begin (listCmd (cmdDecl (cmd (cmdIf if (exprRel (exprLog (exprAd (exprMult (exprNeg (exprPar 1)) exprMultLine) exprAdLine) exprLogLine) exprRelLine) then (cmdComp begin listCmd end) cmdIfLine)) ; (listCmd (varDecl var (declTip (listId x listIdLine) : (tip STRING) ;) (listCmd (cmdDecl (cmd (cmdAtrib x := (exprRel (exprLog (exprAd (exprMult (exprNeg ~ (exprNeg (exprPar "erro"))) exprMultLine) exprAdLine) exprLogLine) exprRelLine))) ; listCmd)))))) end) . <EOF>)
--------------------------------
Fase 1 concluída. Programa: ifnotboolean

=== FASE 2: ANÁLISE SEMÂNTICA E GERAÇÃO DE CÓDIGO INTERMEDIÁRIO ===
]]></system-out>
    <system-err><![CDATA[Erro Semântico [3:7]: Expressão condicional deve resultar em 'boolean', mas resultou em 'integer'.
Erro Semântico [7:9]: Operador '~' inválido para o tipo 'string'. Esperado 'boolean'.
Erro Semântico [7:4]: Incompatibilidade de tipos: não é possível atribuir 'undefined' à variável 'x' do tipo 'STRING'.

[FALHA SEMÂNTICA] 3 erro(s) encontrado(s). Compilação interrompida.
]]></system-err>
  </testcase>
  <testcase name="rejectsInvalidScripts(String)[15]" classname="com.inm.PipelineTest" time="0.005">
    <system-out><![CDATA[file:/C:/Users/Yuri/Projetos/compiler/target/classes/scripts/invalid/tamanho-constante.prog

=== FASE 1: ANÁLISE LÉXICA E SINTÁTICA ===
Token: program    | Tipo: PROGRAM    | Atributo: -
Token: tamanhoConstante | Tipo: ID         | Atributo: tamanhoConstante
Token: ;          | Tipo: PVIG       | Atributo: -
Token: var        | Tipo: VAR        | Atributo: -
Token: y          | Tipo: ID         | Atributo: y
Token: ,          | Tipo: VIG        | Atributo: -
Token: z          | Tipo: ID         | Atributo: z
Token: :          | Tipo: DPONTOS    | Atributo: -
Token: integer    | Tipo: INTEGER    | Atributo: -
Token: ;          | Tipo: PVIG       | Atributo: -
Token: begin      | Tipo: BEGIN      | Atributo: -
Token: y          | Tipo: ID         | Atributo: y
Token: :=         | Tipo: ATRIB      | Atributo: -
Token: -32769     | Tipo: CTE        | Atributo: -32769
Token: ;          | Tipo: PVIG       | Atributo: -
Token: z          | Tipo: ID         | Atributo: z
Token: :=         | Tipo: ATRIB      | Atributo: -
Token: 32768      | Tipo: CTE        | Atributo: 32768
Token: ;          | Tipo: PVIG       | Atributo: -
Token: end        | Tipo: END        | Atributo: -
Token: .          | Tipo: PONTO      | Atributo: -

--- Árvore Sintática (texto) ---
(prog program tamanhoConstante ; (decls var (listDecl (declTip (listId y (listIdLine , z listIdLine)) : (tip integer) ;) listDeclLine)) (cmdComp begin (listCmd (cmdDecl (cmd (cmdAtrib y := (exprRel (exprLog (exprAd (exprMult (exprNeg (exprPar -32769)) exprMultLine) exprAdLine) exprLogLine) exprRelLine))) ; (listCmd (cmdDecl (cmd (cmdAtrib z := (exprRel (exprLog (exprAd (exprMult (exprNeg (exprPar 32768)) exprMultLine) exprAdLine) exprLogLine) exprRelLine))) ; listCmd)))) end) . <EOF>)
--------------------------------
Fase 1 concluída. Programa: tamanhoConstante

=== FASE 2: ANÁLISE SEMÂNTICA E GERAÇÃO DE CÓDIGO INTERMEDIÁRIO ===
]]></system-out>
    <system-err><![CDATA[Erro Semântico [4:9]: Constante '-32769' excede o limite de 2 bytes (-32768 a 32767).
Erro Semântico [5:9]: Constante '32768' excede o limite de 2 bytes (-32768 a 32767).

[FALHA SEMÂNTICA] 2 erro(s) encontrado(s). Compilação interrompida.
]]></system-err>
  </testcase>
  <testcase name="rejectsInvalidScripts(String)[16]" classname="com.inm.PipelineTest" time="0.006">
    <system-out><![CDATA[file:/C:/Users/Yuri/Projetos/compiler/target/classes/scripts/invalid/ops-bool-int.prog

=== FASE 1: ANÁLISE LÉXICA E SINTÁTICA ===
Token: program    | Tipo: PROGRAM    | Atributo: -
Token: opsBoolComInt | Tipo: ID         | Atributo: opsBoolComInt
Token: ;          | Tipo: PVIG       | Atributo: -
Token: var        | Tipo: VAR        | Atributo: -
Token: x          | Tipo: ID         | Atributo: x
Token: ,          | Tipo: VIG        | Atributo: -
Token: y          | Tipo: ID         | Atributo: y
Token: :          | Tipo: DPONTOS    | Atributo: -
Token: integer    | Tipo: INTEGER    | Atributo: -
Token: ;          | Tipo: PVIG       | Atributo: -
Token: z          | Tipo: ID         | Atributo: z
Token: :          | Tipo: DPONTOS    | Atributo: -
Token: boolean    | Tipo: BOOLEAN    | Atributo: -
Token: ;          | Tipo: PVIG       | Atributo: -
Token: begin      | Tipo: BEGIN      | Atributo: -
Token: x          | Tipo: ID         | Atributo: x
Token: :=         | Tipo: ATRIB      | Atributo: -
Token: 1          | Tipo: CTE        | Atributo: 1
Token: ;          | Tipo: PVIG       | Atributo: -
Token: y          | Tipo: ID         | Atributo: y
Token: :=         | Tipo: ATRIB      | Atributo: -
Token: 2          | Tipo: CTE        | Atributo: 2
Token: ;          | Tipo: PVIG       | Atributo: -
Token: z          | Tipo: ID         | Atributo: z
Token: :=         | Tipo: ATRIB      | Atributo: -
Token: x          | Tipo: ID         | Atributo: x
Token: and        | Tipo: OPLOG      | Atributo: AND
Token: y          | Tipo: ID         | Atributo: y
Token: ;          | Tipo: PVIG       | Atributo: -
Token: end        | Tipo: END        | Atributo: -
Token: .          | Tipo: PONTO      | Atributo: -

--- Árvore Sintática (texto) ---
(prog program opsBoolComInt ; (decls var (listDecl (declTip (listId x (listIdLine , y listIdLine)) : (tip integer) ;) (listDeclLine (declTip (listId z listIdLine) : (tip boolean) ;) listDeclLine))) (cmdComp begin (listCmd (cmdDecl (cmd (cmdAtrib x := (exprRel (exprLog (exprAd (exprMult (exprNeg (exprPar 1)) exprMultLine) exprAdLine) exprLogLine) exprRelLine))) ; (listCmd (cmdDecl (cmd (cmdAtrib y := (exprRel (exprLog (exprAd (exprMult (exprNeg (exprPar 2)) exprMultLine) exprAdLine) exprLogLine) exprRelLine))) ; (listCmd (cmdDecl (cmd (cmdAtrib z := (exprRel (exprLog (exprAd (exprMult (exprNeg (exprPar x)) exprMultLine) exprAdLine) (exprLogLine and (exprAd (exprMult (exprNeg (exprPar y)) exprMultLine) exprAdLine) exprLogLine)) exprRelLine))) ; listCmd)))))) end) . <EOF>)
--------------------------------
Fase 1 concluída. Programa: opsBoolComInt

=== FASE 2: ANÁLISE SEMÂNTICA E GERAÇÃO DE CÓDIGO INTERMEDIÁRIO ===
]]></system-out>
    <system-err><![CDATA[Erro Semântico [7:11]: Operação lógica 'and' inválida entre 'integer' e 'integer'. Esperado 'boolean'.
Erro Semântico [7:4]: Incompatibilidade de tipos: não é possível atribuir 'undefined' à variável 'z' do tipo 'BOOLEAN'.

[FALHA SEMÂNTICA] 2 erro(s) encontrado(s). Compilação interrompida.
]]></system-err>
  </testcase>
  <testcase name="rejectsInvalidScripts(String)[17]" classname="com.inm.PipelineTest" time="0.005">
    <system-out><![CDATA[file:/C:/Users/Yuri/Projetos/compiler/target/classes/scripts/invalid/erro-lexico.prog

=== FASE 1: ANÁLISE LÉXICA E SINTÁTICA ===
Token: PROGRAM    | Tipo: PROGRAM    | Atributo: -
Token: TesteLexico | Tipo: ID         | Atributo: TesteLexico
Token: ;          | Tipo: PVIG       | Atributo: -
Token: BEGIN      | Tipo: BEGIN      | Atributo: -
Token: VAR        | Tipo: VAR        | Atributo: -
Token: nome       | Tipo: ID         | Atributo: nome
Token: muito      | Tipo: ID         | Atributo: muito
Token: grande     | Tipo: ID         | Atributo: grande
]]></system-out>
    <system-err><![CDATA[line 4:12 token recognition error at: '_'
line 4:18 token recognition error at: '_'
[ERRO LÉXICO/SINTÁTICO] 
------ERRO-----------------------------
Linha 4:13 mismatched input 'muito' expecting {':', ','}
------ERRO-----------------------------
]]></system-err>
  </testcase>
  <testcase name="rejectsInvalidScripts(String)[18]" classname="com.inm.PipelineTest" time="0.008">
    <system-out><![CDATA[file:/C:/Users/Yuri/Projetos/compiler/target/classes/scripts/invalid/erro-semantico.prog

=== FASE 1: ANÁLISE LÉXICA E SINTÁTICA ===
Token: PROGRAM    | Tipo: PROGRAM    | Atributo: -
Token: TesteErros | Tipo: ID         | Atributo: TesteErros
Token: ;          | Tipo: PVIG       | Atributo: -
Token: BEGIN      | Tipo: BEGIN      | Atributo: -
Token: VAR        | Tipo: VAR        | Atributo: -
Token: numero     | Tipo: ID         | Atributo: numero
Token: :          | Tipo: DPONTOS    | Atributo: -
Token: INTEGER    | Tipo: INTEGER    | Atributo: -
Token: ;          | Tipo: PVIG       | Atributo: -
Token: VAR        | Tipo: VAR        | Atributo: -
Token: ativo      | Tipo: ID         | Atributo: ativo
Token: :          | Tipo: DPONTOS    | Atributo: -
Token: BOOLEAN    | Tipo: BOOLEAN    | Atributo: -
Token: ;          | Tipo: PVIG       | Atributo: -
Token: VAR        | Tipo: VAR        | Atributo: -
Token: texto      | Tipo: ID         | Atributo: texto
Token: :          | Tipo: DPONTOS    | Atributo: -
Token: STRING     | Tipo: STRING     | Atributo: -
Token: ;          | Tipo: PVIG       | Atributo: -
Token: numero     | Tipo: ID         | Atributo: numero
Token: :=         | Tipo: ATRIB      | Atributo: -
Token: TRUE       | Tipo: TRUE       | Atributo: -
Token: ;          | Tipo: PVIG       | Atributo: -
Token: ativo      | Tipo: ID         | Atributo: ativo
Token: :=         | Tipo: ATRIB      | Atributo: -
Token: 10         | Tipo: CTE        | Atributo: 10
Token: ;          | Tipo: PVIG       | Atributo: -
Token: texto      | Tipo: ID         | Atributo: texto
Token: :=         | Tipo: ATRIB      | Atributo: -
Token: FALSE      | Tipo: FALSE      | Atributo: -
Token: ;          | Tipo: PVIG       | Atributo: -
Token: ativo      | Tipo: ID         | Atributo: ativo
Token: :=         | Tipo: ATRIB      | Atributo: -
Token: numero     | Tipo: ID         | Atributo: numero
Token: AND        | Tipo: OPLOG      | Atributo: AND
Token: TRUE       | Tipo: TRUE       | Atributo: -
Token: ;          | Tipo: PVIG       | Atributo: -
Token: numero     | Tipo: ID         | Atributo: numero
Token: :=         | Tipo: ATRIB      | Atributo: -
Token: "ABC"      | Tipo: CADEIA     | Atributo: ABC
Token: ;          | Tipo: PVIG       | Atributo: -
Token: IF         | Tipo: IF         | Atributo: -
Token: numero     | Tipo: ID         | Atributo: numero
Token: THEN       | Tipo: THEN       | Atributo: -
Token: BEGIN      | Tipo: BEGIN      | Atributo: -
Token: WRITE      | Tipo: WRITE      | Atributo: -
Token: (          | Tipo: ABPAR      | Atributo: -
Token: "ERRO"     | Tipo: CADEIA     | Atributo: ERRO
Token: )          | Tipo: FPAR       | Atributo: -
Token: ;          | Tipo: PVIG       | Atributo: -
Token: END        | Tipo: END        | Atributo: -
Token: ;          | Tipo: PVIG       | Atributo: -
Token: END        | Tipo: END        | Atributo: -
Token: .          | Tipo: PONTO      | Atributo: -

--- Árvore Sintática (texto) ---
(prog PROGRAM TesteErros ; decls (cmdComp BEGIN (listCmd (varDecl VAR (declTip (listId numero listIdLine) : (tip INTEGER) ;) (listCmd (varDecl VAR (declTip (listId ativo listIdLine) : (tip BOOLEAN) ;) (listCmd (varDecl VAR (declTip (listId texto listIdLine) : (tip STRING) ;) (listCmd (cmdDecl (cmd (cmdAtrib numero := (exprRel (exprLog (exprAd (exprMult (exprNeg (exprPar TRUE)) exprMultLine) exprAdLine) exprLogLine) exprRelLine))) ; (listCmd (cmdDecl (cmd (cmdAtrib ativo := (exprRel (exprLog (exprAd (exprMult (exprNeg (exprPar 10)) exprMultLine) exprAdLine) exprLogLine) exprRelLine))) ; (listCmd (cmdDecl (cmd (cmdAtrib texto := (exprRel (exprLog (exprAd (exprMult (exprNeg (exprPar FALSE)) exprMultLine) exprAdLine) exprLogLine) exprRelLine))) ; (listCmd (cmdDecl (cmd (cmdAtrib ativo := (exprRel (exprLog (exprAd (exprMult (exprNeg (exprPar numero)) exprMultLine) exprAdLine) (exprLogLine AND (exprAd (exprMult (exprNeg (exprPar TRUE)) exprMultLine) exprAdLine) exprLogLine)) exprRelLine))) ; (listCmd (cmdDecl (cmd (cmdAtrib numero := (exprRel (exprLog (exprAd (exprMult (exprNeg (exprPar "ABC")) exprMultLine) exprAdLine) exprLogLine) exprRelLine))) ; (listCmd (cmdDecl (cmd (cmdIf IF (exprRel (exprLog (exprAd (exprMult (exprNeg (exprPar numero)) exprMultLine) exprAdLine) exprLogLine) exprRelLine) THEN (cmdComp BEGIN (listCmd (cmdDecl (cmd (cmdWrite WRITE ( (listW (elemW (exprRel (exprLog (exprAd (exprMult (exprNeg (exprPar "ERRO")) exprMultLine) exprAdLine) exprLogLine) exprRelLine)) listWLine) ))) ; listCmd)) END) cmdIfLine)) ; listCmd)))))))))))))))))) END) . <EOF>)
--------------------------------
Fase 1 concluída. Programa: TesteErros

=== FASE 2: ANÁLISE SEMÂNTICA E GERAÇÃO DE CÓDIGO INTERMEDIÁRIO ===
]]></system-out>
    <system-err><![CDATA[Erro Semântico [8:4]: Incompatibilidade de tipos: não é possível atribuir 'boolean' à variável 'numero' do tipo 'INTEGER'.
Erro Semântico [9:4]: Incompatibilidade de tipos: não é possível atribuir 'integer' à variável 'ativo' do tipo 'BOOLEAN'.
Erro Semântico [10:4]: Incompatibilidade de tipos: não é possível atribuir 'boolean' à variável 'texto' do tipo 'STRING'.
Erro Semântico [12:20]: Operação lógica 'AND' inválida entre 'integer' e 'boolean'. Esperado 'boolean'.
Erro Semântico [12:4]: Incompatibilidade de tipos: não é possível atribuir 'undefined' à variável 'ativo' do tipo 'BOOLEAN'.
Erro Semântico [14:4]: Incompatibilidade de tipos: não é possível atribuir 'string' à variável 'numero' do tipo 'INTEGER'.
Erro Semântico [16:7]: Expressão condicional deve resultar em 'boolean', mas resultou em 'integer'.

[FALHA SEMÂNTICA] 7 erro(s) encontrado(s). Compilação interrompida.
]]></system-err>
  </testcase>
  <testcase name="rejectsEmptyScript" classname="com.inm.PipelineTest" time="0.002">
    <system-out><![CDATA[
=== FASE 1: ANÁLISE LÉXICA E SINTÁTICA ===
]]></system-out>
    <system-err><![CDATA[[ERRO LÉXICO/SINTÁTICO] 
------ERRO-----------------------------
Linha 1:0 mismatched input '<EOF>' expecting 'PROGRAM'
------ERRO-----------------------------
]]></system-err>
  </testcase>
  <testcase name="acceptsValidScripts(String)[1]" classname="com.inm.PipelineTest" time="0.023">
    <system-out><![CDATA[file:/C:/Users/Yuri/Projetos/compiler/target/classes/scripts/valid/atribuicao.prog

=== FASE 1: ANÁLISE LÉXICA E SINTÁTICA ===
Token: program    | Tipo: PROGRAM    | Atributo: -
Token: atribuicao | Tipo: ID         | Atributo: atribuicao
Token: ;          | Tipo: PVIG       | Atributo: -
Token: var        | Tipo: VAR        | Atributo: -
Token: variavel   | Tipo: ID         | Atributo: variavel
Token: :          | Tipo: DPONTOS    | Atributo: -
Token: integer    | Tipo: INTEGER    | Atributo: -
Token: ;          | Tipo: PVIG       | Atributo: -
Token: begin      | Tipo: BEGIN      | Atributo: -
Token: variavel   | Tipo: ID         | Atributo: variavel
Token: :=         | Tipo: ATRIB      | Atributo: -
Token: 2          | Tipo: CTE        | Atributo: 2
Token: ;          | Tipo: PVIG       | Atributo: -
Token: write      | Tipo: WRITE      | Atributo: -
Token: (          | Tipo: ABPAR      | Atributo: -
Token: variavel   | Tipo: ID         | Atributo: variavel
Token: )          | Tipo: FPAR       | Atributo: -
Token: ;          | Tipo: PVIG       | Atributo: -
Token: end        | Tipo: END        | Atributo: -
Token: .          | Tipo: PONTO      | Atributo: -

--- Árvore Sintática (texto) ---
(prog program atribuicao ; (decls var (listDecl (declTip (listId variavel listIdLine) : (tip integer) ;) listDeclLine)) (cmdComp begin (listCmd (cmdDecl (cmd (cmdAtrib variavel := (exprRel (exprLog (exprAd (exprMult (exprNeg (exprPar 2)) exprMultLine) exprAdLine) exprLogLine) exprRelLine))) ; (listCmd (cmdDecl (cmd (cmdWrite write ( (listW (elemW (exprRel (exprLog (exprAd (exprMult (exprNeg (exprPar variavel)) exprMultLine) exprAdLine) exprLogLine) exprRelLine)) listWLine) ))) ; listCmd)))) end) . <EOF>)
--------------------------------
Fase 1 concluída. Programa: atribuicao

=== FASE 2: ANÁLISE SEMÂNTICA E GERAÇÃO DE CÓDIGO INTERMEDIÁRIO ===

--- Código Intermediário (3AC) ---
v_variavel = 2
WRITE v_variavel
----------------------------------
Fase 2 concluída com sucesso.

=== FASE 3: OTIMIZAÇÃO DE CÓDIGO ===

--- Instruções Otimizadas (3AC) ---
v_variavel = 2
WRITE 2
-----------------------------------
Fase 3 concluída.

=== FASE 4: GERAÇÃO DE CÓDIGO FINAL (ASSEMBLY x86) ===

--- Assembly x86 Gerado (MASM, Sintaxe Intel Clássica) ---
; ============================================
; Programa : atribuicao
; Alvo     : x86 32 bits (MASM, Windows i386)
; ============================================

.386
.model flat, stdcall
option casemap:none

include windows.inc
include kernel32.inc
includelib kernel32.lib

.data
	v_variavel dw 0
	_buf db 14 dup(0)
	_s_true db 'true', 13, 10, 0
	_s_false db 'false', 13, 10, 0
	_nl db 13, 10
	_hOut dd ?
	_hIn dd ?
	_written dd ?
	_read dd ?


.data?
	_ibuf db 12 dup(?)

.code

start:
	invoke GetStdHandle, STD_OUTPUT_HANDLE
	mov dword ptr [_hOut], eax

	invoke GetStdHandle, STD_INPUT_HANDLE
	mov dword ptr [_hIn], eax

	; v_variavel = 2
	mov word ptr [v_variavel], 2

	; WRITE 2
	push 2
	call _print_int

	invoke Sleep, 50
	invoke ExitProcess, 0

_print_int:
	push ebp
	mov ebp, esp
	push ebx
	push esi
	movsx eax, word ptr [ebp+8]
	lea ecx, [_buf+12]
	mov byte ptr [ecx], 13
	inc ecx
	mov byte ptr [ecx], 10
	dec ecx
	mov esi, eax
	test eax, eax
	jns pi_pos
	neg eax
pi_pos:
	mov ebx, 10
pi_loop:
	xor edx, edx
	div ebx
	add dl, '0'
	mov byte ptr [ecx], dl
	dec ecx
	test eax, eax
	jnz pi_loop
	test esi, esi
	jns pi_write
	mov byte ptr [ecx], '-'
	dec ecx
pi_write:
	inc ecx
	lea edx, [_buf+14]
	sub edx, ecx
	invoke WriteFile, dword ptr [_hOut], ecx, edx, addr _written, 0
	pop esi
	pop ebx
	pop ebp
	ret 4

end start

-----------------------------------------------------------
Assembly salvo em: C:\Users\Yuri\Projetos\compiler\src\test\resources\output\atribuicao.asm
Fase 4 concluída.
]]></system-out>
  </testcase>
  <testcase name="acceptsValidScripts(String)[2]" classname="com.inm.PipelineTest" time="0.008">
    <system-out><![CDATA[file:/C:/Users/Yuri/Projetos/compiler/target/classes/scripts/valid/comentario-e-div.prog

=== FASE 1: ANÁLISE LÉXICA E SINTÁTICA ===
Token: program    | Tipo: PROGRAM    | Atributo: -
Token: comentarioEDiv | Tipo: ID         | Atributo: comentarioEDiv
Token: ;          | Tipo: PVIG       | Atributo: -
Token: var        | Tipo: VAR        | Atributo: -
Token: div        | Tipo: ID         | Atributo: div
Token: :          | Tipo: DPONTOS    | Atributo: -
Token: integer    | Tipo: INTEGER    | Atributo: -
Token: ;          | Tipo: PVIG       | Atributo: -
Token: begin      | Tipo: BEGIN      | Atributo: -
Token: div        | Tipo: ID         | Atributo: div
Token: :=         | Tipo: ATRIB      | Atributo: -
Token: 2          | Tipo: CTE        | Atributo: 2
Token: /          | Tipo: OPMULT     | Atributo: DIV
Token: 2          | Tipo: CTE        | Atributo: 2
Token: ;          | Tipo: PVIG       | Atributo: -
Token: end        | Tipo: END        | Atributo: -
Token: .          | Tipo: PONTO      | Atributo: -

--- Árvore Sintática (texto) ---
(prog program comentarioEDiv ; (decls var (listDecl (declTip (listId div listIdLine) : (tip integer) ;) listDeclLine)) (cmdComp begin (listCmd (cmdDecl (cmd (cmdAtrib div := (exprRel (exprLog (exprAd (exprMult (exprNeg (exprPar 2)) (exprMultLine / (exprNeg (exprPar 2)) exprMultLine)) exprAdLine) exprLogLine) exprRelLine))) ; listCmd)) end) . <EOF>)
--------------------------------
Fase 1 concluída. Programa: comentarioEDiv

=== FASE 2: ANÁLISE SEMÂNTICA E GERAÇÃO DE CÓDIGO INTERMEDIÁRIO ===

--- Código Intermediário (3AC) ---
t0 = 2 / 2
v_div = t0
----------------------------------
Fase 2 concluída com sucesso.

=== FASE 3: OTIMIZAÇÃO DE CÓDIGO ===

--- Instruções Otimizadas (3AC) ---
t0 = 1
v_div = 1
-----------------------------------
Fase 3 concluída.

=== FASE 4: GERAÇÃO DE CÓDIGO FINAL (ASSEMBLY x86) ===

--- Assembly x86 Gerado (MASM, Sintaxe Intel Clássica) ---
; ============================================
; Programa : comentarioEDiv
; Alvo     : x86 32 bits (MASM, Windows i386)
; ============================================

.386
.model flat, stdcall
option casemap:none

include windows.inc
include kernel32.inc
includelib kernel32.lib

.data
	v_div dw 0
	t0 dw 0
	_buf db 14 dup(0)
	_s_true db 'true', 13, 10, 0
	_s_false db 'false', 13, 10, 0
	_nl db 13, 10
	_hOut dd ?
	_hIn dd ?
	_written dd ?
	_read dd ?


.data?
	_ibuf db 12 dup(?)

.code

start:
	invoke GetStdHandle, STD_OUTPUT_HANDLE
	mov dword ptr [_hOut], eax

	invoke GetStdHandle, STD_INPUT_HANDLE
	mov dword ptr [_hIn], eax

	; t0 = 1
	mov word ptr [t0], 1

	; v_div = 1
	mov word ptr [v_div], 1

	invoke Sleep, 50
	invoke ExitProcess, 0

end start

-----------------------------------------------------------
Assembly salvo em: C:\Users\Yuri\Projetos\compiler\src\test\resources\output\comentarioediv.asm
Fase 4 concluída.
]]></system-out>
  </testcase>
  <testcase name="acceptsValidScripts(String)[3]" classname="com.inm.PipelineTest" time="0.011">
    <system-out><![CDATA[file:/C:/Users/Yuri/Projetos/compiler/target/classes/scripts/valid/dangling-else.prog

=== FASE 1: ANÁLISE LÉXICA E SINTÁTICA ===
Token: program    | Tipo: PROGRAM    | Atributo: -
Token: danglingelse | Tipo: ID         | Atributo: danglingelse
Token: ;          | Tipo: PVIG       | Atributo: -
Token: var        | Tipo: VAR        | Atributo: -
Token: x          | Tipo: ID         | Atributo: x
Token: ,          | Tipo: VIG        | Atributo: -
Token: y          | Tipo: ID         | Atributo: y
Token: :          | Tipo: DPONTOS    | Atributo: -
Token: integer    | Tipo: INTEGER    | Atributo: -
Token: ;          | Tipo: PVIG       | Atributo: -
Token: begin      | Tipo: BEGIN      | Atributo: -
Token: x          | Tipo: ID         | Atributo: x
Token: :=         | Tipo: ATRIB      | Atributo: -
Token: 1          | Tipo: CTE        | Atributo: 1
Token: ;          | Tipo: PVIG       | Atributo: -
Token: y          | Tipo: ID         | Atributo: y
Token: :=         | Tipo: ATRIB      | Atributo: -
Token: 1          | Tipo: CTE        | Atributo: 1
Token: ;          | Tipo: PVIG       | Atributo: -
Token: if         | Tipo: IF         | Atributo: -
Token: x          | Tipo: ID         | Atributo: x
Token: ==         | Tipo: OPREL      | Atributo: IGUAL
Token: 1          | Tipo: CTE        | Atributo: 1
Token: then       | Tipo: THEN       | Atributo: -
Token: begin      | Tipo: BEGIN      | Atributo: -
Token: if         | Tipo: IF         | Atributo: -
Token: y          | Tipo: ID         | Atributo: y
Token: ==         | Tipo: OPREL      | Atributo: IGUAL
Token: 2          | Tipo: CTE        | Atributo: 2
Token: then       | Tipo: THEN       | Atributo: -
Token: begin      | Tipo: BEGIN      | Atributo: -
Token: write      | Tipo: WRITE      | Atributo: -
Token: (          | Tipo: ABPAR      | Atributo: -
Token: "se"       | Tipo: CADEIA     | Atributo: se
Token: )          | Tipo: FPAR       | Atributo: -
Token: ;          | Tipo: PVIG       | Atributo: -
Token: end        | Tipo: END        | Atributo: -
Token: else       | Tipo: ELSE       | Atributo: -
Token: begin      | Tipo: BEGIN      | Atributo: -
Token: write      | Tipo: WRITE      | Atributo: -
Token: (          | Tipo: ABPAR      | Atributo: -
Token: "nao"      | Tipo: CADEIA     | Atributo: nao
Token: )          | Tipo: FPAR       | Atributo: -
Token: ;          | Tipo: PVIG       | Atributo: -
Token: end        | Tipo: END        | Atributo: -
Token: ;          | Tipo: PVIG       | Atributo: -
Token: end        | Tipo: END        | Atributo: -
Token: ;          | Tipo: PVIG       | Atributo: -
Token: end        | Tipo: END        | Atributo: -
Token: .          | Tipo: PONTO      | Atributo: -

--- Árvore Sintática (texto) ---
(prog program danglingelse ; (decls var (listDecl (declTip (listId x (listIdLine , y listIdLine)) : (tip integer) ;) listDeclLine)) (cmdComp begin (listCmd (cmdDecl (cmd (cmdAtrib x := (exprRel (exprLog (exprAd (exprMult (exprNeg (exprPar 1)) exprMultLine) exprAdLine) exprLogLine) exprRelLine))) ; (listCmd (cmdDecl (cmd (cmdAtrib y := (exprRel (exprLog (exprAd (exprMult (exprNeg (exprPar 1)) exprMultLine) exprAdLine) exprLogLine) exprRelLine))) ; (listCmd (cmdDecl (cmd (cmdIf if (exprRel (exprLog (exprAd (exprMult (exprNeg (exprPar x)) exprMultLine) exprAdLine) exprLogLine) (exprRelLine == (exprLog (exprAd (exprMult (exprNeg (exprPar 1)) exprMultLine) exprAdLine) exprLogLine) exprRelLine)) then (cmdComp begin (listCmd (cmdDecl (cmd (cmdIf if (exprRel (exprLog (exprAd (exprMult (exprNeg (exprPar y)) exprMultLine) exprAdLine) exprLogLine) (exprRelLine == (exprLog (exprAd (exprMult (exprNeg (exprPar 2)) exprMultLine) exprAdLine) exprLogLine) exprRelLine)) then (cmdComp begin (listCmd (cmdDecl (cmd (cmdWrite write ( (listW (elemW (exprRel (exprLog (exprAd (exprMult (exprNeg (exprPar "se")) exprMultLine) exprAdLine) exprLogLine) exprRelLine)) listWLine) ))) ; listCmd)) end) (cmdIfLine else (cmdComp begin (listCmd (cmdDecl (cmd (cmdWrite write ( (listW (elemW (exprRel (exprLog (exprAd (exprMult (exprNeg (exprPar "nao")) exprMultLine) exprAdLine) exprLogLine) exprRelLine)) listWLine) ))) ; listCmd)) end)))) ; listCmd)) end) cmdIfLine)) ; listCmd)))))) end) . <EOF>)
--------------------------------
Fase 1 concluída. Programa: danglingelse

=== FASE 2: ANÁLISE SEMÂNTICA E GERAÇÃO DE CÓDIGO INTERMEDIÁRIO ===

--- Código Intermediário (3AC) ---
v_x = 1
v_y = 1
t0 = v_x == 1
ifFalse t0 goto L0
t1 = v_y == 2
ifFalse t1 goto L2
WRITE "se"
goto L3
L2:
WRITE "nao"
L3:
L0:
L1:
----------------------------------
Fase 2 concluída com sucesso.

=== FASE 3: OTIMIZAÇÃO DE CÓDIGO ===

--- Instruções Otimizadas (3AC) ---
v_x = 1
v_y = 1
t0 = 1 == 1
ifFalse t0 goto L0
t1 = 1 == 2
ifFalse t1 goto L2
WRITE "se"
goto L3
L2:
WRITE "nao"
L3:
L0:
L1:
-----------------------------------
Fase 3 concluída.

=== FASE 4: GERAÇÃO DE CÓDIGO FINAL (ASSEMBLY x86) ===

--- Assembly x86 Gerado (MASM, Sintaxe Intel Clássica) ---
; ============================================
; Programa : danglingelse
; Alvo     : x86 32 bits (MASM, Windows i386)
; ============================================

.386
.model flat, stdcall
option casemap:none

include windows.inc
include kernel32.inc
includelib kernel32.lib

.data
	v_x dw 0
	v_y dw 0
	t0 db 0
	t1 db 0
	_buf db 14 dup(0)
	_s_true db 'true', 13, 10, 0
	_s_false db 'false', 13, 10, 0
	_nl db 13, 10
	_hOut dd ?
	_hIn dd ?
	_written dd ?
	_read dd ?

	_str0 db 'se', 0
	_str1 db 'nao', 0

.data?
	_ibuf db 12 dup(?)

.code

start:
	invoke GetStdHandle, STD_OUTPUT_HANDLE
	mov dword ptr [_hOut], eax

	invoke GetStdHandle, STD_INPUT_HANDLE
	mov dword ptr [_hIn], eax

	; v_x = 1
	mov word ptr [v_x], 1

	; v_y = 1
	mov word ptr [v_y], 1

	; t0 = 1 == 1
	mov ax, 1
	cmp ax, 1
	je cmp_t_t0
	mov byte ptr [t0], 0
	jmp cmp_e_t0
cmp_t_t0:
	mov byte ptr [t0], 1
cmp_e_t0:

	; ifFalse t0 goto L0
	movzx eax, byte ptr [t0]
	cmp eax, 0
	je L0
	cmp eax, 0
	je L0

	; t1 = 1 == 2
	mov ax, 1
	cmp ax, 2
	je cmp_t_t1
	mov byte ptr [t1], 0
	jmp cmp_e_t1
cmp_t_t1:
	mov byte ptr [t1], 1
cmp_e_t1:

	; ifFalse t1 goto L2
	movzx eax, byte ptr [t1]
	cmp eax, 0
	je L2
	cmp eax, 0
	je L2

	; WRITE "se"
	mov ecx, offset _str0
	call _print_str

	; goto L3
	jmp L3

	; L2:
L2:

	; WRITE "nao"
	mov ecx, offset _str1
	call _print_str

	; L3:
L3:

	; L0:
L0:

	; L1:
L1:

	invoke Sleep, 50
	invoke ExitProcess, 0

_print_str:
	push ebp
	mov ebp, esp
	push esi
	mov esi, ecx
	xor edx, edx
ps_len:
	cmp byte ptr [esi+edx], 0
	je ps_write
	inc edx
	jmp ps_len
ps_write:
	invoke WriteFile, dword ptr [_hOut], ecx, edx, addr _written, 0
	invoke WriteFile, dword ptr [_hOut], offset _nl, 2, addr _written, 0
	pop esi
	pop ebp
	ret

end start

-----------------------------------------------------------
Assembly salvo em: C:\Users\Yuri\Projetos\compiler\src\test\resources\output\danglingelse.asm
Fase 4 concluída.
]]></system-out>
  </testcase>
  <testcase name="acceptsValidScripts(String)[4]" classname="com.inm.PipelineTest" time="0.005">
    <system-out><![CDATA[file:/C:/Users/Yuri/Projetos/compiler/target/classes/scripts/valid/escreve-teste.prog

=== FASE 1: ANÁLISE LÉXICA E SINTÁTICA ===
Token: program    | Tipo: PROGRAM    | Atributo: -
Token: EscreveTeste | Tipo: ID         | Atributo: EscreveTeste
Token: ;          | Tipo: PVIG       | Atributo: -
Token: begin      | Tipo: BEGIN      | Atributo: -
Token: write      | Tipo: WRITE      | Atributo: -
Token: (          | Tipo: ABPAR      | Atributo: -
Token: "teste"    | Tipo: CADEIA     | Atributo: teste
Token: )          | Tipo: FPAR       | Atributo: -
Token: ;          | Tipo: PVIG       | Atributo: -
Token: end        | Tipo: END        | Atributo: -
Token: .          | Tipo: PONTO      | Atributo: -

--- Árvore Sintática (texto) ---
(prog program EscreveTeste ; decls (cmdComp begin (listCmd (cmdDecl (cmd (cmdWrite write ( (listW (elemW (exprRel (exprLog (exprAd (exprMult (exprNeg (exprPar "teste")) exprMultLine) exprAdLine) exprLogLine) exprRelLine)) listWLine) ))) ; listCmd)) end) . <EOF>)
--------------------------------
Fase 1 concluída. Programa: EscreveTeste

=== FASE 2: ANÁLISE SEMÂNTICA E GERAÇÃO DE CÓDIGO INTERMEDIÁRIO ===

--- Código Intermediário (3AC) ---
WRITE "teste"
----------------------------------
Fase 2 concluída com sucesso.

=== FASE 3: OTIMIZAÇÃO DE CÓDIGO ===

--- Instruções Otimizadas (3AC) ---
WRITE "teste"
-----------------------------------
Fase 3 concluída.

=== FASE 4: GERAÇÃO DE CÓDIGO FINAL (ASSEMBLY x86) ===

--- Assembly x86 Gerado (MASM, Sintaxe Intel Clássica) ---
; ============================================
; Programa : EscreveTeste
; Alvo     : x86 32 bits (MASM, Windows i386)
; ============================================

.386
.model flat, stdcall
option casemap:none

include windows.inc
include kernel32.inc
includelib kernel32.lib

.data
	_buf db 14 dup(0)
	_s_true db 'true', 13, 10, 0
	_s_false db 'false', 13, 10, 0
	_nl db 13, 10
	_hOut dd ?
	_hIn dd ?
	_written dd ?
	_read dd ?

	_str0 db 'teste', 0

.data?
	_ibuf db 12 dup(?)

.code

start:
	invoke GetStdHandle, STD_OUTPUT_HANDLE
	mov dword ptr [_hOut], eax

	invoke GetStdHandle, STD_INPUT_HANDLE
	mov dword ptr [_hIn], eax

	; WRITE "teste"
	mov ecx, offset _str0
	call _print_str

	invoke Sleep, 50
	invoke ExitProcess, 0

_print_str:
	push ebp
	mov ebp, esp
	push esi
	mov esi, ecx
	xor edx, edx
ps_len:
	cmp byte ptr [esi+edx], 0
	je ps_write
	inc edx
	jmp ps_len
ps_write:
	invoke WriteFile, dword ptr [_hOut], ecx, edx, addr _written, 0
	invoke WriteFile, dword ptr [_hOut], offset _nl, 2, addr _written, 0
	pop esi
	pop ebp
	ret

end start

-----------------------------------------------------------
Assembly salvo em: C:\Users\Yuri\Projetos\compiler\src\test\resources\output\escreveteste.asm
Fase 4 concluída.
]]></system-out>
  </testcase>
  <testcase name="acceptsValidScripts(String)[5]" classname="com.inm.PipelineTest" time="0.015">
    <system-out><![CDATA[file:/C:/Users/Yuri/Projetos/compiler/target/classes/scripts/valid/expr-ari.prog

=== FASE 1: ANÁLISE LÉXICA E SINTÁTICA ===
Token: program    | Tipo: PROGRAM    | Atributo: -
Token: exprAri    | Tipo: ID         | Atributo: exprAri
Token: ;          | Tipo: PVIG       | Atributo: -
Token: var        | Tipo: VAR        | Atributo: -
Token: x          | Tipo: ID         | Atributo: x
Token: ,          | Tipo: VIG        | Atributo: -
Token: y          | Tipo: ID         | Atributo: y
Token: ,          | Tipo: VIG        | Atributo: -
Token: z          | Tipo: ID         | Atributo: z
Token: :          | Tipo: DPONTOS    | Atributo: -
Token: integer    | Tipo: INTEGER    | Atributo: -
Token: ;          | Tipo: PVIG       | Atributo: -
Token: begin      | Tipo: BEGIN      | Atributo: -
Token: x          | Tipo: ID         | Atributo: x
Token: :=         | Tipo: ATRIB      | Atributo: -
Token: 10         | Tipo: CTE        | Atributo: 10
Token: ;          | Tipo: PVIG       | Atributo: -
Token: y          | Tipo: ID         | Atributo: y
Token: :=         | Tipo: ATRIB      | Atributo: -
Token: 3          | Tipo: CTE        | Atributo: 3
Token: ;          | Tipo: PVIG       | Atributo: -
Token: z          | Tipo: ID         | Atributo: z
Token: :=         | Tipo: ATRIB      | Atributo: -
Token: x          | Tipo: ID         | Atributo: x
Token: +          | Tipo: OPAD       | Atributo: MAIS
Token: y          | Tipo: ID         | Atributo: y
Token: *          | Tipo: OPMULT     | Atributo: VEZES
Token: 2          | Tipo: CTE        | Atributo: 2
Token: -          | Tipo: OPAD       | Atributo: MENOS
Token: 1          | Tipo: CTE        | Atributo: 1
Token: ;          | Tipo: PVIG       | Atributo: -
Token: write      | Tipo: WRITE      | Atributo: -
Token: (          | Tipo: ABPAR      | Atributo: -
Token: z          | Tipo: ID         | Atributo: z
Token: )          | Tipo: FPAR       | Atributo: -
Token: ;          | Tipo: PVIG       | Atributo: -
Token: end        | Tipo: END        | Atributo: -
Token: .          | Tipo: PONTO      | Atributo: -

--- Árvore Sintática (texto) ---
(prog program exprAri ; (decls var (listDecl (declTip (listId x (listIdLine , y (listIdLine , z listIdLine))) : (tip integer) ;) listDeclLine)) (cmdComp begin (listCmd (cmdDecl (cmd (cmdAtrib x := (exprRel (exprLog (exprAd (exprMult (exprNeg (exprPar 10)) exprMultLine) exprAdLine) exprLogLine) exprRelLine))) ; (listCmd (cmdDecl (cmd (cmdAtrib y := (exprRel (exprLog (exprAd (exprMult (exprNeg (exprPar 3)) exprMultLine) exprAdLine) exprLogLine) exprRelLine))) ; (listCmd (cmdDecl (cmd (cmdAtrib z := (exprRel (exprLog (exprAd (exprMult (exprNeg (exprPar x)) exprMultLine) (exprAdLine + (exprMult (exprNeg (exprPar y)) (exprMultLine * (exprNeg (exprPar 2)) exprMultLine)) (exprAdLine - (exprMult (exprNeg (exprPar 1)) exprMultLine) exprAdLine))) exprLogLine) exprRelLine))) ; (listCmd (cmdDecl (cmd (cmdWrite write ( (listW (elemW (exprRel (exprLog (exprAd (exprMult (exprNeg (exprPar z)) exprMultLine) exprAdLine) exprLogLine) exprRelLine)) listWLine) ))) ; listCmd)))))))) end) . <EOF>)
--------------------------------
Fase 1 concluída. Programa: exprAri

=== FASE 2: ANÁLISE SEMÂNTICA E GERAÇÃO DE CÓDIGO INTERMEDIÁRIO ===

--- Código Intermediário (3AC) ---
v_x = 10
v_y = 3
t0 = v_y * 2
t1 = t0 - 1
t2 = v_x + t1
v_z = t2
WRITE v_z
----------------------------------
Fase 2 concluída com sucesso.

=== FASE 3: OTIMIZAÇÃO DE CÓDIGO ===

--- Instruções Otimizadas (3AC) ---
v_x = 10
v_y = 3
t0 = 3 << 1
t1 = t0 - 1
t2 = 10 + t1
v_z = t2
WRITE v_z
-----------------------------------
Fase 3 concluída.

=== FASE 4: GERAÇÃO DE CÓDIGO FINAL (ASSEMBLY x86) ===

--- Assembly x86 Gerado (MASM, Sintaxe Intel Clássica) ---
; ============================================
; Programa : exprAri
; Alvo     : x86 32 bits (MASM, Windows i386)
; ============================================

.386
.model flat, stdcall
option casemap:none

include windows.inc
include kernel32.inc
includelib kernel32.lib

.data
	v_x dw 0
	v_y dw 0
	v_z dw 0
	t0 dw 0
	t1 dw 0
	t2 dw 0
	_buf db 14 dup(0)
	_s_true db 'true', 13, 10, 0
	_s_false db 'false', 13, 10, 0
	_nl db 13, 10
	_hOut dd ?
	_hIn dd ?
	_written dd ?
	_read dd ?


.data?
	_ibuf db 12 dup(?)

.code

start:
	invoke GetStdHandle, STD_OUTPUT_HANDLE
	mov dword ptr [_hOut], eax

	invoke GetStdHandle, STD_INPUT_HANDLE
	mov dword ptr [_hIn], eax

	; v_x = 10
	mov word ptr [v_x], 10

	; v_y = 3
	mov word ptr [v_y], 3

	; t0 = 3 << 1
	mov ax, 3
	shl ax, 1
	mov word ptr [t0], ax

	; t1 = t0 - 1
	mov ax, word ptr [t0]
	sub ax, 1
	mov word ptr [t1], ax

	; t2 = 10 + t1
	mov ax, 10
	add ax, word ptr [t1]
	mov word ptr [t2], ax

	; v_z = t2
	mov ax, word ptr [t2]
	mov word ptr [v_z], ax

	; WRITE v_z
	movsx eax, word ptr [v_z]
	push eax
	call _print_int

	invoke Sleep, 50
	invoke ExitProcess, 0

_print_int:
	push ebp
	mov ebp, esp
	push ebx
	push esi
	movsx eax, word ptr [ebp+8]
	lea ecx, [_buf+12]
	mov byte ptr [ecx], 13
	inc ecx
	mov byte ptr [ecx], 10
	dec ecx
	mov esi, eax
	test eax, eax
	jns pi_pos
	neg eax
pi_pos:
	mov ebx, 10
pi_loop:
	xor edx, edx
	div ebx
	add dl, '0'
	mov byte ptr [ecx], dl
	dec ecx
	test eax, eax
	jnz pi_loop
	test esi, esi
	jns pi_write
	mov byte ptr [ecx], '-'
	dec ecx
pi_write:
	inc ecx
	lea edx, [_buf+14]
	sub edx, ecx
	invoke WriteFile, dword ptr [_hOut], ecx, edx, addr _written, 0
	pop esi
	pop ebx
	pop ebp
	ret 4

end start

-----------------------------------------------------------
Assembly salvo em: C:\Users\Yuri\Projetos\compiler\src\test\resources\output\exprari.asm
Fase 4 concluída.
]]></system-out>
  </testcase>
  <testcase name="acceptsValidScripts(String)[6]" classname="com.inm.PipelineTest" time="0.009">
    <system-out><![CDATA[file:/C:/Users/Yuri/Projetos/compiler/target/classes/scripts/valid/nome-identificador.prog

=== FASE 1: ANÁLISE LÉXICA E SINTÁTICA ===
Token: program    | Tipo: PROGRAM    | Atributo: -
Token: nomeIdentificador | Tipo: ID         | Atributo: nomeIdentificador
Token: ;          | Tipo: PVIG       | Atributo: -
Token: var        | Tipo: VAR        | Atributo: -
Token: variavelasdae32e2wqdr3asdsaerqwvx2314 | Tipo: ID         | Atributo: variavelasdae32e2wqdr3asdsaerqwvx2314
Token: :          | Tipo: DPONTOS    | Atributo: -
Token: integer    | Tipo: INTEGER    | Atributo: -
Token: ;          | Tipo: PVIG       | Atributo: -
Token: begin      | Tipo: BEGIN      | Atributo: -
Token: variavelasdae32e2wqdr3asdsaerqwvx2314 | Tipo: ID         | Atributo: variavelasdae32e2wqdr3asdsaerqwvx2314
Token: :=         | Tipo: ATRIB      | Atributo: -
Token: 2          | Tipo: CTE        | Atributo: 2
Token: ;          | Tipo: PVIG       | Atributo: -
Token: write      | Tipo: WRITE      | Atributo: -
Token: (          | Tipo: ABPAR      | Atributo: -
Token: variavelasdae32e2wqdr3asdsaerqwvx2314 | Tipo: ID         | Atributo: variavelasdae32e2wqdr3asdsaerqwvx2314
Token: )          | Tipo: FPAR       | Atributo: -
Token: ;          | Tipo: PVIG       | Atributo: -
Token: end        | Tipo: END        | Atributo: -
Token: .          | Tipo: PONTO      | Atributo: -

--- Árvore Sintática (texto) ---
(prog program nomeIdentificador ; (decls var (listDecl (declTip (listId variavelasdae32e2wqdr3asdsaerqwvx2314 listIdLine) : (tip integer) ;) listDeclLine)) (cmdComp begin (listCmd (cmdDecl (cmd (cmdAtrib variavelasdae32e2wqdr3asdsaerqwvx2314 := (exprRel (exprLog (exprAd (exprMult (exprNeg (exprPar 2)) exprMultLine) exprAdLine) exprLogLine) exprRelLine))) ; (listCmd (cmdDecl (cmd (cmdWrite write ( (listW (elemW (exprRel (exprLog (exprAd (exprMult (exprNeg (exprPar variavelasdae32e2wqdr3asdsaerqwvx2314)) exprMultLine) exprAdLine) exprLogLine) exprRelLine)) listWLine) ))) ; listCmd)))) end) . <EOF>)
--------------------------------
Fase 1 concluída. Programa: nomeIdentificador

=== FASE 2: ANÁLISE SEMÂNTICA E GERAÇÃO DE CÓDIGO INTERMEDIÁRIO ===
Aviso [2:4]: Identificador 'variavelasdae32e2wqdr3asdsaerqwvx2314' truncado para 'variavelasdae32e'.

--- Código Intermediário (3AC) ---
v_variavelasdae32e2wqdr3asdsaerqwvx2314 = 2
WRITE v_variavelasdae32e2wqdr3asdsaerqwvx2314
----------------------------------
Fase 2 concluída com sucesso.

=== FASE 3: OTIMIZAÇÃO DE CÓDIGO ===

--- Instruções Otimizadas (3AC) ---
v_variavelasdae32e2wqdr3asdsaerqwvx2314 = 2
WRITE 2
-----------------------------------
Fase 3 concluída.

=== FASE 4: GERAÇÃO DE CÓDIGO FINAL (ASSEMBLY x86) ===

--- Assembly x86 Gerado (MASM, Sintaxe Intel Clássica) ---
; ============================================
; Programa : nomeIdentificador
; Alvo     : x86 32 bits (MASM, Windows i386)
; ============================================

.386
.model flat, stdcall
option casemap:none

include windows.inc
include kernel32.inc
includelib kernel32.lib

.data
	v_variavelasdae32e dw 0
	_buf db 14 dup(0)
	_s_true db 'true', 13, 10, 0
	_s_false db 'false', 13, 10, 0
	_nl db 13, 10
	_hOut dd ?
	_hIn dd ?
	_written dd ?
	_read dd ?


.data?
	_ibuf db 12 dup(?)

.code

start:
	invoke GetStdHandle, STD_OUTPUT_HANDLE
	mov dword ptr [_hOut], eax

	invoke GetStdHandle, STD_INPUT_HANDLE
	mov dword ptr [_hIn], eax

	; v_variavelasdae32e2wqdr3asdsaerqwvx2314 = 2
	mov word ptr [v_variavelasdae32e2wqdr3asdsaerqwvx2314], 2

	; WRITE 2
	push 2
	call _print_int

	invoke Sleep, 50
	invoke ExitProcess, 0

_print_int:
	push ebp
	mov ebp, esp
	push ebx
	push esi
	movsx eax, word ptr [ebp+8]
	lea ecx, [_buf+12]
	mov byte ptr [ecx], 13
	inc ecx
	mov byte ptr [ecx], 10
	dec ecx
	mov esi, eax
	test eax, eax
	jns pi_pos
	neg eax
pi_pos:
	mov ebx, 10
pi_loop:
	xor edx, edx
	div ebx
	add dl, '0'
	mov byte ptr [ecx], dl
	dec ecx
	test eax, eax
	jnz pi_loop
	test esi, esi
	jns pi_write
	mov byte ptr [ecx], '-'
	dec ecx
pi_write:
	inc ecx
	lea edx, [_buf+14]
	sub edx, ecx
	invoke WriteFile, dword ptr [_hOut], ecx, edx, addr _written, 0
	pop esi
	pop ebx
	pop ebp
	ret 4

end start

-----------------------------------------------------------
Assembly salvo em: C:\Users\Yuri\Projetos\compiler\src\test\resources\output\nomeidentificador.asm
Fase 4 concluída.
]]></system-out>
  </testcase>
  <testcase name="acceptsValidScripts(String)[7]" classname="com.inm.PipelineTest" time="0.006">
    <system-out><![CDATA[file:/C:/Users/Yuri/Projetos/compiler/target/classes/scripts/valid/variaveis.prog

=== FASE 1: ANÁLISE LÉXICA E SINTÁTICA ===
Token: program    | Tipo: PROGRAM    | Atributo: -
Token: variaveis  | Tipo: ID         | Atributo: variaveis
Token: ;          | Tipo: PVIG       | Atributo: -
Token: var        | Tipo: VAR        | Atributo: -
Token: x          | Tipo: ID         | Atributo: x
Token: ,          | Tipo: VIG        | Atributo: -
Token: y          | Tipo: ID         | Atributo: y
Token: :          | Tipo: DPONTOS    | Atributo: -
Token: integer    | Tipo: INTEGER    | Atributo: -
Token: ;          | Tipo: PVIG       | Atributo: -
Token: z          | Tipo: ID         | Atributo: z
Token: :          | Tipo: DPONTOS    | Atributo: -
Token: sTrInG     | Tipo: STRING     | Atributo: -
Token: ;          | Tipo: PVIG       | Atributo: -
Token: begin      | Tipo: BEGIN      | Atributo: -
Token: write      | Tipo: WRITE      | Atributo: -
Token: (          | Tipo: ABPAR      | Atributo: -
Token: x          | Tipo: ID         | Atributo: x
Token: )          | Tipo: FPAR       | Atributo: -
Token: ;          | Tipo: PVIG       | Atributo: -
Token: write      | Tipo: WRITE      | Atributo: -
Token: (          | Tipo: ABPAR      | Atributo: -
Token: y          | Tipo: ID         | Atributo: y
Token: )          | Tipo: FPAR       | Atributo: -
Token: ;          | Tipo: PVIG       | Atributo: -
Token: read       | Tipo: READ       | Atributo: -
Token: (          | Tipo: ABPAR      | Atributo: -
Token: z          | Tipo: ID         | Atributo: z
Token: )          | Tipo: FPAR       | Atributo: -
Token: ;          | Tipo: PVIG       | Atributo: -
Token: end        | Tipo: END        | Atributo: -
Token: .          | Tipo: PONTO      | Atributo: -

--- Árvore Sintática (texto) ---
(prog program variaveis ; (decls var (listDecl (declTip (listId x (listIdLine , y listIdLine)) : (tip integer) ;) (listDeclLine (declTip (listId z listIdLine) : (tip sTrInG) ;) listDeclLine))) (cmdComp begin (listCmd (cmdDecl (cmd (cmdWrite write ( (listW (elemW (exprRel (exprLog (exprAd (exprMult (exprNeg (exprPar x)) exprMultLine) exprAdLine) exprLogLine) exprRelLine)) listWLine) ))) ; (listCmd (cmdDecl (cmd (cmdWrite write ( (listW (elemW (exprRel (exprLog (exprAd (exprMult (exprNeg (exprPar y)) exprMultLine) exprAdLine) exprLogLine) exprRelLine)) listWLine) ))) ; (listCmd (cmdDecl (cmd (cmdRead read ( (listId z listIdLine) ))) ; listCmd)))))) end) . <EOF>)
--------------------------------
Fase 1 concluída. Programa: variaveis

=== FASE 2: ANÁLISE SEMÂNTICA E GERAÇÃO DE CÓDIGO INTERMEDIÁRIO ===

--- Código Intermediário (3AC) ---
WRITE v_x
WRITE v_y
READ_STRING v_z
----------------------------------
Fase 2 concluída com sucesso.

=== FASE 3: OTIMIZAÇÃO DE CÓDIGO ===

--- Instruções Otimizadas (3AC) ---
WRITE v_x
WRITE v_y
READ_STRING v_z
-----------------------------------
Fase 3 concluída.

=== FASE 4: GERAÇÃO DE CÓDIGO FINAL (ASSEMBLY x86) ===

--- Assembly x86 Gerado (MASM, Sintaxe Intel Clássica) ---
; ============================================
; Programa : variaveis
; Alvo     : x86 32 bits (MASM, Windows i386)
; ============================================

.386
.model flat, stdcall
option casemap:none

include windows.inc
include kernel32.inc
includelib kernel32.lib

.data
	v_x dw 0
	v_y dw 0
	v_z db 256 dup(0)
	_buf db 14 dup(0)
	_s_true db 'true', 13, 10, 0
	_s_false db 'false', 13, 10, 0
	_nl db 13, 10
	_hOut dd ?
	_hIn dd ?
	_written dd ?
	_read dd ?


.data?
	_ibuf db 12 dup(?)

.code

start:
	invoke GetStdHandle, STD_OUTPUT_HANDLE
	mov dword ptr [_hOut], eax

	invoke GetStdHandle, STD_INPUT_HANDLE
	mov dword ptr [_hIn], eax

	; WRITE v_x
	movsx eax, word ptr [v_x]
	push eax
	call _print_int

	; WRITE v_y
	movsx eax, word ptr [v_y]
	push eax
	call _print_int

	; READ_STRING v_z
	lea ecx, v_z
	call _read_str

	invoke Sleep, 50
	invoke ExitProcess, 0

_print_int:
	push ebp
	mov ebp, esp
	push ebx
	push esi
	movsx eax, word ptr [ebp+8]
	lea ecx, [_buf+12]
	mov byte ptr [ecx], 13
	inc ecx
	mov byte ptr [ecx], 10
	dec ecx
	mov esi, eax
	test eax, eax
	jns pi_pos
	neg eax
pi_pos:
	mov ebx, 10
pi_loop:
	xor edx, edx
	div ebx
	add dl, '0'
	mov byte ptr [ecx], dl
	dec ecx
	test eax, eax
	jnz pi_loop
	test esi, esi
	jns pi_write
	mov byte ptr [ecx], '-'
	dec ecx
pi_write:
	inc ecx
	lea edx, [_buf+14]
	sub edx, ecx
	invoke WriteFile, dword ptr [_hOut], ecx, edx, addr _written, 0
	pop esi
	pop ebx
	pop ebp
	ret 4

_read_str:
	push ebp
	mov ebp, esp
	push esi
	push edi
	push ebx
	mov edi, ecx
	invoke ReadFile, dword ptr [_hIn], edi, 255, addr _read, 0
	mov esi, edi
	xor ebx, ebx
rs_scan:
	mov al, byte ptr [esi+ebx]
	cmp al, 13
	je rs_trim
	cmp al, 10
	je rs_trim
	cmp al, 0
	je rs_done
	inc ebx
	jmp rs_scan
rs_trim:
	mov byte ptr [esi+ebx], 0
rs_done:
	pop ebx
	pop edi
	pop esi
	pop ebp
	ret

end start

-----------------------------------------------------------
Assembly salvo em: C:\Users\Yuri\Projetos\compiler\src\test\resources\output\variaveis.asm
Fase 4 concluída.
]]></system-out>
  </testcase>
  <testcase name="acceptsValidScripts(String)[8]" classname="com.inm.PipelineTest" time="0.01">
    <system-out><![CDATA[file:/C:/Users/Yuri/Projetos/compiler/target/classes/scripts/valid/while-script.prog

=== FASE 1: ANÁLISE LÉXICA E SINTÁTICA ===
Token: program    | Tipo: PROGRAM    | Atributo: -
Token: whilescript | Tipo: ID         | Atributo: whilescript
Token: ;          | Tipo: PVIG       | Atributo: -
Token: var        | Tipo: VAR        | Atributo: -
Token: id         | Tipo: ID         | Atributo: id
Token: :          | Tipo: DPONTOS    | Atributo: -
Token: integer    | Tipo: INTEGER    | Atributo: -
Token: ;          | Tipo: PVIG       | Atributo: -
Token: begin      | Tipo: BEGIN      | Atributo: -
Token: id         | Tipo: ID         | Atributo: id
Token: :=         | Tipo: ATRIB      | Atributo: -
Token: 0          | Tipo: CTE        | Atributo: 0
Token: ;          | Tipo: PVIG       | Atributo: -
Token: while      | Tipo: WHILE      | Atributo: -
Token: id         | Tipo: ID         | Atributo: id
Token: <          | Tipo: OPREL      | Atributo: MENOR
Token: 10         | Tipo: CTE        | Atributo: 10
Token: do         | Tipo: DO         | Atributo: -
Token: begin      | Tipo: BEGIN      | Atributo: -
Token: id         | Tipo: ID         | Atributo: id
Token: :=         | Tipo: ATRIB      | Atributo: -
Token: id         | Tipo: ID         | Atributo: id
Token: +          | Tipo: OPAD       | Atributo: MAIS
Token: 1          | Tipo: CTE        | Atributo: 1
Token: ;          | Tipo: PVIG       | Atributo: -
Token: write      | Tipo: WRITE      | Atributo: -
Token: (          | Tipo: ABPAR      | Atributo: -
Token: id         | Tipo: ID         | Atributo: id
Token: )          | Tipo: FPAR       | Atributo: -
Token: ;          | Tipo: PVIG       | Atributo: -
Token: end        | Tipo: END        | Atributo: -
Token: ;          | Tipo: PVIG       | Atributo: -
Token: end        | Tipo: END        | Atributo: -
Token: .          | Tipo: PONTO      | Atributo: -

--- Árvore Sintática (texto) ---
(prog program whilescript ; (decls var (listDecl (declTip (listId id listIdLine) : (tip integer) ;) listDeclLine)) (cmdComp begin (listCmd (cmdDecl (cmd (cmdAtrib id := (exprRel (exprLog (exprAd (exprMult (exprNeg (exprPar 0)) exprMultLine) exprAdLine) exprLogLine) exprRelLine))) ; (listCmd (cmdDecl (cmd (cmdWhile while (exprRel (exprLog (exprAd (exprMult (exprNeg (exprPar id)) exprMultLine) exprAdLine) exprLogLine) (exprRelLine < (exprLog (exprAd (exprMult (exprNeg (exprPar 10)) exprMultLine) exprAdLine) exprLogLine) exprRelLine)) do (cmdComp begin (listCmd (cmdDecl (cmd (cmdAtrib id := (exprRel (exprLog (exprAd (exprMult (exprNeg (exprPar id)) exprMultLine) (exprAdLine + (exprMult (exprNeg (exprPar 1)) exprMultLine) exprAdLine)) exprLogLine) exprRelLine))) ; (listCmd (cmdDecl (cmd (cmdWrite write ( (listW (elemW (exprRel (exprLog (exprAd (exprMult (exprNeg (exprPar id)) exprMultLine) exprAdLine) exprLogLine) exprRelLine)) listWLine) ))) ; listCmd)))) end))) ; listCmd)))) end) . <EOF>)
--------------------------------
Fase 1 concluída. Programa: whilescript

=== FASE 2: ANÁLISE SEMÂNTICA E GERAÇÃO DE CÓDIGO INTERMEDIÁRIO ===

--- Código Intermediário (3AC) ---
v_id = 0
L0:
t0 = v_id < 10
ifFalse t0 goto L1
t1 = v_id + 1
v_id = t1
WRITE v_id
goto L0
L1:
----------------------------------
Fase 2 concluída com sucesso.

=== FASE 3: OTIMIZAÇÃO DE CÓDIGO ===

--- Instruções Otimizadas (3AC) ---
v_id = 0
L0:
t0 = v_id < 10
ifFalse t0 goto L1
t1 = v_id + 1
v_id = t1
WRITE v_id
goto L0
L1:
-----------------------------------
Fase 3 concluída.

=== FASE 4: GERAÇÃO DE CÓDIGO FINAL (ASSEMBLY x86) ===

--- Assembly x86 Gerado (MASM, Sintaxe Intel Clássica) ---
; ============================================
; Programa : whilescript
; Alvo     : x86 32 bits (MASM, Windows i386)
; ============================================

.386
.model flat, stdcall
option casemap:none

include windows.inc
include kernel32.inc
includelib kernel32.lib

.data
	v_id dw 0
	t0 db 0
	t1 dw 0
	_buf db 14 dup(0)
	_s_true db 'true', 13, 10, 0
	_s_false db 'false', 13, 10, 0
	_nl db 13, 10
	_hOut dd ?
	_hIn dd ?
	_written dd ?
	_read dd ?


.data?
	_ibuf db 12 dup(?)

.code

start:
	invoke GetStdHandle, STD_OUTPUT_HANDLE
	mov dword ptr [_hOut], eax

	invoke GetStdHandle, STD_INPUT_HANDLE
	mov dword ptr [_hIn], eax

	; v_id = 0
	mov word ptr [v_id], 0

	; L0:
L0:

	; t0 = v_id < 10
	mov ax, word ptr [v_id]
	cmp ax, 10
	jl cmp_t_t0
	mov byte ptr [t0], 0
	jmp cmp_e_t0
cmp_t_t0:
	mov byte ptr [t0], 1
cmp_e_t0:

	; ifFalse t0 goto L1
	movzx eax, byte ptr [t0]
	cmp eax, 0
	je L1
	cmp eax, 0
	je L1

	; t1 = v_id + 1
	mov ax, word ptr [v_id]
	add ax, 1
	mov word ptr [t1], ax

	; v_id = t1
	mov ax, word ptr [t1]
	mov word ptr [v_id], ax

	; WRITE v_id
	movsx eax, word ptr [v_id]
	push eax
	call _print_int

	; goto L0
	jmp L0

	; L1:
L1:

	invoke Sleep, 50
	invoke ExitProcess, 0

_print_int:
	push ebp
	mov ebp, esp
	push ebx
	push esi
	movsx eax, word ptr [ebp+8]
	lea ecx, [_buf+12]
	mov byte ptr [ecx], 13
	inc ecx
	mov byte ptr [ecx], 10
	dec ecx
	mov esi, eax
	test eax, eax
	jns pi_pos
	neg eax
pi_pos:
	mov ebx, 10
pi_loop:
	xor edx, edx
	div ebx
	add dl, '0'
	mov byte ptr [ecx], dl
	dec ecx
	test eax, eax
	jnz pi_loop
	test esi, esi
	jns pi_write
	mov byte ptr [ecx], '-'
	dec ecx
pi_write:
	inc ecx
	lea edx, [_buf+14]
	sub edx, ecx
	invoke WriteFile, dword ptr [_hOut], ecx, edx, addr _written, 0
	pop esi
	pop ebx
	pop ebp
	ret 4

end start

-----------------------------------------------------------
Assembly salvo em: C:\Users\Yuri\Projetos\compiler\src\test\resources\output\whilescript.asm
Fase 4 concluída.
]]></system-out>
  </testcase>
  <testcase name="acceptsValidScripts(String)[9]" classname="com.inm.PipelineTest" time="0.007">
    <system-out><![CDATA[file:/C:/Users/Yuri/Projetos/compiler/target/classes/scripts/valid/condicional.prog

=== FASE 1: ANÁLISE LÉXICA E SINTÁTICA ===
Token: program    | Tipo: PROGRAM    | Atributo: -
Token: condicional | Tipo: ID         | Atributo: condicional
Token: ;          | Tipo: PVIG       | Atributo: -
Token: var        | Tipo: VAR        | Atributo: -
Token: x          | Tipo: ID         | Atributo: x
Token: :          | Tipo: DPONTOS    | Atributo: -
Token: integer    | Tipo: INTEGER    | Atributo: -
Token: ;          | Tipo: PVIG       | Atributo: -
Token: begin      | Tipo: BEGIN      | Atributo: -
Token: x          | Tipo: ID         | Atributo: x
Token: :=         | Tipo: ATRIB      | Atributo: -
Token: 5          | Tipo: CTE        | Atributo: 5
Token: ;          | Tipo: PVIG       | Atributo: -
Token: if         | Tipo: IF         | Atributo: -
Token: x          | Tipo: ID         | Atributo: x
Token: >          | Tipo: OPREL      | Atributo: MAIOR
Token: 3          | Tipo: CTE        | Atributo: 3
Token: then       | Tipo: THEN       | Atributo: -
Token: begin      | Tipo: BEGIN      | Atributo: -
Token: write      | Tipo: WRITE      | Atributo: -
Token: (          | Tipo: ABPAR      | Atributo: -
Token: "maior"    | Tipo: CADEIA     | Atributo: maior
Token: )          | Tipo: FPAR       | Atributo: -
Token: ;          | Tipo: PVIG       | Atributo: -
Token: write      | Tipo: WRITE      | Atributo: -
Token: (          | Tipo: ABPAR      | Atributo: -
Token: "dois"     | Tipo: CADEIA     | Atributo: dois
Token: )          | Tipo: FPAR       | Atributo: -
Token: ;          | Tipo: PVIG       | Atributo: -
Token: end        | Tipo: END        | Atributo: -
Token: else       | Tipo: ELSE       | Atributo: -
Token: begin      | Tipo: BEGIN      | Atributo: -
Token: write      | Tipo: WRITE      | Atributo: -
Token: (          | Tipo: ABPAR      | Atributo: -
Token: "menor"    | Tipo: CADEIA     | Atributo: menor
Token: )          | Tipo: FPAR       | Atributo: -
Token: ;          | Tipo: PVIG       | Atributo: -
Token: end        | Tipo: END        | Atributo: -
Token: ;          | Tipo: PVIG       | Atributo: -
Token: end        | Tipo: END        | Atributo: -
Token: .          | Tipo: PONTO      | Atributo: -

--- Árvore Sintática (texto) ---
(prog program condicional ; (decls var (listDecl (declTip (listId x listIdLine) : (tip integer) ;) listDeclLine)) (cmdComp begin (listCmd (cmdDecl (cmd (cmdAtrib x := (exprRel (exprLog (exprAd (exprMult (exprNeg (exprPar 5)) exprMultLine) exprAdLine) exprLogLine) exprRelLine))) ; (listCmd (cmdDecl (cmd (cmdIf if (exprRel (exprLog (exprAd (exprMult (exprNeg (exprPar x)) exprMultLine) exprAdLine) exprLogLine) (exprRelLine > (exprLog (exprAd (exprMult (exprNeg (exprPar 3)) exprMultLine) exprAdLine) exprLogLine) exprRelLine)) then (cmdComp begin (listCmd (cmdDecl (cmd (cmdWrite write ( (listW (elemW (exprRel (exprLog (exprAd (exprMult (exprNeg (exprPar "maior")) exprMultLine) exprAdLine) exprLogLine) exprRelLine)) listWLine) ))) ; (listCmd (cmdDecl (cmd (cmdWrite write ( (listW (elemW (exprRel (exprLog (exprAd (exprMult (exprNeg (exprPar "dois")) exprMultLine) exprAdLine) exprLogLine) exprRelLine)) listWLine) ))) ; listCmd)))) end) (cmdIfLine else (cmdComp begin (listCmd (cmdDecl (cmd (cmdWrite write ( (listW (elemW (exprRel (exprLog (exprAd (exprMult (exprNeg (exprPar "menor")) exprMultLine) exprAdLine) exprLogLine) exprRelLine)) listWLine) ))) ; listCmd)) end)))) ; listCmd)))) end) . <EOF>)
--------------------------------
Fase 1 concluída. Programa: condicional

=== FASE 2: ANÁLISE SEMÂNTICA E GERAÇÃO DE CÓDIGO INTERMEDIÁRIO ===

--- Código Intermediário (3AC) ---
v_x = 5
t0 = v_x > 3
ifFalse t0 goto L0
WRITE "maior"
WRITE "dois"
goto L1
L0:
WRITE "menor"
L1:
----------------------------------
Fase 2 concluída com sucesso.

=== FASE 3: OTIMIZAÇÃO DE CÓDIGO ===

--- Instruções Otimizadas (3AC) ---
v_x = 5
t0 = 5 > 3
ifFalse t0 goto L0
WRITE "maior"
WRITE "dois"
goto L1
L0:
WRITE "menor"
L1:
-----------------------------------
Fase 3 concluída.

=== FASE 4: GERAÇÃO DE CÓDIGO FINAL (ASSEMBLY x86) ===

--- Assembly x86 Gerado (MASM, Sintaxe Intel Clássica) ---
; ============================================
; Programa : condicional
; Alvo     : x86 32 bits (MASM, Windows i386)
; ============================================

.386
.model flat, stdcall
option casemap:none

include windows.inc
include kernel32.inc
includelib kernel32.lib

.data
	v_x dw 0
	t0 db 0
	_buf db 14 dup(0)
	_s_true db 'true', 13, 10, 0
	_s_false db 'false', 13, 10, 0
	_nl db 13, 10
	_hOut dd ?
	_hIn dd ?
	_written dd ?
	_read dd ?

	_str0 db 'maior', 0
	_str1 db 'dois', 0
	_str2 db 'menor', 0

.data?
	_ibuf db 12 dup(?)

.code

start:
	invoke GetStdHandle, STD_OUTPUT_HANDLE
	mov dword ptr [_hOut], eax

	invoke GetStdHandle, STD_INPUT_HANDLE
	mov dword ptr [_hIn], eax

	; v_x = 5
	mov word ptr [v_x], 5

	; t0 = 5 > 3
	mov ax, 5
	cmp ax, 3
	jg cmp_t_t0
	mov byte ptr [t0], 0
	jmp cmp_e_t0
cmp_t_t0:
	mov byte ptr [t0], 1
cmp_e_t0:

	; ifFalse t0 goto L0
	movzx eax, byte ptr [t0]
	cmp eax, 0
	je L0
	cmp eax, 0
	je L0

	; WRITE "maior"
	mov ecx, offset _str0
	call _print_str

	; WRITE "dois"
	mov ecx, offset _str1
	call _print_str

	; goto L1
	jmp L1

	; L0:
L0:

	; WRITE "menor"
	mov ecx, offset _str2
	call _print_str

	; L1:
L1:

	invoke Sleep, 50
	invoke ExitProcess, 0

_print_str:
	push ebp
	mov ebp, esp
	push esi
	mov esi, ecx
	xor edx, edx
ps_len:
	cmp byte ptr [esi+edx], 0
	je ps_write
	inc edx
	jmp ps_len
ps_write:
	invoke WriteFile, dword ptr [_hOut], ecx, edx, addr _written, 0
	invoke WriteFile, dword ptr [_hOut], offset _nl, 2, addr _written, 0
	pop esi
	pop ebp
	ret

end start

-----------------------------------------------------------
Assembly salvo em: C:\Users\Yuri\Projetos\compiler\src\test\resources\output\condicional.asm
Fase 4 concluída.
]]></system-out>
  </testcase>
  <testcase name="acceptsValidScripts(String)[10]" classname="com.inm.PipelineTest" time="0.01">
    <system-out><![CDATA[file:/C:/Users/Yuri/Projetos/compiler/target/classes/scripts/valid/if-aninhado.prog

=== FASE 1: ANÁLISE LÉXICA E SINTÁTICA ===
Token: program    | Tipo: PROGRAM    | Atributo: -
Token: ifaninhado | Tipo: ID         | Atributo: ifaninhado
Token: ;          | Tipo: PVIG       | Atributo: -
Token: begin      | Tipo: BEGIN      | Atributo: -
Token: write      | Tipo: WRITE      | Atributo: -
Token: (          | Tipo: ABPAR      | Atributo: -
Token: "teste7"   | Tipo: CADEIA     | Atributo: teste7
Token: )          | Tipo: FPAR       | Atributo: -
Token: ;          | Tipo: PVIG       | Atributo: -
Token: if         | Tipo: IF         | Atributo: -
Token: true       | Tipo: TRUE       | Atributo: -
Token: then       | Tipo: THEN       | Atributo: -
Token: begin      | Tipo: BEGIN      | Atributo: -
Token: write      | Tipo: WRITE      | Atributo: -
Token: (          | Tipo: ABPAR      | Atributo: -
Token: "teste5"   | Tipo: CADEIA     | Atributo: teste5
Token: )          | Tipo: FPAR       | Atributo: -
Token: ;          | Tipo: PVIG       | Atributo: -
Token: if         | Tipo: IF         | Atributo: -
Token: 4          | Tipo: CTE        | Atributo: 4
Token: >          | Tipo: OPREL      | Atributo: MAIOR
Token: 2          | Tipo: CTE        | Atributo: 2
Token: then       | Tipo: THEN       | Atributo: -
Token: begin      | Tipo: BEGIN      | Atributo: -
Token: write      | Tipo: WRITE      | Atributo: -
Token: (          | Tipo: ABPAR      | Atributo: -
Token: "teste3"   | Tipo: CADEIA     | Atributo: teste3
Token: )          | Tipo: FPAR       | Atributo: -
Token: ;          | Tipo: PVIG       | Atributo: -
Token: if         | Tipo: IF         | Atributo: -
Token: ~          | Tipo: OPNEG      | Atributo: NEG
Token: false      | Tipo: FALSE      | Atributo: -
Token: then       | Tipo: THEN       | Atributo: -
Token: begin      | Tipo: BEGIN      | Atributo: -
Token: write      | Tipo: WRITE      | Atributo: -
Token: (          | Tipo: ABPAR      | Atributo: -
Token: "teste1"   | Tipo: CADEIA     | Atributo: teste1
Token: )          | Tipo: FPAR       | Atributo: -
Token: ;          | Tipo: PVIG       | Atributo: -
Token: write      | Tipo: WRITE      | Atributo: -
Token: (          | Tipo: ABPAR      | Atributo: -
Token: "teste2"   | Tipo: CADEIA     | Atributo: teste2
Token: )          | Tipo: FPAR       | Atributo: -
Token: ;          | Tipo: PVIG       | Atributo: -
Token: end        | Tipo: END        | Atributo: -
Token: ;          | Tipo: PVIG       | Atributo: -
Token: write      | Tipo: WRITE      | Atributo: -
Token: (          | Tipo: ABPAR      | Atributo: -
Token: "teste4"   | Tipo: CADEIA     | Atributo: teste4
Token: )          | Tipo: FPAR       | Atributo: -
Token: ;          | Tipo: PVIG       | Atributo: -
Token: end        | Tipo: END        | Atributo: -
Token: ;          | Tipo: PVIG       | Atributo: -
Token: write      | Tipo: WRITE      | Atributo: -
Token: (          | Tipo: ABPAR      | Atributo: -
Token: "teste6"   | Tipo: CADEIA     | Atributo: teste6
Token: )          | Tipo: FPAR       | Atributo: -
Token: ;          | Tipo: PVIG       | Atributo: -
Token: end        | Tipo: END        | Atributo: -
Token: ;          | Tipo: PVIG       | Atributo: -
Token: write      | Tipo: WRITE      | Atributo: -
Token: (          | Tipo: ABPAR      | Atributo: -
Token: "teste8"   | Tipo: CADEIA     | Atributo: teste8
Token: )          | Tipo: FPAR       | Atributo: -
Token: ;          | Tipo: PVIG       | Atributo: -
Token: end        | Tipo: END        | Atributo: -
Token: .          | Tipo: PONTO      | Atributo: -

--- Árvore Sintática (texto) ---
[...]
	pop esi
	pop ebx
	pop ebp
	ret 4

_print_bool:
	push ebp
	mov ebp, esp
	movzx eax, byte ptr [ebp+8]
	test eax, eax
	jz pb_false
	mov ecx, offset _s_true
	mov edx, 6
	jmp pb_write
pb_false:
	mov ecx, offset _s_false
	mov edx, 7
pb_write:
	invoke WriteFile, dword ptr [_hOut], ecx, edx, addr _written, 0
	pop ebp
	ret 4

_print_str:
	push ebp
	mov ebp, esp
	push esi
	mov esi, ecx
	xor edx, edx
ps_len:
	cmp byte ptr [esi+edx], 0
	je ps_write
	inc edx
	jmp ps_len
ps_write:
	invoke WriteFile, dword ptr [_hOut], ecx, edx, addr _written, 0
	invoke WriteFile, dword ptr [_hOut], offset _nl, 2, addr _written, 0
	pop esi
	pop ebp
	ret

_read_int:
	push ebp
	mov ebp, esp
	push esi
	push ebx
	invoke ReadFile, dword ptr [_hIn], addr _ibuf, 12, addr _read, 0
	mov esi, offset _ibuf
	xor eax, eax
	xor ebx, ebx
	mov cl, byte ptr [esi]
	cmp cl, '-'
	jne ri_loop
	mov ebx, 1
	inc esi
ri_loop:
	mov cl, byte ptr [esi]
	cmp cl, '0'
	jl ri_done
	cmp cl, '9'
	jg ri_done
	sub cl, '0'
	imul eax, eax, 10
	movzx ecx, cl
	add eax, ecx
	inc esi
	jmp ri_loop
ri_done:
	test ebx, ebx
	jz ri_pos
	neg eax
ri_pos:
	pop ebx
	pop esi
	pop ebp
	ret

end start

-----------------------------------------------------------
Assembly salvo em: C:\Users\Yuri\Projetos\compiler\src\test\resources\output\sistemaacademico.asm
Fase 4 concluída.
]]></system-out>
  </testcase>
  <testcase name="acceptsValidScripts(String)[17]" classname="com.inm.PipelineTest" time="0.011">
    <system-out><![CDATA[file:/C:/Users/Yuri/Projetos/compiler/target/classes/scripts/valid/controle-estoque.prog

=== FASE 1: ANÁLISE LÉXICA E SINTÁTICA ===
Token: PROGRAM    | Tipo: PROGRAM    | Atributo: -
Token: ControleEstoque | Tipo: ID         | Atributo: ControleEstoque
Token: ;          | Tipo: PVIG       | Atributo: -
Token: BEGIN      | Tipo: BEGIN      | Atributo: -
Token: VAR        | Tipo: VAR        | Atributo: -
Token: quantidade | Tipo: ID         | Atributo: quantidade
Token: :          | Tipo: DPONTOS    | Atributo: -
Token: INTEGER    | Tipo: INTEGER    | Atributo: -
Token: ;          | Tipo: PVIG       | Atributo: -
Token: VAR        | Tipo: VAR        | Atributo: -
Token: vendidos   | Tipo: ID         | Atributo: vendidos
Token: :          | Tipo: DPONTOS    | Atributo: -
Token: INTEGER    | Tipo: INTEGER    | Atributo: -
Token: ;          | Tipo: PVIG       | Atributo: -
Token: VAR        | Tipo: VAR        | Atributo: -
Token: restante   | Tipo: ID         | Atributo: restante
Token: :          | Tipo: DPONTOS    | Atributo: -
Token: INTEGER    | Tipo: INTEGER    | Atributo: -
Token: ;          | Tipo: PVIG       | Atributo: -
Token: VAR        | Tipo: VAR        | Atributo: -
Token: continuar  | Tipo: ID         | Atributo: continuar
Token: :          | Tipo: DPONTOS    | Atributo: -
Token: BOOLEAN    | Tipo: BOOLEAN    | Atributo: -
Token: ;          | Tipo: PVIG       | Atributo: -
Token: quantidade | Tipo: ID         | Atributo: quantidade
Token: :=         | Tipo: ATRIB      | Atributo: -
Token: 20         | Tipo: CTE        | Atributo: 20
Token: ;          | Tipo: PVIG       | Atributo: -
Token: vendidos   | Tipo: ID         | Atributo: vendidos
Token: :=         | Tipo: ATRIB      | Atributo: -
Token: 0          | Tipo: CTE        | Atributo: 0
Token: ;          | Tipo: PVIG       | Atributo: -
Token: continuar  | Tipo: ID         | Atributo: continuar
Token: :=         | Tipo: ATRIB      | Atributo: -
Token: TRUE       | Tipo: TRUE       | Atributo: -
Token: ;          | Tipo: PVIG       | Atributo: -
Token: WHILE      | Tipo: WHILE      | Atributo: -
Token: continuar  | Tipo: ID         | Atributo: continuar
Token: DO         | Tipo: DO         | Atributo: -
Token: BEGIN      | Tipo: BEGIN      | Atributo: -
Token: vendidos   | Tipo: ID         | Atributo: vendidos
Token: :=         | Tipo: ATRIB      | Atributo: -
Token: vendidos   | Tipo: ID         | Atributo: vendidos
Token: +          | Tipo: OPAD       | Atributo: MAIS
Token: 2          | Tipo: CTE        | Atributo: 2
Token: ;          | Tipo: PVIG       | Atributo: -
Token: restante   | Tipo: ID         | Atributo: restante
Token: :=         | Tipo: ATRIB      | Atributo: -
Token: quantidade | Tipo: ID         | Atributo: quantidade
Token: -          | Tipo: OPAD       | Atributo: MENOS
Token: vendidos   | Tipo: ID         | Atributo: vendidos
Token: ;          | Tipo: PVIG       | Atributo: -
Token: WRITE      | Tipo: WRITE      | Atributo: -
Token: (          | Tipo: ABPAR      | Atributo: -
Token: "VENDIDOS" | Tipo: CADEIA     | Atributo: VENDIDOS
Token: )          | Tipo: FPAR       | Atributo: -
Token: ;          | Tipo: PVIG       | Atributo: -
Token: WRITE      | Tipo: WRITE      | Atributo: -
Token: (          | Tipo: ABPAR      | Atributo: -
Token: vendidos   | Tipo: ID         | Atributo: vendidos
Token: )          | Tipo: FPAR       | Atributo: -
Token: ;          | Tipo: PVIG       | Atributo: -
Token: WRITE      | Tipo: WRITE      | Atributo: -
Token: (          | Tipo: ABPAR      | Atributo: -
Token: "RESTANTE" | Tipo: CADEIA     | Atributo: RESTANTE
Token: )          | Tipo: FPAR       | Atributo: -
Token: ;          | Tipo: PVIG       | Atributo: -
Token: WRITE      | Tipo: WRITE      | Atributo: -
Token: (          | Tipo: ABPAR      | Atributo: -
Token: restante   | Tipo: ID         | Atributo: restante
Token: )          | Tipo: FPAR       | Atributo: -
Token: ;          | Tipo: PVIG       | Atributo: -
Token: IF         | Tipo: IF         | Atributo: -
Token: restante   | Tipo: ID         | Atributo: restante
Token: <=         | Tipo: OPREL      | Atributo: MENIG
Token: 0          | Tipo: CTE        | Atributo: 0
Token: THEN       | Tipo: THEN       | Atributo: -
Token: BEGIN      | Tipo: BEGIN      | Atributo: -
Token: continuar  | Tipo: ID         | Atributo: continuar
Token: :=         | Tipo: ATRIB      | Atributo: -
Token: FALSE      | Tipo: FALSE      | Atributo: -
Token: ;          | Tipo: PVIG       | Atributo: -
Token: END        | Tipo: END        | Atributo: -
Token: ELSE       | Tipo: ELSE       | Atributo: -
Token: BEGIN      | Tipo: BEGIN      | Atributo: -
Token: continuar  | Tipo: ID         | Atributo: continuar
Token: :=         | Tipo: ATRIB      | Atributo: -
Token: TRUE       | Tipo: TRUE       | Atributo: -
Token: ;          | Tipo: PVIG       | Atributo: -
Token: END        | Tipo: END        | Atributo: -
Token: ;          | Tipo: PVIG       | Atributo: -
Token: END        | Tipo: END        | Atributo: -
Token: ;          | Tipo: PVIG       | Atributo: -
Token: WRITE      | Tipo: WRITE      | Atributo: -
Token: (          | Tipo: ABPAR      | Atributo: -
Token: "ESTOQUE ENCERRADO" | Tipo: CADEIA     | Atributo: ESTOQUE ENCERRADO
Token: )          | Tipo: FPAR       | Atributo: -
Token: ;          | Tipo: PVIG       | Atributo: -
Token: END        | Tipo: END        | Atributo: -
Token: .          | Tipo: PONTO      | Atributo: -

--- Árvore Sintática (texto) ---
(prog PROGRAM ControleEstoque ; decls (cmdComp BEGIN (listCmd (varDecl VAR (declTip (listId quantidade listIdLine) : (tip INTEGER) ;) (listCmd (varDecl VAR (declTip (listId vendidos listIdLine) : (tip INTEGER) ;) (listCmd (varDecl VAR (declTip (listId restante listIdLine) : (tip INTEGER) ;) (listCmd (varDecl VAR (declTip (listId continuar listIdLine) : (tip BOOLEAN) ;) (listCmd (cmdDecl (cmd (cmdAtrib quantidade := (exprRel (exprLog (exprAd (exprMult (exprNeg (exprPar 20)) exprMultLine) exprAdLine) exprLogLine) exprRelLine))) ; (listCmd (cmdDecl (cmd (cmdAtrib vendidos := (exprRel (exprLog (exprAd (exprMult (exprNeg (exprPar 0)) exprMultLine) exprAdLine) exprLogLine) exprRelLine))) ; (listCmd (cmdDecl (cmd (cmdAtrib continuar := (exprRel (exprLog (exprAd (exprMult (exprNeg (exprPar TRUE)) exprMultLine) exprAdLine) exprLogLine) exprRelLine))) ; (listCmd (cmdDecl (cmd (cmdWhile WHILE (exprRel (exprLog (exprAd (exprMult (exprNeg (exprPar continuar)) exprMultLine) exprAdLine) exprLogLine) exprRelLine) DO (cmdComp BEGIN (listCmd (cmdDecl (cmd (cmdAtrib vendidos := (exprRel (exprLog (exprAd (exprMult (exprNeg (exprPar vendidos)) exprMultLine) (exprAdLine + (exprMult (exprNeg (exprPar 2)) exprMultLine) exprAdLine)) exprLogLine) exprRelLine))) ; (listCmd (cmdDecl (cmd (cmdAtrib restante := (exprRel (exprLog (exprAd (exprMult (exprNeg (exprPar quantidade)) exprMultLine) (exprAdLine - (exprMult (exprNeg (exprPar vendidos)) exprMultLine) exprAdLine)) exprLogLine) exprRelLine))) ; (listCmd (cmdDecl (cmd (cmdWrite WRITE ( (listW (elemW (exprRel (exprLog (exprAd (exprMult (exprNeg (exprPar "VENDIDOS")) exprMultLine) exprAdLine) exprLogLine) exprRelLine)) listWLine) ))) ; (listCmd (cmdDecl (cmd (cmdWrite WRITE ( (listW (elemW (exprRel (exprLog (exprAd (exprMult (exprNeg (exprPar vendidos)) exprMultLine) exprAdLine) exprLogLine) exprRelLine)) listWLine) ))) ; (listCmd (cmdDecl (cmd (cmdWrite WRITE ( (listW (elemW (exprRel (exprLog (exprAd (exprMult (exprNeg (exprPar "RESTANTE")) exprMultLine) exprAdLine) exprLogLine) exprRelLine)) listWLine) ))) ; (listCmd (cmdDecl (cmd (cmdWrite WRITE ( (listW (elemW (exprRel (exprLog (exprAd (exprMult (exprNeg (exprPar restante)) exprMultLine) exprAdLine) exprLogLine) exprRelLine)) listWLine) ))) ; (listCmd (cmdDecl (cmd (cmdIf IF (exprRel (exprLog (exprAd (exprMult (exprNeg (exprPar restante)) exprMultLine) exprAdLine) exprLogLine) (exprRelLine <= (exprLog (exprAd (exprMult (exprNeg (exprPar 0)) exprMultLine) exprAdLine) exprLogLine) exprRelLine)) THEN (cmdComp BEGIN (listCmd (cmdDecl (cmd (cmdAtrib continuar := (exprRel (exprLog (exprAd (exprMult (exprNeg (exprPar FALSE)) exprMultLine) exprAdLine) exprLogLine) exprRelLine))) ; listCmd)) END) (cmdIfLine ELSE (cmdComp BEGIN (listCmd (cmdDecl (cmd (cmdAtrib continuar := (exprRel (exprLog (exprAd (exprMult (exprNeg (exprPar TRUE)) exprMultLine) exprAdLine) exprLogLine) exprRelLine))) ; listCmd)) END)))) ; listCmd)))))))))))))) END))) ; (listCmd (cmdDecl (cmd (cmdWrite WRITE ( (listW (elemW (exprRel (exprLog (exprAd (exprMult (exprNeg (exprPar "ESTOQUE ENCERRADO")) exprMultLine) exprAdLine) exprLogLine) exprRelLine)) listWLine) ))) ; listCmd)))))))))))))))))) END) . <EOF>)
--------------------------------
Fase 1 concluída. Programa: ControleEstoque

=== FASE 2: ANÁLISE SEMÂNTICA E GERAÇÃO DE CÓDIGO INTERMEDIÁRIO ===

--- Código Intermediário (3AC) ---
v_quantidade = 20
v_vendidos = 0
v_continuar = TRUE
L0:
ifFalse v_continuar goto L1
t0 = v_vendidos + 2
v_vendidos = t0
t1 = v_quantidade - v_vendidos
v_restante = t1
WRITE "VENDIDOS"
WRITE v_vendidos
WRITE "RESTANTE"
WRITE v_restante
t2 = v_restante <= 0
ifFalse t2 goto L2
v_continuar = FALSE
goto L3
L2:
v_continuar = TRUE
L3:
goto L0
L1:
WRITE "ESTOQUE ENCERRADO"
----------------------------------
Fase 2 concluída com sucesso.

=== FASE 3: OTIMIZAÇÃO DE CÓDIGO ===

--- Instruções Otimizadas (3AC) ---
v_quantidade = 20
v_vendidos = 0
v_continuar = TRUE
L0:
ifFalse v_continuar goto L1
t0 = v_vendidos + 2
v_vendidos = t0
t1 = v_quantidade - v_vendidos
v_restante = t1
WRITE "VENDIDOS"
WRITE v_vendidos
WRITE "RESTANTE"
WRITE v_restante
t2 = v_restante <= 0
ifFalse t2 goto L2
v_continuar = FALSE
goto L3
L2:
v_continuar = TRUE
L3:
goto L0
L1:
WRITE "ESTOQUE ENCERRADO"
-----------------------------------
Fase 3 concluída.

=== FASE 4: GERAÇÃO DE CÓDIGO FINAL (ASSEMBLY x86) ===

--- Assembly x86 Gerado (MASM, Sintaxe Intel Clássica) ---
; ============================================
; Programa : ControleEstoque
; Alvo     : x86 32 bits (MASM, Windows i386)
; ============================================

.386
.model flat, stdcall
option casemap:none

include windows.inc
include kernel32.inc
includelib kernel32.lib

.data
	v_vendidos dw 0
	v_restante dw 0
	v_continuar db 0
	v_quantidade dw 0
	t0 dw 0
	t1 dw 0
	t2 db 0
	_buf db 14 dup(0)
	_s_true db 'true', 13, 10, 0
	_s_false db 'false', 13, 10, 0
	_nl db 13, 10
	_hOut dd ?
	_hIn dd ?
	_written dd ?
	_read dd ?

	_str0 db 'VENDIDOS', 0
	_str1 db 'RESTANTE', 0
	_str2 db 'ESTOQUE ENCERRADO', 0

.data?
	_ibuf db 12 dup(?)

.code

start:
	invoke GetStdHandle, STD_OUTPUT_HANDLE
	mov dword ptr [_hOut], eax

	invoke GetStdHandle, STD_INPUT_HANDLE
	mov dword ptr [_hIn], eax

	; v_quantidade = 20
	mov word ptr [v_quantidade], 20

	; v_vendidos = 0
	mov word ptr [v_vendidos], 0

	; v_continuar = TRUE
	mov byte ptr [v_continuar], 1

	; L0:
L0:

	; ifFalse v_continuar goto L1
	movzx eax, byte ptr [v_continuar]
	cmp eax, 0
	je L1
	cmp eax, 0
	je L1

	; t0 = v_vendidos + 2
	mov ax, word ptr [v_vendidos]
	add ax, 2
	mov word ptr [t0], ax

	; v_vendidos = t0
	mov ax, word ptr [t0]
	mov word ptr [v_vendidos], ax

	; t1 = v_quantidade - v_vendidos
	mov ax, word ptr [v_quantidade]
	sub ax, word ptr [v_vendidos]
	mov word ptr [t1], ax

	; v_restante = t1
	mov ax, word ptr [t1]
	mov word ptr [v_restante], ax

	; WRITE "VENDIDOS"
	mov ecx, offset _str0
	call _print_str

	; WRITE v_vendidos
	movsx eax, word ptr [v_vendidos]
	push eax
	call _print_int

	; WRITE "RESTANTE"
	mov ecx, offset _str1
	call _print_str

	; WRITE v_restante
	movsx eax, word ptr [v_restante]
	push eax
	call _print_int

	; t2 = v_restante <= 0
	mov ax, word ptr [v_restante]
	cmp ax, 0
	jle cmp_t_t2
	mov byte ptr [t2], 0
	jmp cmp_e_t2
cmp_t_t2:
	mov byte ptr [t2], 1
cmp_e_t2:

	; ifFalse t2 goto L2
	movzx eax, byte ptr [t2]
	cmp eax, 0
	je L2
	cmp eax, 0
	je L2

	; v_continuar = FALSE
	mov byte ptr [v_continuar], 0

	; goto L3
	jmp L3

	; L2:
L2:

	; v_continuar = TRUE
	mov byte ptr [v_continuar], 1

	; L3:
L3:

	; goto L0
	jmp L0

	; L1:
L1:

	; WRITE "ESTOQUE ENCERRADO"
	mov ecx, offset _str2
	call _print_str

	invoke Sleep, 50
	invoke ExitProcess, 0

_print_int:
	push ebp
	mov ebp, esp
	push ebx
	push esi
	movsx eax, word ptr [ebp+8]
	lea ecx, [_buf+12]
	mov byte ptr [ecx], 13
	inc ecx
	mov byte ptr [ecx], 10
	dec ecx
	mov esi, eax
	test eax, eax
	jns pi_pos
	neg eax
pi_pos:
	mov ebx, 10
pi_loop:
	xor edx, edx
	div ebx
	add dl, '0'
	mov byte ptr [ecx], dl
	dec ecx
	test eax, eax
	jnz pi_loop
	test esi, esi
	jns pi_write
	mov byte ptr [ecx], '-'
	dec ecx
pi_write:
	inc ecx
	lea edx, [_buf+14]
	sub edx, ecx
	invoke WriteFile, dword ptr [_hOut], ecx, edx, addr _written, 0
	pop esi
	pop ebx
	pop ebp
	ret 4

_print_str:
	push ebp
	mov ebp, esp
	push esi
	mov esi, ecx
	xor edx, edx
ps_len:
	cmp byte ptr [esi+edx], 0
	je ps_write
	inc edx
	jmp ps_len
ps_write:
	invoke WriteFile, dword ptr [_hOut], ecx, edx, addr _written, 0
	invoke WriteFile, dword ptr [_hOut], offset _nl, 2, addr _written, 0
	pop esi
	pop ebp
	ret

end start

-----------------------------------------------------------
Assembly salvo em: C:\Users\Yuri\Projetos\compiler\src\test\resources\output\controleestoque.asm
Fase 4 concluída.
]]></system-out>
  </testcase>
  <testcase name="acceptsValidScripts(String)[18]" classname="com.inm.PipelineTest" time="0.005">
    <system-out><![CDATA[file:/C:/Users/Yuri/Projetos/compiler/target/classes/scripts/valid/hello-world.prog

=== FASE 1: ANÁLISE LÉXICA E SINTÁTICA ===
Token: PROGRAM    | Tipo: PROGRAM    | Atributo: -
Token: helloWorld | Tipo: ID         | Atributo: helloWorld
Token: ;          | Tipo: PVIG       | Atributo: -
Token: var        | Tipo: VAR        | Atributo: -
Token: name       | Tipo: ID         | Atributo: name
Token: :          | Tipo: DPONTOS    | Atributo: -
Token: STRING     | Tipo: STRING     | Atributo: -
Token: ;          | Tipo: PVIG       | Atributo: -
Token: BEGIN      | Tipo: BEGIN      | Atributo: -
Token: write      | Tipo: WRITE      | Atributo: -
Token: (          | Tipo: ABPAR      | Atributo: -
Token: "Qual o seu nome?" | Tipo: CADEIA     | Atributo: Qual o seu nome?
Token: )          | Tipo: FPAR       | Atributo: -
Token: ;          | Tipo: PVIG       | Atributo: -
Token: read       | Tipo: READ       | Atributo: -
Token: (          | Tipo: ABPAR      | Atributo: -
Token: name       | Tipo: ID         | Atributo: name
Token: )          | Tipo: FPAR       | Atributo: -
Token: ;          | Tipo: PVIG       | Atributo: -
Token: WRITE      | Tipo: WRITE      | Atributo: -
Token: (          | Tipo: ABPAR      | Atributo: -
Token: "Ola, "    | Tipo: CADEIA     | Atributo: Ola, 
Token: +          | Tipo: OPAD       | Atributo: MAIS
Token: name       | Tipo: ID         | Atributo: name
Token: )          | Tipo: FPAR       | Atributo: -
Token: ;          | Tipo: PVIG       | Atributo: -
Token: END        | Tipo: END        | Atributo: -
Token: .          | Tipo: PONTO      | Atributo: -

--- Árvore Sintática (texto) ---
(prog PROGRAM helloWorld ; (decls var (listDecl (declTip (listId name listIdLine) : (tip STRING) ;) listDeclLine)) (cmdComp BEGIN (listCmd (cmdDecl (cmd (cmdWrite write ( (listW (elemW (exprRel (exprLog (exprAd (exprMult (exprNeg (exprPar "Qual o seu nome?")) exprMultLine) exprAdLine) exprLogLine) exprRelLine)) listWLine) ))) ; (listCmd (cmdDecl (cmd (cmdRead read ( (listId name listIdLine) ))) ; (listCmd (cmdDecl (cmd (cmdWrite WRITE ( (listW (elemW (exprRel (exprLog (exprAd (exprMult (exprNeg (exprPar "Ola, ")) exprMultLine) (exprAdLine + (exprMult (exprNeg (exprPar name)) exprMultLine) exprAdLine)) exprLogLine) exprRelLine)) listWLine) ))) ; listCmd)))))) END) . <EOF>)
--------------------------------
Fase 1 concluída. Programa: helloWorld

=== FASE 2: ANÁLISE SEMÂNTICA E GERAÇÃO DE CÓDIGO INTERMEDIÁRIO ===

--- Código Intermediário (3AC) ---
WRITE "Qual o seu nome?"
READ_STRING v_name
t0 = "Ola, " CONCAT v_name
WRITE t0
----------------------------------
Fase 2 concluída com sucesso.

=== FASE 3: OTIMIZAÇÃO DE CÓDIGO ===

--- Instruções Otimizadas (3AC) ---
WRITE "Qual o seu nome?"
READ_STRING v_name
t0 = "Ola, " CONCAT v_name
WRITE t0
-----------------------------------
Fase 3 concluída.

=== FASE 4: GERAÇÃO DE CÓDIGO FINAL (ASSEMBLY x86) ===

--- Assembly x86 Gerado (MASM, Sintaxe Intel Clássica) ---
; ============================================
; Programa : helloWorld
; Alvo     : x86 32 bits (MASM, Windows i386)
; ============================================

.386
.model flat, stdcall
option casemap:none

include windows.inc
include kernel32.inc
includelib kernel32.lib

.data
	v_name db 256 dup(0)
	t0 db 256 dup(0)
	_buf db 14 dup(0)
	_s_true db 'true', 13, 10, 0
	_s_false db 'false', 13, 10, 0
	_nl db 13, 10
	_hOut dd ?
	_hIn dd ?
	_written dd ?
	_read dd ?

	_str0 db 'Qual o seu nome?', 0
	_lit_concat_1 db 'Ola, ', 0

.data?
	_ibuf db 12 dup(?)

.code

start:
	invoke GetStdHandle, STD_OUTPUT_HANDLE
	mov dword ptr [_hOut], eax

	invoke GetStdHandle, STD_INPUT_HANDLE
	mov dword ptr [_hIn], eax

	; WRITE "Qual o seu nome?"
	mov ecx, offset _str0
	call _print_str

	; READ_STRING v_name
	lea ecx, v_name
	call _read_str

	; t0 = "Ola, " CONCAT v_name
	lea esi, _lit_concat_1
	lea edi, t0
concat1_2:
	mov al, [esi]
	test al, al
	jz concat2_2
	mov [edi], al
	inc esi
	inc edi
	jmp concat1_2
concat2_2:
	lea esi, v_name
concat2_body_3:
	mov al, [esi]
	mov [edi], al
	inc esi
	inc edi
	test al, al
	jnz concat2_body_3

	; WRITE t0
	mov ecx, offset t0
	call _print_str

	invoke Sleep, 50
	invoke ExitProcess, 0

_print_str:
	push ebp
	mov ebp, esp
	push esi
	mov esi, ecx
	xor edx, edx
ps_len:
	cmp byte ptr [esi+edx], 0
	je ps_write
	inc edx
	jmp ps_len
ps_write:
	invoke WriteFile, dword ptr [_hOut], ecx, edx, addr _written, 0
	invoke WriteFile, dword ptr [_hOut], offset _nl, 2, addr _written, 0
	pop esi
	pop ebp
	ret

_read_str:
	push ebp
	mov ebp, esp
	push esi
	push edi
	push ebx
	mov edi, ecx
	invoke ReadFile, dword ptr [_hIn], edi, 255, addr _read, 0
	mov esi, edi
	xor ebx, ebx
rs_scan:
	mov al, byte ptr [esi+ebx]
	cmp al, 13
	je rs_trim
	cmp al, 10
	je rs_trim
	cmp al, 0
	je rs_done
	inc ebx
	jmp rs_scan
rs_trim:
	mov byte ptr [esi+ebx], 0
rs_done:
	pop ebx
	pop edi
	pop esi
	pop ebp
	ret

end start

-----------------------------------------------------------
Assembly salvo em: C:\Users\Yuri\Projetos\compiler\src\test\resources\output\helloworld.asm
Fase 4 concluída.
]]></system-out>
  </testcase>
</testsuite>