<?xml version="1.0" encoding="UTF-8"?>
<testsuite xmlns:xsi="http://www.w3.org/2001/XMLSchema-instance" xsi:noNamespaceSchemaLocation="https://maven.apache.org/surefire/maven-surefire-plugin/xsd/surefire-test-report.xsd" version="3.0.2" name="com.inm.ExecutionTest" time="28.889" tests="14" errors="0" skipped="0" failures="0">
  <properties>
[...]
</properties>
  <testcase name="executesAssembly(Path)[1]" classname="com.inm.ExecutionTest" time="0.304">
    <system-out><![CDATA[
=== FASE 5: MONTAGEM E EXECUÇÃO ===
Diretório de trabalho: C:\Users\Yuri\Projetos\compiler\target\test-classes\output\atribuicao
Montando com MASM (ml.exe)...
 Assembling: C:\Users\Yuri\Projetos\compiler\target\test-classes\output\atribuicao\atribuicao.asm

***********
ASCII build
***********

Montagem concluída: C:\Users\Yuri\Projetos\compiler\target\test-classes\output\atribuicao\atribuicao.obj
Linkando com link.exe...
Microsoft (R) Incremental Linker Version 5.12.8078
Copyright (C) Microsoft Corp 1992-1998. All rights reserved.

Linkagem concluída: C:\Users\Yuri\Projetos\compiler\target\test-classes\output\atribuicao\atribuicao.exe

=== SAÍDA DO PROGRAMA ===
=========================
Programa encerrou com código: 0
Fase 5 concluída.
]]></system-out>
    <system-err><![CDATA[Microsoft (R) Macro Assembler Version 6.14.8444
Copyright (C) Microsoft Corp 1981-1997.  All rights reserved.

]]></system-err>
  </testcase>
  <testcase name="executesAssembly(Path)[2]" classname="com.inm.ExecutionTest" time="8.314">
    <system-out><![CDATA[
=== FASE 5: MONTAGEM E EXECUÇÃO ===
Diretório de trabalho: C:\Users\Yuri\Projetos\compiler\target\test-classes\output\calculodesconto
Montando com MASM (ml.exe)...
 Assembling: C:\Users\Yuri\Projetos\compiler\target\test-classes\output\calculodesconto\calculodesconto.asm

***********
ASCII build
***********

Montagem concluída: C:\Users\Yuri\Projetos\compiler\target\test-classes\output\calculodesconto\calculodesconto.obj
Linkando com link.exe...
Microsoft (R) Incremental Linker Version 5.12.8078
Copyright (C) Microsoft Corp 1992-1998. All rights reserved.

Linkagem concluída: C:\Users\Yuri\Projetos\compiler\target\test-classes\output\calculodesconto\calculodesconto.exe

=== SAÍDA DO PROGRAMA ===
=========================
Programa encerrou com código: 0
Fase 5 concluída.
]]></system-out>
    <system-err><![CDATA[Microsoft (R) Macro Assembler Version 6.14.8444
Copyright (C) Microsoft Corp 1981-1997.  All rights reserved.

]]></system-err>
  </testcase>
  <testcase name="executesAssembly(Path)[3]" classname="com.inm.ExecutionTest" time="0.246">
    <system-out><![CDATA[
=== FASE 5: MONTAGEM E EXECUÇÃO ===
Diretório de trabalho: C:\Users\Yuri\Projetos\compiler\target\test-classes\output\comentarioediv
Montando com MASM (ml.exe)...
 Assembling: C:\Users\Yuri\Projetos\compiler\target\test-classes\output\comentarioediv\comentarioediv.asm

***********
ASCII build
***********

Montagem concluída: C:\Users\Yuri\Projetos\compiler\target\test-classes\output\comentarioediv\comentarioediv.obj
Linkando com link.exe...
Microsoft (R) Incremental Linker Version 5.12.8078
Copyright (C) Microsoft Corp 1992-1998. All rights reserved.

Linkagem concluída: C:\Users\Yuri\Projetos\compiler\target\test-classes\output\comentarioediv\comentarioediv.exe

=== SAÍDA DO PROGRAMA ===
=========================
Programa encerrou com código: 0
Fase 5 concluída.
]]></system-out>
    <system-err><![CDATA[Microsoft (R) Macro Assembler Version 6.14.8444
Copyright (C) Microsoft Corp 1981-1997.  All rights reserved.

]]></system-err>
  </testcase>
  <testcase name="executesAssembly(Path)[4]" classname="com.inm.ExecutionTest" time="0.234">
    <system-out><![CDATA[
=== FASE 5: MONTAGEM E EXECUÇÃO ===
Diretório de trabalho: C:\Users\Yuri\Projetos\compiler\target\test-classes\output\condicional
Montando com MASM (ml.exe)...
 Assembling: C:\Users\Yuri\Projetos\compiler\target\test-classes\output\condicional\condicional.asm

***********
ASCII build
***********

Montagem concluída: C:\Users\Yuri\Projetos\compiler\target\test-classes\output\condicional\condicional.obj
Linkando com link.exe...
Microsoft (R) Incremental Linker Version 5.12.8078
Copyright (C) Microsoft Corp 1992-1998. All rights reserved.

Linkagem concluída: C:\Users\Yuri\Projetos\compiler\target\test-classes\output\condicional\condicional.exe

=== SAÍDA DO PROGRAMA ===
=========================
Programa encerrou com código: 0
Fase 5 concluída.
]]></system-out>
    <system-err><![CDATA[Microsoft (R) Macro Assembler Version 6.14.8444
Copyright (C) Microsoft Corp 1981-1997.  All rights reserved.

]]></system-err>
  </testcase>
  <testcase name="executesAssembly(Path)[5]" classname="com.inm.ExecutionTest" time="0.247">
    <system-out><![CDATA[
=== FASE 5: MONTAGEM E EXECUÇÃO ===
Diretório de trabalho: C:\Users\Yuri\Projetos\compiler\target\test-classes\output\danglingelse
Montando com MASM (ml.exe)...
 Assembling: C:\Users\Yuri\Projetos\compiler\target\test-classes\output\danglingelse\danglingelse.asm

***********
ASCII build
***********

Montagem concluída: C:\Users\Yuri\Projetos\compiler\target\test-classes\output\danglingelse\danglingelse.obj
Linkando com link.exe...
Microsoft (R) Incremental Linker Version 5.12.8078
Copyright (C) Microsoft Corp 1992-1998. All rights reserved.

Linkagem concluída: C:\Users\Yuri\Projetos\compiler\target\test-classes\output\danglingelse\danglingelse.exe

=== SAÍDA DO PROGRAMA ===
=========================
Programa encerrou com código: 0
Fase 5 concluída.
]]></system-out>
    <system-err><![CDATA[Microsoft (R) Macro Assembler Version 6.14.8444
Copyright (C) Microsoft Corp 1981-1997.  All rights reserved.

]]></system-err>
  </testcase>
  <testcase name="executesAssembly(Path)[6]" classname="com.inm.ExecutionTest" time="0.235">
    <system-out><![CDATA[
=== FASE 5: MONTAGEM E EXECUÇÃO ===
Diretório de trabalho: C:\Users\Yuri\Projetos\compiler\target\test-classes\output\escreveteste
Montando com MASM (ml.exe)...
 Assembling: C:\Users\Yuri\Projetos\compiler\target\test-classes\output\escreveteste\escreveteste.asm

***********
ASCII build
***********

Montagem concluída: C:\Users\Yuri\Projetos\compiler\target\test-classes\output\escreveteste\escreveteste.obj
Linkando com link.exe...
Microsoft (R) Incremental Linker Version 5.12.8078
Copyright (C) Microsoft Corp 1992-1998. All rights reserved.

Linkagem concluída: C:\Users\Yuri\Projetos\compiler\target\test-classes\output\escreveteste\escreveteste.exe

=== SAÍDA DO PROGRAMA ===
=========================
Programa encerrou com código: 0
Fase 5 concluída.
]]></system-out>
    <system-err><![CDATA[Microsoft (R) Macro Assembler Version 6.14.8444
Copyright (C) Microsoft Corp 1981-1997.  All rights reserved.

]]></system-err>
  </testcase>
  <testcase name="executesAssembly(Path)[7]" classname="com.inm.ExecutionTest" time="0.233">
    <system-out><![CDATA[
=== FASE 5: MONTAGEM E EXECUÇÃO ===
Diretório de trabalho: C:\Users\Yuri\Projetos\compiler\target\test-classes\output\exprari
Montando com MASM (ml.exe)...
 Assembling: C:\Users\Yuri\Projetos\compiler\target\test-classes\output\exprari\exprari.asm

***********
ASCII build
***********

Montagem concluída: C:\Users\Yuri\Projetos\compiler\target\test-classes\output\exprari\exprari.obj
Linkando com link.exe...
Microsoft (R) Incremental Linker Version 5.12.8078
Copyright (C) Microsoft Corp 1992-1998. All rights reserved.

Linkagem concluída: C:\Users\Yuri\Projetos\compiler\target\test-classes\output\exprari\exprari.exe

=== SAÍDA DO PROGRAMA ===
=========================
Programa encerrou com código: 0
Fase 5 concluída.
]]></system-out>
    <system-err><![CDATA[Microsoft (R) Macro Assembler Version 6.14.8444
Copyright (C) Microsoft Corp 1981-1997.  All rights reserved.

]]></system-err>
  </testcase>
  <testcase name="executesAssembly(Path)[8]" classname="com.inm.ExecutionTest" time="0.249">
    <system-out><![CDATA[
=== FASE 5: MONTAGEM E EXECUÇÃO ===
Diretório de trabalho: C:\Users\Yuri\Projetos\compiler\target\test-classes\output\ifaninhado
Montando com MASM (ml.exe)...
 Assembling: C:\Users\Yuri\Projetos\compiler\target\test-classes\output\ifaninhado\ifaninhado.asm

***********
ASCII build
***********

Montagem concluída: C:\Users\Yuri\Projetos\compiler\target\test-classes\output\ifaninhado\ifaninhado.obj
Linkando com link.exe...
Microsoft (R) Incremental Linker Version 5.12.8078
Copyright (C) Microsoft Corp 1992-1998. All rights reserved.

Linkagem concluída: C:\Users\Yuri\Projetos\compiler\target\test-classes\output\ifaninhado\ifaninhado.exe

=== SAÍDA DO PROGRAMA ===
=========================
Programa encerrou com código: 0
Fase 5 concluída.
]]></system-out>
    <system-err><![CDATA[Microsoft (R) Macro Assembler Version 6.14.8444
Copyright (C) Microsoft Corp 1981-1997.  All rights reserved.

]]></system-err>
  </testcase>
  <testcase name="executesAssembly(Path)[9]" classname="com.inm.ExecutionTest" time="0.233">
    <system-out><![CDATA[
=== FASE 5: MONTAGEM E EXECUÇÃO ===
Diretório de trabalho: C:\Users\Yuri\Projetos\compiler\target\test-classes\output\looptest
Montando com MASM (ml.exe)...
 Assembling: C:\Users\Yuri\Projetos\compiler\target\test-classes\output\looptest\looptest.asm

***********
ASCII build
***********

Montagem concluída: C:\Users\Yuri\Projetos\compiler\target\test-classes\output\looptest\looptest.obj
Linkando com link.exe...
Microsoft (R) Incremental Linker Version 5.12.8078
Copyright (C) Microsoft Corp 1992-1998. All rights reserved.

Linkagem concluída: C:\Users\Yuri\Projetos\compiler\target\test-classes\output\looptest\looptest.exe

=== SAÍDA DO PROGRAMA ===
=========================
Programa encerrou com código: 0
Fase 5 concluída.
]]></system-out>
    <system-err><![CDATA[Microsoft (R) Macro Assembler Version 6.14.8444
Copyright (C) Microsoft Corp 1981-1997.  All rights reserved.

]]></system-err>
  </testcase>
  <testcase name="executesAssembly(Path)[10]" classname="com.inm.ExecutionTest" time="0.234">
    <system-out><![CDATA[
=== FASE 5: MONTAGEM E EXECUÇÃO ===
Diretório de trabalho: C:\Users\Yuri\Projetos\compiler\target\test-classes\output\nomeidentificado
Montando com MASM (ml.exe)...
 Assembling: C:\Users\Yuri\Projetos\compiler\target\test-classes\output\nomeidentificado\nomeidentificado.asm

***********
ASCII build
***********

Montagem concluída: C:\Users\Yuri\Projetos\compiler\target\test-classes\output\nomeidentificado\nomeidentificado.obj
Linkando com link.exe...
Microsoft (R) Incremental Linker Version 5.12.8078
Copyright (C) Microsoft Corp 1992-1998. All rights reserved.

Linkagem concluída: C:\Users\Yuri\Projetos\compiler\target\test-classes\output\nomeidentificado\nomeidentificado.exe

=== SAÍDA DO PROGRAMA ===
=========================
Programa encerrou com código: 0
Fase 5 concluída.
]]></system-out>
    <system-err><![CDATA[Microsoft (R) Macro Assembler Version 6.14.8444
Copyright (C) Microsoft Corp 1981-1997.  All rights reserved.

]]></system-err>
  </testcase>
  <testcase name="executesAssembly(Path)[11]" classname="com.inm.ExecutionTest" time="8.081">
    <system-out><![CDATA[
=== FASE 5: MONTAGEM E EXECUÇÃO ===
Diretório de trabalho: C:\Users\Yuri\Projetos\compiler\target\test-classes\output\projetocompilado
Montando com MASM (ml.exe)...
 Assembling: C:\Users\Yuri\Projetos\compiler\target\test-classes\output\projetocompilado\projetocompilado.asm

***********
ASCII build
***********

Montagem concluída: C:\Users\Yuri\Projetos\compiler\target\test-classes\output\projetocompilado\projetocompilado.obj
Linkando com link.exe...
Microsoft (R) Incremental Linker Version 5.12.8078
Copyright (C) Microsoft Corp 1992-1998. All rights reserved.

Linkagem concluída: C:\Users\Yuri\Projetos\compiler\target\test-classes\output\projetocompilado\projetocompilado.exe

=== SAÍDA DO PROGRAMA ===
=========================
Programa encerrou com código: 0
Fase 5 concluída.
]]></system-out>
    <system-err><![CDATA[Microsoft (R) Macro Assembler Version 6.14.8444
Copyright (C) Microsoft Corp 1981-1997.  All rights reserved.

]]></system-err>
  </testcase>
  <testcase name="executesAssembly(Path)[12]" classname="com.inm.ExecutionTest" time="0.232">
    <system-out><![CDATA[
=== FASE 5: MONTAGEM E EXECUÇÃO ===
Diretório de trabalho: C:\Users\Yuri\Projetos\compiler\target\test-classes\output\superexpr
Montando com MASM (ml.exe)...
 Assembling: C:\Users\Yuri\Projetos\compiler\target\test-classes\output\superexpr\superexpr.asm

***********
ASCII build
***********

Montagem concluída: C:\Users\Yuri\Projetos\compiler\target\test-classes\output\superexpr\superexpr.obj
Linkando com link.exe...
Microsoft (R) Incremental Linker Version 5.12.8078
Copyright (C) Microsoft Corp 1992-1998. All rights reserved.

Linkagem concluída: C:\Users\Yuri\Projetos\compiler\target\test-classes\output\superexpr\superexpr.exe

=== SAÍDA DO PROGRAMA ===
=========================
Programa encerrou com código: 0
Fase 5 concluída.
]]></system-out>
    <system-err><![CDATA[Microsoft (R) Macro Assembler Version 6.14.8444
Copyright (C) Microsoft Corp 1981-1997.  All rights reserved.

]]></system-err>
  </testcase>
  <testcase name="executesAssembly(Path)[13]" classname="com.inm.ExecutionTest" time="9.773">
    <system-out><![CDATA[
=== FASE 5: MONTAGEM E EXECUÇÃO ===
Diretório de trabalho: C:\Users\Yuri\Projetos\compiler\target\test-classes\output\variaveis
Montando com MASM (ml.exe)...
 Assembling: C:\Users\Yuri\Projetos\compiler\target\test-classes\output\variaveis\variaveis.asm

***********
ASCII build
***********

Montagem concluída: C:\Users\Yuri\Projetos\compiler\target\test-classes\output\variaveis\variaveis.obj
Linkando com link.exe...
Microsoft (R) Incremental Linker Version 5.12.8078
Copyright (C) Microsoft Corp 1992-1998. All rights reserved.

Linkagem concluída: C:\Users\Yuri\Projetos\compiler\target\test-classes\output\variaveis\variaveis.exe

=== SAÍDA DO PROGRAMA ===
=========================
Programa encerrou com código: 0
Fase 5 concluída.
]]></system-out>
    <system-err><![CDATA[Microsoft (R) Macro Assembler Version 6.14.8444
Copyright (C) Microsoft Corp 1981-1997.  All rights reserved.

]]></system-err>
  </testcase>
  <testcase name="executesAssembly(Path)[14]" classname="com.inm.ExecutionTest" time="0.246">
    <system-out><![CDATA[
=== FASE 5: MONTAGEM E EXECUÇÃO ===
Diretório de trabalho: C:\Users\Yuri\Projetos\compiler\target\test-classes\output\whilescript
Montando com MASM (ml.exe)...
 Assembling: C:\Users\Yuri\Projetos\compiler\target\test-classes\output\whilescript\whilescript.asm

***********
ASCII build
***********

Montagem concluída: C:\Users\Yuri\Projetos\compiler\target\test-classes\output\whilescript\whilescript.obj
Linkando com link.exe...
Microsoft (R) Incremental Linker Version 5.12.8078
Copyright (C) Microsoft Corp 1992-1998. All rights reserved.

Linkagem concluída: C:\Users\Yuri\Projetos\compiler\target\test-classes\output\whilescript\whilescript.exe

=== SAÍDA DO PROGRAMA ===
=========================
Programa encerrou com código: 0
Fase 5 concluída.
]]></system-out>
    <system-err><![CDATA[Microsoft (R) Macro Assembler Version 6.14.8444
Copyright (C) Microsoft Corp 1981-1997.  All rights reserved.

]]></system-err>
  </testcase>
</testsuite>