<?xml version="1.0" encoding="UTF-8"?>
<testsuite xmlns:xsi="http://www.w3.org/2001/XMLSchema-instance" xsi:noNamespaceSchemaLocation="https://maven.apache.org/surefire/maven-surefire-plugin/xsd/surefire-test-report.xsd" version="3.0.2" name="com.inm.ExecutionTest" time="9.969" tests="40" errors="0" skipped="0" failures="0">
  <properties>
[...]
</properties>
  <testcase name="executesAssembly(Path)[1]" classname="com.inm.ExecutionTest" time="0.306">
    <system-out><![CDATA[
=== FASE 5: MONTAGEM E EXECUÇÃO ===
Diretório de trabalho: C:\Users\Yuri\Projetos\compiler\target\test-classes\output\atribuicao
Montando com MASM (ml.exe)...
 Assembling: C:\Users\Yuri\Projetos\compiler\target\test-classes\output\atribuicao\atribuicao.asm

***********
ASCII build
***********

Montagem concluída: C:\Users\Yuri\Projetos\compiler\target\test-classes\output\atribuicao\atribuicao.obj
Linkando com link.exe...
Microsoft (R) Incremental Linker Version 5.12.8078
Copyright (C) Microsoft Corp 1992-1998. All rights reserved.

Linkagem concluída: C:\Users\Yuri\Projetos\compiler\target\test-classes\output\atribuicao\atribuicao.exe

=== SAÍDA DO PROGRAMA ===
2
=========================
Programa encerrou com código: 0
Fase 5 concluída.
]]></system-out>
    <system-err><![CDATA[Microsoft (R) Macro Assembler Version 6.14.8444
Copyright (C) Microsoft Corp 1981-1997.  All rights reserved.

]]></system-err>
  </testcase>
  <testcase name="executesAssembly(Path)[2]" classname="com.inm.ExecutionTest" time="0.233">
    <system-out><![CDATA[
=== FASE 5: MONTAGEM E EXECUÇÃO ===
Diretório de trabalho: C:\Users\Yuri\Projetos\compiler\target\test-classes\output\atribuicao
Montando com MASM (ml.exe)...
 Assembling: C:\Users\Yuri\Projetos\compiler\target\test-classes\output\atribuicao\atribuicao.asm

***********
ASCII build
***********

Montagem concluída: C:\Users\Yuri\Projetos\compiler\target\test-classes\output\atribuicao\atribuicao.obj
Linkando com link.exe...
Microsoft (R) Incremental Linker Version 5.12.8078
Copyright (C) Microsoft Corp 1992-1998. All rights reserved.

Linkagem concluída: C:\Users\Yuri\Projetos\compiler\target\test-classes\output\atribuicao\atribuicao.exe

=== SAÍDA DO PROGRAMA ===
2
=========================
Programa encerrou com código: 0
Fase 5 concluída.
]]></system-out>
    <system-err><![CDATA[Microsoft (R) Macro Assembler Version 6.14.8444
Copyright (C) Microsoft Corp 1981-1997.  All rights reserved.

]]></system-err>
  </testcase>
  <testcase name="executesAssembly(Path)[3]" classname="com.inm.ExecutionTest" time="0.263">
    <system-out><![CDATA[
=== FASE 5: MONTAGEM E EXECUÇÃO ===
Diretório de trabalho: C:\Users\Yuri\Projetos\compiler\target\test-classes\output\calculodesconto
Montando com MASM (ml.exe)...
 Assembling: C:\Users\Yuri\Projetos\compiler\target\test-classes\output\calculodesconto\calculodesconto.asm

***********
ASCII build
***********

Montagem concluída: C:\Users\Yuri\Projetos\compiler\target\test-classes\output\calculodesconto\calculodesconto.obj
Linkando com link.exe...
Microsoft (R) Incremental Linker Version 5.12.8078
Copyright (C) Microsoft Corp 1992-1998. All rights reserved.

Linkagem concluída: C:\Users\Yuri\Projetos\compiler\target\test-classes\output\calculodesconto\calculodesconto.exe

=== SAÍDA DO PROGRAMA ===
2
Informe o Preço
9
-6
=========================
Programa encerrou com código: 0
Fase 5 concluída.
]]></system-out>
    <system-err><![CDATA[Microsoft (R) Macro Assembler Version 6.14.8444
Copyright (C) Microsoft Corp 1981-1997.  All rights reserved.

]]></system-err>
  </testcase>
  <testcase name="executesAssembly(Path)[4]" classname="com.inm.ExecutionTest" time="0.235">
    <system-out><![CDATA[
=== FASE 5: MONTAGEM E EXECUÇÃO ===
Diretório de trabalho: C:\Users\Yuri\Projetos\compiler\target\test-classes\output\calculodesconto
Montando com MASM (ml.exe)...
 Assembling: C:\Users\Yuri\Projetos\compiler\target\test-classes\output\calculodesconto\calculodesconto.asm

***********
ASCII build
***********

Montagem concluída: C:\Users\Yuri\Projetos\compiler\target\test-classes\output\calculodesconto\calculodesconto.obj
Linkando com link.exe...
Microsoft (R) Incremental Linker Version 5.12.8078
Copyright (C) Microsoft Corp 1992-1998. All rights reserved.

Linkagem concluída: C:\Users\Yuri\Projetos\compiler\target\test-classes\output\calculodesconto\calculodesconto.exe

=== SAÍDA DO PROGRAMA ===
2
Informe o Preço
9
-6
=========================
Programa encerrou com código: 0
Fase 5 concluída.
]]></system-out>
    <system-err><![CDATA[Microsoft (R) Macro Assembler Version 6.14.8444
Copyright (C) Microsoft Corp 1981-1997.  All rights reserved.

]]></system-err>
  </testcase>
  <testcase name="executesAssembly(Path)[5]" classname="com.inm.ExecutionTest" time="0.279">
    <system-out><![CDATA[
=== FASE 5: MONTAGEM E EXECUÇÃO ===
Diretório de trabalho: C:\Users\Yuri\Projetos\compiler\target\test-classes\output\comentarioediv
Montando com MASM (ml.exe)...
 Assembling: C:\Users\Yuri\Projetos\compiler\target\test-classes\output\comentarioediv\comentarioediv.asm

***********
ASCII build
***********

Montagem concluída: C:\Users\Yuri\Projetos\compiler\target\test-classes\output\comentarioediv\comentarioediv.obj
Linkando com link.exe...
Microsoft (R) Incremental Linker Version 5.12.8078
Copyright (C) Microsoft Corp 1992-1998. All rights reserved.

Linkagem concluída: C:\Users\Yuri\Projetos\compiler\target\test-classes\output\comentarioediv\comentarioediv.exe

=== SAÍDA DO PROGRAMA ===
=========================
Programa encerrou com código: 0
Fase 5 concluída.
]]></system-out>
    <system-err><![CDATA[Microsoft (R) Macro Assembler Version 6.14.8444
Copyright (C) Microsoft Corp 1981-1997.  All rights reserved.

]]></system-err>
  </testcase>
  <testcase name="executesAssembly(Path)[6]" classname="com.inm.ExecutionTest" time="0.249">
    <system-out><![CDATA[
=== FASE 5: MONTAGEM E EXECUÇÃO ===
Diretório de trabalho: C:\Users\Yuri\Projetos\compiler\target\test-classes\output\comentarioediv
Montando com MASM (ml.exe)...
 Assembling: C:\Users\Yuri\Projetos\compiler\target\test-classes\output\comentarioediv\comentarioediv.asm

***********
ASCII build
***********

Montagem concluída: C:\Users\Yuri\Projetos\compiler\target\test-classes\output\comentarioediv\comentarioediv.obj
Linkando com link.exe...
Microsoft (R) Incremental Linker Version 5.12.8078
Copyright (C) Microsoft Corp 1992-1998. All rights reserved.

Linkagem concluída: C:\Users\Yuri\Projetos\compiler\target\test-classes\output\comentarioediv\comentarioediv.exe

=== SAÍDA DO PROGRAMA ===
=========================
Programa encerrou com código: 0
Fase 5 concluída.
]]></system-out>
    <system-err><![CDATA[Microsoft (R) Macro Assembler Version 6.14.8444
Copyright (C) Microsoft Corp 1981-1997.  All rights reserved.

]]></system-err>
  </testcase>
  <testcase name="executesAssembly(Path)[7]" classname="com.inm.ExecutionTest" time="0.266">
    <system-out><![CDATA[
=== FASE 5: MONTAGEM E EXECUÇÃO ===
Diretório de trabalho: C:\Users\Yuri\Projetos\compiler\target\test-classes\output\condicional
Montando com MASM (ml.exe)...
 Assembling: C:\Users\Yuri\Projetos\compiler\target\test-classes\output\condicional\condicional.asm

***********
ASCII build
***********

Montagem concluída: C:\Users\Yuri\Projetos\compiler\target\test-classes\output\condicional\condicional.obj
Linkando com link.exe...
Microsoft (R) Incremental Linker Version 5.12.8078
Copyright (C) Microsoft Corp 1992-1998. All rights reserved.

Linkagem concluída: C:\Users\Yuri\Projetos\compiler\target\test-classes\output\condicional\condicional.exe

=== SAÍDA DO PROGRAMA ===
maior
dois
=========================
Programa encerrou com código: 0
Fase 5 concluída.
]]></system-out>
    <system-err><![CDATA[Microsoft (R) Macro Assembler Version 6.14.8444
Copyright (C) Microsoft Corp 1981-1997.  All rights reserved.

]]></system-err>
  </testcase>
  <testcase name="executesAssembly(Path)[8]" classname="com.inm.ExecutionTest" time="0.266">
    <system-out><![CDATA[
=== FASE 5: MONTAGEM E EXECUÇÃO ===
Diretório de trabalho: C:\Users\Yuri\Projetos\compiler\target\test-classes\output\condicional
Montando com MASM (ml.exe)...
 Assembling: C:\Users\Yuri\Projetos\compiler\target\test-classes\output\condicional\condicional.asm

***********
ASCII build
***********

Montagem concluída: C:\Users\Yuri\Projetos\compiler\target\test-classes\output\condicional\condicional.obj
Linkando com link.exe...
Microsoft (R) Incremental Linker Version 5.12.8078
Copyright (C) Microsoft Corp 1992-1998. All rights reserved.

Linkagem concluída: C:\Users\Yuri\Projetos\compiler\target\test-classes\output\condicional\condicional.exe

=== SAÍDA DO PROGRAMA ===
maior
dois
=========================
Programa encerrou com código: 0
Fase 5 concluída.
]]></system-out>
    <system-err><![CDATA[Microsoft (R) Macro Assembler Version 6.14.8444
Copyright (C) Microsoft Corp 1981-1997.  All rights reserved.

]]></system-err>
  </testcase>
  <testcase name="executesAssembly(Path)[9]" classname="com.inm.ExecutionTest" time="0.248">
    <system-out><![CDATA[
=== FASE 5: MONTAGEM E EXECUÇÃO ===
Diretório de trabalho: C:\Users\Yuri\Projetos\compiler\target\test-classes\output\controleestoque
Montando com MASM (ml.exe)...
 Assembling: C:\Users\Yuri\Projetos\compiler\target\test-classes\output\controleestoque\controleestoque.asm

***********
ASCII build
***********

Montagem concluída: C:\Users\Yuri\Projetos\compiler\target\test-classes\output\controleestoque\controleestoque.obj
Linkando com link.exe...
Microsoft (R) Incremental Linker Version 5.12.8078
Copyright (C) Microsoft Corp 1992-1998. All rights reserved.

Linkagem concluída: C:\Users\Yuri\Projetos\compiler\target\test-classes\output\controleestoque\controleestoque.exe

=== SAÍDA DO PROGRAMA ===
VENDIDOS
2
RESTANTE
18
VENDIDOS
4
RESTANTE
16
VENDIDOS
6
RESTANTE
14
VENDIDOS
8
RESTANTE
12
VENDIDOS
10
RESTANTE
10
VENDIDOS
12
RESTANTE
8
VENDIDOS
14
RESTANTE
6
VENDIDOS
16
RESTANTE
4
VENDIDOS
18
RESTANTE
2
VENDIDOS
20
RESTANTE
0
ESTOQUE ENCERRADO
=========================
Programa encerrou com código: 0
Fase 5 concluída.
]]></system-out>
    <system-err><![CDATA[Microsoft (R) Macro Assembler Version 6.14.8444
Copyright (C) Microsoft Corp 1981-1997.  All rights reserved.

]]></system-err>
  </testcase>
  <testcase name="executesAssembly(Path)[10]" classname="com.inm.ExecutionTest" time="0.249">
    <system-out><![CDATA[
=== FASE 5: MONTAGEM E EXECUÇÃO ===
Diretório de trabalho: C:\Users\Yuri\Projetos\compiler\target\test-classes\output\controleestoque
Montando com MASM (ml.exe)...
 Assembling: C:\Users\Yuri\Projetos\compiler\target\test-classes\output\controleestoque\controleestoque.asm

***********
ASCII build
***********

Montagem concluída: C:\Users\Yuri\Projetos\compiler\target\test-classes\output\controleestoque\controleestoque.obj
Linkando com link.exe...
Microsoft (R) Incremental Linker Version 5.12.8078
Copyright (C) Microsoft Corp 1992-1998. All rights reserved.

Linkagem concluída: C:\Users\Yuri\Projetos\compiler\target\test-classes\output\controleestoque\controleestoque.exe

=== SAÍDA DO PROGRAMA ===
VENDIDOS
2
RESTANTE
18
VENDIDOS
4
RESTANTE
16
VENDIDOS
6
RESTANTE
14
VENDIDOS
8
RESTANTE
12
VENDIDOS
10
RESTANTE
10
VENDIDOS
12
RESTANTE
8
VENDIDOS
14
RESTANTE
6
VENDIDOS
16
RESTANTE
4
VENDIDOS
18
RESTANTE
2
VENDIDOS
20
RESTANTE
0
ESTOQUE ENCERRADO
=========================
Programa encerrou com código: 0
Fase 5 concluída.
]]></system-out>
    <system-err><![CDATA[Microsoft (R) Macro Assembler Version 6.14.8444
Copyright (C) Microsoft Corp 1981-1997.  All rights reserved.

]]></system-err>
  </testcase>
  <testcase name="executesAssembly(Path)[11]" classname="com.inm.ExecutionTest" time="0.238">
    <system-out><![CDATA[
=== FASE 5: MONTAGEM E EXECUÇÃO ===
Diretório de trabalho: C:\Users\Yuri\Projetos\compiler\target\test-classes\output\danglingelse
Montando com MASM (ml.exe)...
 Assembling: C:\Users\Yuri\Projetos\compiler\target\test-classes\output\danglingelse\danglingelse.asm

***********
ASCII build
***********

Montagem concluída: C:\Users\Yuri\Projetos\compiler\target\test-classes\output\danglingelse\danglingelse.obj
Linkando com link.exe...
Microsoft (R) Incremental Linker Version 5.12.8078
Copyright (C) Microsoft Corp 1992-1998. All rights reserved.

Linkagem concluída: C:\Users\Yuri\Projetos\compiler\target\test-classes\output\danglingelse\danglingelse.exe

=== SAÍDA DO PROGRAMA ===
nao
=========================
Programa encerrou com código: 0
Fase 5 concluída.
]]></system-out>
    <system-err><![CDATA[Microsoft (R) Macro Assembler Version 6.14.8444
Copyright (C) Microsoft Corp 1981-1997.  All rights reserved.

]]></system-err>
  </testcase>
  <testcase name="executesAssembly(Path)[12]" classname="com.inm.ExecutionTest" time="0.233">
    <system-out><![CDATA[
=== FASE 5: MONTAGEM E EXECUÇÃO ===
Diretório de trabalho: C:\Users\Yuri\Projetos\compiler\target\test-classes\output\danglingelse
Montando com MASM (ml.exe)...
 Assembling: C:\Users\Yuri\Projetos\compiler\target\test-classes\output\danglingelse\danglingelse.asm

***********
ASCII build
***********

Montagem concluída: C:\Users\Yuri\Projetos\compiler\target\test-classes\output\danglingelse\danglingelse.obj
Linkando com link.exe...
Microsoft (R) Incremental Linker Version 5.12.8078
Copyright (C) Microsoft Corp 1992-1998. All rights reserved.

Linkagem concluída: C:\Users\Yuri\Projetos\compiler\target\test-classes\output\danglingelse\danglingelse.exe

=== SAÍDA DO PROGRAMA ===
nao
=========================
Programa encerrou com código: 0
Fase 5 concluída.
]]></system-out>
    <system-err><![CDATA[Microsoft (R) Macro Assembler Version 6.14.8444
Copyright (C) Microsoft Corp 1981-1997.  All rights reserved.

]]></system-err>
  </testcase>
  <testcase name="executesAssembly(Path)[13]" classname="com.inm.ExecutionTest" time="0.234">
    <system-out><![CDATA[
=== FASE 5: MONTAGEM E EXECUÇÃO ===
Diretório de trabalho: C:\Users\Yuri\Projetos\compiler\target\test-classes\output\escreveteste
Montando com MASM (ml.exe)...
 Assembling: C:\Users\Yuri\Projetos\compiler\target\test-classes\output\escreveteste\escreveteste.asm

***********
ASCII build
***********

Montagem concluída: C:\Users\Yuri\Projetos\compiler\target\test-classes\output\escreveteste\escreveteste.obj
Linkando com link.exe...
Microsoft (R) Incremental Linker Version 5.12.8078
Copyright (C) Microsoft Corp 1992-1998. All rights reserved.

Linkagem concluída: C:\Users\Yuri\Projetos\compiler\target\test-classes\output\escreveteste\escreveteste.exe

=== SAÍDA DO PROGRAMA ===
teste
=========================
Programa encerrou com código: 0
Fase 5 concluída.
]]></system-out>
    <system-err><![CDATA[Microsoft (R) Macro Assembler Version 6.14.8444
Copyright (C) Microsoft Corp 1981-1997.  All rights reserved.

]]></system-err>
  </testcase>
  <testcase name="executesAssembly(Path)[14]" classname="com.inm.ExecutionTest" time="0.267">
    <system-out><![CDATA[
=== FASE 5: MONTAGEM E EXECUÇÃO ===
Diretório de trabalho: C:\Users\Yuri\Projetos\compiler\target\test-classes\output\escreveteste
Montando com MASM (ml.exe)...
 Assembling: C:\Users\Yuri\Projetos\compiler\target\test-classes\output\escreveteste\escreveteste.asm

***********
ASCII build
***********

Montagem concluída: C:\Users\Yuri\Projetos\compiler\target\test-classes\output\escreveteste\escreveteste.obj
Linkando com link.exe...
Microsoft (R) Incremental Linker Version 5.12.8078
Copyright (C) Microsoft Corp 1992-1998. All rights reserved.

Linkagem concluída: C:\Users\Yuri\Projetos\compiler\target\test-classes\output\escreveteste\escreveteste.exe

=== SAÍDA DO PROGRAMA ===
teste
=========================
Programa encerrou com código: 0
Fase 5 concluída.
]]></system-out>
    <system-err><![CDATA[Microsoft (R) Macro Assembler Version 6.14.8444
Copyright (C) Microsoft Corp 1981-1997.  All rights reserved.

]]></system-err>
  </testcase>
  <testcase name="executesAssembly(Path)[15]" classname="com.inm.ExecutionTest" time="0.265">
    <system-out><![CDATA[
=== FASE 5: MONTAGEM E EXECUÇÃO ===
Diretório de trabalho: C:\Users\Yuri\Projetos\compiler\target\test-classes\output\exprari
Montando com MASM (ml.exe)...
 Assembling: C:\Users\Yuri\Projetos\compiler\target\test-classes\output\exprari\exprari.asm

***********
ASCII build
***********

Montagem concluída: C:\Users\Yuri\Projetos\compiler\target\test-classes\output\exprari\exprari.obj
Linkando com link.exe...
Microsoft (R) Incremental Linker Version 5.12.8078
Copyright (C) Microsoft Corp 1992-1998. All rights reserved.

Linkagem concluída: C:\Users\Yuri\Projetos\compiler\target\test-classes\output\exprari\exprari.exe

=== SAÍDA DO PROGRAMA ===
15
=========================
Programa encerrou com código: 0
Fase 5 concluída.
]]></system-out>
    <system-err><![CDATA[Microsoft (R) Macro Assembler Version 6.14.8444
Copyright (C) Microsoft Corp 1981-1997.  All rights reserved.

]]></system-err>
  </testcase>
  <testcase name="executesAssembly(Path)[16]" classname="com.inm.ExecutionTest" time="0.282">
    <system-out><![CDATA[
=== FASE 5: MONTAGEM E EXECUÇÃO ===
Diretório de trabalho: C:\Users\Yuri\Projetos\compiler\target\test-classes\output\exprari
Montando com MASM (ml.exe)...
 Assembling: C:\Users\Yuri\Projetos\compiler\target\test-classes\output\exprari\exprari.asm

***********
ASCII build
***********

Montagem concluída: C:\Users\Yuri\Projetos\compiler\target\test-classes\output\exprari\exprari.obj
Linkando com link.exe...
Microsoft (R) Incremental Linker Version 5.12.8078
Copyright (C) Microsoft Corp 1992-1998. All rights reserved.

Linkagem concluída: C:\Users\Yuri\Projetos\compiler\target\test-classes\output\exprari\exprari.exe

=== SAÍDA DO PROGRAMA ===
15
=========================
Programa encerrou com código: 0
Fase 5 concluída.
]]></system-out>
    <system-err><![CDATA[Microsoft (R) Macro Assembler Version 6.14.8444
Copyright (C) Microsoft Corp 1981-1997.  All rights reserved.

]]></system-err>
  </testcase>
  <testcase name="executesAssembly(Path)[17]" classname="com.inm.ExecutionTest" time="0.235">
    <system-out><![CDATA[
=== FASE 5: MONTAGEM E EXECUÇÃO ===
Diretório de trabalho: C:\Users\Yuri\Projetos\compiler\target\test-classes\output\helloworld
Montando com MASM (ml.exe)...
 Assembling: C:\Users\Yuri\Projetos\compiler\target\test-classes\output\helloworld\helloworld.asm

***********
ASCII build
***********

Montagem concluída: C:\Users\Yuri\Projetos\compiler\target\test-classes\output\helloworld\helloworld.obj
Linkando com link.exe...
Microsoft (R) Incremental Linker Version 5.12.8078
Copyright (C) Microsoft Corp 1992-1998. All rights reserved.

Linkagem concluída: C:\Users\Yuri\Projetos\compiler\target\test-classes\output\helloworld\helloworld.exe

=== SAÍDA DO PROGRAMA ===
Qual o seu nome?
Ola, 9
=========================
Programa encerrou com código: 0
Fase 5 concluída.
]]></system-out>
    <system-err><![CDATA[Microsoft (R) Macro Assembler Version 6.14.8444
Copyright (C) Microsoft Corp 1981-1997.  All rights reserved.

]]></system-err>
  </testcase>
  <testcase name="executesAssembly(Path)[18]" classname="com.inm.ExecutionTest" time="0.252">
    <system-out><![CDATA[
=== FASE 5: MONTAGEM E EXECUÇÃO ===
Diretório de trabalho: C:\Users\Yuri\Projetos\compiler\target\test-classes\output\helloworld
Montando com MASM (ml.exe)...
 Assembling: C:\Users\Yuri\Projetos\compiler\target\test-classes\output\helloworld\helloworld.asm

***********
ASCII build
***********

Montagem concluída: C:\Users\Yuri\Projetos\compiler\target\test-classes\output\helloworld\helloworld.obj
Linkando com link.exe...
Microsoft (R) Incremental Linker Version 5.12.8078
Copyright (C) Microsoft Corp 1992-1998. All rights reserved.

Linkagem concluída: C:\Users\Yuri\Projetos\compiler\target\test-classes\output\helloworld\helloworld.exe

=== SAÍDA DO PROGRAMA ===
Qual o seu nome?
Ola, 9
=========================
Programa encerrou com código: 0
Fase 5 concluída.
]]></system-out>
    <system-err><![CDATA[Microsoft (R) Macro Assembler Version 6.14.8444
Copyright (C) Microsoft Corp 1981-1997.  All rights reserved.

]]></system-err>
  </testcase>
  <testcase name="executesAssembly(Path)[19]" classname="com.inm.ExecutionTest" time="0.254">
    <system-out><![CDATA[
=== FASE 5: MONTAGEM E EXECUÇÃO ===
Diretório de trabalho: C:\Users\Yuri\Projetos\compiler\target\test-classes\output\ifaninhado
Montando com MASM (ml.exe)...
 Assembling: C:\Users\Yuri\Projetos\compiler\target\test-classes\output\ifaninhado\ifaninhado.asm

***********
ASCII build
***********

Montagem concluída: C:\Users\Yuri\Projetos\compiler\target\test-classes\output\ifaninhado\ifaninhado.obj
Linkando com link.exe...
Microsoft (R) Incremental Linker Version 5.12.8078
Copyright (C) Microsoft Corp 1992-1998. All rights reserved.

Linkagem concluída: C:\Users\Yuri\Projetos\compiler\target\test-classes\output\ifaninhado\ifaninhado.exe

=== SAÍDA DO PROGRAMA ===
teste7
teste5
teste3
teste1
teste2
teste4
teste6
teste8
=========================
Programa encerrou com código: 0
Fase 5 concluída.
]]></system-out>
    <system-err><![CDATA[Microsoft (R) Macro Assembler Version 6.14.8444
Copyright (C) Microsoft Corp 1981-1997.  All rights reserved.

]]></system-err>
  </testcase>
  <testcase name="executesAssembly(Path)[20]" classname="com.inm.ExecutionTest" time="0.269">
    <system-out><![CDATA[
=== FASE 5: MONTAGEM E EXECUÇÃO ===
Diretório de trabalho: C:\Users\Yuri\Projetos\compiler\target\test-classes\output\ifaninhado
Montando com MASM (ml.exe)...
 Assembling: C:\Users\Yuri\Projetos\compiler\target\test-classes\output\ifaninhado\ifaninhado.asm

***********
ASCII build
***********

Montagem concluída: C:\Users\Yuri\Projetos\compiler\target\test-classes\output\ifaninhado\ifaninhado.obj
Linkando com link.exe...
Microsoft (R) Incremental Linker Version 5.12.8078
Copyright (C) Microsoft Corp 1992-1998. All rights reserved.

Linkagem concluída: C:\Users\Yuri\Projetos\compiler\target\test-classes\output\ifaninhado\ifaninhado.exe

=== SAÍDA DO PROGRAMA ===
teste7
teste5
teste3
teste1
teste2
teste4
teste6
teste8
=========================
Programa encerrou com código: 0
Fase 5 concluída.
]]></system-out>
    <system-err><![CDATA[Microsoft (R) Macro Assembler Version 6.14.8444
Copyright (C) Microsoft Corp 1981-1997.  All rights reserved.

]]></system-err>
  </testcase>
  <testcase name="executesAssembly(Path)[21]" classname="com.inm.ExecutionTest" time="0.318">
    <system-out><![CDATA[
=== FASE 5: MONTAGEM E EXECUÇÃO ===
Diretório de trabalho: C:\Users\Yuri\Projetos\compiler\target\test-classes\output\looptest
Montando com MASM (ml.exe)...
 Assembling: C:\Users\Yuri\Projetos\compiler\target\test-classes\output\looptest\looptest.asm

***********
ASCII build
***********

Montagem concluída: C:\Users\Yuri\Projetos\compiler\target\test-classes\output\looptest\looptest.obj
Linkando com link.exe...
Microsoft (R) Incremental Linker Version 5.12.8078
Copyright (C) Microsoft Corp 1992-1998. All rights reserved.

Linkagem concluída: C:\Users\Yuri\Projetos\compiler\target\test-classes\output\looptest\looptest.exe

=== SAÍDA DO PROGRAMA ===
0
1
2
3
4
=========================
Programa encerrou com código: 0
Fase 5 concluída.
]]></system-out>
    <system-err><![CDATA[Microsoft (R) Macro Assembler Version 6.14.8444
Copyright (C) Microsoft Corp 1981-1997.  All rights reserved.

]]></system-err>
  </testcase>
  <testcase name="executesAssembly(Path)[22]" classname="com.inm.ExecutionTest" time="0.28">
    <system-out><![CDATA[
=== FASE 5: MONTAGEM E EXECUÇÃO ===
Diretório de trabalho: C:\Users\Yuri\Projetos\compiler\target\test-classes\output\looptest
Montando com MASM (ml.exe)...
 Assembling: C:\Users\Yuri\Projetos\compiler\target\test-classes\output\looptest\looptest.asm

***********
ASCII build
***********

Montagem concluída: C:\Users\Yuri\Projetos\compiler\target\test-classes\output\looptest\looptest.obj
Linkando com link.exe...
Microsoft (R) Incremental Linker Version 5.12.8078
Copyright (C) Microsoft Corp 1992-1998. All rights reserved.

Linkagem concluída: C:\Users\Yuri\Projetos\compiler\target\test-classes\output\looptest\looptest.exe

=== SAÍDA DO PROGRAMA ===
0
1
2
3
4
=========================
Programa encerrou com código: 0
Fase 5 concluída.
]]></system-out>
    <system-err><![CDATA[Microsoft (R) Macro Assembler Version 6.14.8444
Copyright (C) Microsoft Corp 1981-1997.  All rights reserved.

]]></system-err>
  </testcase>
  <testcase name="executesAssembly(Path)[23]" classname="com.inm.ExecutionTest" time="0.25">
    <system-out><![CDATA[
=== FASE 5: MONTAGEM E EXECUÇÃO ===
Diretório de trabalho: C:\Users\Yuri\Projetos\compiler\target\test-classes\output\nomeidentificado
Montando com MASM (ml.exe)...
 Assembling: C:\Users\Yuri\Projetos\compiler\target\test-classes\output\nomeidentificado\nomeidentificado.asm

***********
ASCII build
***********

Montagem concluída: C:\Users\Yuri\Projetos\compiler\target\test-classes\output\nomeidentificado\nomeidentificado.obj
Linkando com link.exe...
Microsoft (R) Incremental Linker Version 5.12.8078
Copyright (C) Microsoft Corp 1992-1998. All rights reserved.

Linkagem concluída: C:\Users\Yuri\Projetos\compiler\target\test-classes\output\nomeidentificado\nomeidentificado.exe

=== SAÍDA DO PROGRAMA ===
2
=========================
Programa encerrou com código: 0
Fase 5 concluída.
]]></system-out>
    <system-err><![CDATA[Microsoft (R) Macro Assembler Version 6.14.8444
Copyright (C) Microsoft Corp 1981-1997.  All rights reserved.

]]></system-err>
  </testcase>
  <testcase name="executesAssembly(Path)[24]" classname="com.inm.ExecutionTest" time="0.132">
    <system-out><![CDATA[
=== FASE 5: MONTAGEM E EXECUÇÃO ===
Diretório de trabalho: C:\Users\Yuri\Projetos\compiler\target\test-classes\output\nomeidentificador
Montando com MASM (ml.exe)...
 Assembling: C:\Users\Yuri\Projetos\compiler\target\test-classes\output\nomeidentificador\nomeidentificador.asm

***********
ASCII build
***********

C:\Users\Yuri\Projetos\compiler\target\test-classes\output\nomeidentificador\nomeidentificador.asm(39) : error A2006: undefined symbol : v_variavelasdae32e2wqdr3asdsaerqwvx2314
Fase 5 concluída.
]]></system-out>
    <system-err><![CDATA[Microsoft (R) Macro Assembler Version 6.14.8444
Copyright (C) Microsoft Corp 1981-1997.  All rights reserved.

[ERRO] Falha de I/O durante a execução: MASM falhou com código de saída: 1
Verifique se o MASM32 SDK está instalado corretamente em C:\masm32.
]]></system-err>
  </testcase>
  <testcase name="executesAssembly(Path)[25]" classname="com.inm.ExecutionTest" time="0.116">
    <system-out><![CDATA[
=== FASE 5: MONTAGEM E EXECUÇÃO ===
Diretório de trabalho: C:\Users\Yuri\Projetos\compiler\target\test-classes\output\nomeidentificador
Montando com MASM (ml.exe)...
 Assembling: C:\Users\Yuri\Projetos\compiler\target\test-classes\output\nomeidentificador\nomeidentificador.asm

***********
ASCII build
***********

C:\Users\Yuri\Projetos\compiler\target\test-classes\output\nomeidentificador\nomeidentificador.asm(39) : error A2006: undefined symbol : v_variavelasdae32e2wqdr3asdsaerqwvx2314
Fase 5 concluída.
]]></system-out>
    <system-err><![CDATA[Microsoft (R) Macro Assembler Version 6.14.8444
Copyright (C) Microsoft Corp 1981-1997.  All rights reserved.

[ERRO] Falha de I/O durante a execução: MASM falhou com código de saída: 1
Verifique se o MASM32 SDK está instalado corretamente em C:\masm32.
]]></system-err>
  </testcase>
  <testcase name="executesAssembly(Path)[26]" classname="com.inm.ExecutionTest" time="0.24">
    <system-out><![CDATA[
=== FASE 5: MONTAGEM E EXECUÇÃO ===
Diretório de trabalho: C:\Users\Yuri\Projetos\compiler\target\test-classes\output\nomeidentificado
Montando com MASM (ml.exe)...
 Assembling: C:\Users\Yuri\Projetos\compiler\target\test-classes\output\nomeidentificado\nomeidentificado.asm

***********
ASCII build
***********

Montagem concluída: C:\Users\Yuri\Projetos\compiler\target\test-classes\output\nomeidentificado\nomeidentificado.obj
Linkando com link.exe...
Microsoft (R) Incremental Linker Version 5.12.8078
Copyright (C) Microsoft Corp 1992-1998. All rights reserved.

Linkagem concluída: C:\Users\Yuri\Projetos\compiler\target\test-classes\output\nomeidentificado\nomeidentificado.exe

=== SAÍDA DO PROGRAMA ===
2
=========================
Programa encerrou com código: 0
Fase 5 concluída.
]]></system-out>
    <system-err><![CDATA[Microsoft (R) Macro Assembler Version 6.14.8444
Copyright (C) Microsoft Corp 1981-1997.  All rights reserved.

]]></system-err>
  </testcase>
  <testcase name="executesAssembly(Path)[27]" classname="com.inm.ExecutionTest" time="0.25">
    <system-out><![CDATA[
=== FASE 5: MONTAGEM E EXECUÇÃO ===
Diretório de trabalho: C:\Users\Yuri\Projetos\compiler\target\test-classes\output\projetocompilado
Montando com MASM (ml.exe)...
 Assembling: C:\Users\Yuri\Projetos\compiler\target\test-classes\output\projetocompilado\projetocompilado.asm

***********
ASCII build
***********

Montagem concluída: C:\Users\Yuri\Projetos\compiler\target\test-classes\output\projetocompilado\projetocompilado.obj
Linkando com link.exe...
Microsoft (R) Incremental Linker Version 5.12.8078
Copyright (C) Microsoft Corp 1992-1998. All rights reserved.

Linkagem concluída: C:\Users\Yuri\Projetos\compiler\target\test-classes\output\projetocompilado\projetocompilado.exe

=== SAÍDA DO PROGRAMA ===
INFORME A PRIMEIRA NOTAINFORME A SEGUNDA NOTA0
false
=========================
Programa encerrou com código: 0
Fase 5 concluída.
]]></system-out>
    <system-err><![CDATA[Microsoft (R) Macro Assembler Version 6.14.8444
Copyright (C) Microsoft Corp 1981-1997.  All rights reserved.

]]></system-err>
  </testcase>
  <testcase name="executesAssembly(Path)[28]" classname="com.inm.ExecutionTest" time="0.237">
    <system-out><![CDATA[
=== FASE 5: MONTAGEM E EXECUÇÃO ===
Diretório de trabalho: C:\Users\Yuri\Projetos\compiler\target\test-classes\output\projetocompiladores
Montando com MASM (ml.exe)...
 Assembling: C:\Users\Yuri\Projetos\compiler\target\test-classes\output\projetocompiladores\projetocompiladores.asm

***********
ASCII build
***********

Montagem concluída: C:\Users\Yuri\Projetos\compiler\target\test-classes\output\projetocompiladores\projetocompiladores.obj
Linkando com link.exe...
Microsoft (R) Incremental Linker Version 5.12.8078
Copyright (C) Microsoft Corp 1992-1998. All rights reserved.

Linkagem concluída: C:\Users\Yuri\Projetos\compiler\target\test-classes\output\projetocompiladores\projetocompiladores.exe

=== SAÍDA DO PROGRAMA ===
INFORME A PRIMEIRA NOTA
INFORME A SEGUNDA NOTA
9
true
Aprovado
=========================
Programa encerrou com código: 0
Fase 5 concluída.
]]></system-out>
    <system-err><![CDATA[Microsoft (R) Macro Assembler Version 6.14.8444
Copyright (C) Microsoft Corp 1981-1997.  All rights reserved.

]]></system-err>
  </testcase>
  <testcase name="executesAssembly(Path)[29]" classname="com.inm.ExecutionTest" time="0.252">
    <system-out><![CDATA[
=== FASE 5: MONTAGEM E EXECUÇÃO ===
Diretório de trabalho: C:\Users\Yuri\Projetos\compiler\target\test-classes\output\projetocompiladores
Montando com MASM (ml.exe)...
 Assembling: C:\Users\Yuri\Projetos\compiler\target\test-classes\output\projetocompiladores\projetocompiladores.asm

***********
ASCII build
***********

Montagem concluída: C:\Users\Yuri\Projetos\compiler\target\test-classes\output\projetocompiladores\projetocompiladores.obj
Linkando com link.exe...
Microsoft (R) Incremental Linker Version 5.12.8078
Copyright (C) Microsoft Corp 1992-1998. All rights reserved.

Linkagem concluída: C:\Users\Yuri\Projetos\compiler\target\test-classes\output\projetocompiladores\projetocompiladores.exe

=== SAÍDA DO PROGRAMA ===
INFORME A PRIMEIRA NOTA
INFORME A SEGUNDA NOTA
9
true
Aprovado
=========================
Programa encerrou com código: 0
Fase 5 concluída.
]]></system-out>
    <system-err><![CDATA[Microsoft (R) Macro Assembler Version 6.14.8444
Copyright (C) Microsoft Corp 1981-1997.  All rights reserved.

]]></system-err>
  </testcase>
  <testcase name="executesAssembly(Path)[30]" classname="com.inm.ExecutionTest" time="0.237">
    <system-out><![CDATA[
=== FASE 5: MONTAGEM E EXECUÇÃO ===
Diretório de trabalho: C:\Users\Yuri\Projetos\compiler\target\test-classes\output\projetocompilado
Montando com MASM (ml.exe)...
 Assembling: C:\Users\Yuri\Projetos\compiler\target\test-classes\output\projetocompilado\projetocompilado.asm

***********
ASCII build
***********

Montagem concluída: C:\Users\Yuri\Projetos\compiler\target\test-classes\output\projetocompilado\projetocompilado.obj
Linkando com link.exe...
Microsoft (R) Incremental Linker Version 5.12.8078
Copyright (C) Microsoft Corp 1992-1998. All rights reserved.

Linkagem concluída: C:\Users\Yuri\Projetos\compiler\target\test-classes\output\projetocompilado\projetocompilado.exe

=== SAÍDA DO PROGRAMA ===
INFORME A PRIMEIRA NOTAINFORME A SEGUNDA NOTA0
false
=========================
Programa encerrou com código: 0
Fase 5 concluída.
]]></system-out>
    <system-err><![CDATA[Microsoft (R) Macro Assembler Version 6.14.8444
Copyright (C) Microsoft Corp 1981-1997.  All rights reserved.

]]></system-err>
  </testcase>
  <testcase name="executesAssembly(Path)[31]" classname="com.inm.ExecutionTest" time="0.236">
    <system-out><![CDATA[
=== FASE 5: MONTAGEM E EXECUÇÃO ===
Diretório de trabalho: C:\Users\Yuri\Projetos\compiler\target\test-classes\output\sistemaacademico
Montando com MASM (ml.exe)...
 Assembling: C:\Users\Yuri\Projetos\compiler\target\test-classes\output\sistemaacademico\sistemaacademico.asm

***********
ASCII build
***********

Montagem concluída: C:\Users\Yuri\Projetos\compiler\target\test-classes\output\sistemaacademico\sistemaacademico.obj
Linkando com link.exe...
Microsoft (R) Incremental Linker Version 5.12.8078
Copyright (C) Microsoft Corp 1992-1998. All rights reserved.

Linkagem concluída: C:\Users\Yuri\Projetos\compiler\target\test-classes\output\sistemaacademico\sistemaacademico.exe

=== SAÍDA DO PROGRAMA ===
DIGITE A PRIMEIRA NOTA
DIGITE A SEGUNDA NOTA
DIGITE A TERCEIRA NOTA
MEDIA CALCULADA
9
true
APROVADO
true
=========================
Programa encerrou com código: 0
Fase 5 concluída.
]]></system-out>
    <system-err><![CDATA[Microsoft (R) Macro Assembler Version 6.14.8444
Copyright (C) Microsoft Corp 1981-1997.  All rights reserved.

]]></system-err>
  </testcase>
  <testcase name="executesAssembly(Path)[32]" classname="com.inm.ExecutionTest" time="0.268">
    <system-out><![CDATA[
=== FASE 5: MONTAGEM E EXECUÇÃO ===
Diretório de trabalho: C:\Users\Yuri\Projetos\compiler\target\test-classes\output\sistemaacademico
Montando com MASM (ml.exe)...
 Assembling: C:\Users\Yuri\Projetos\compiler\target\test-classes\output\sistemaacademico\sistemaacademico.asm

***********
ASCII build
***********

Montagem concluída: C:\Users\Yuri\Projetos\compiler\target\test-classes\output\sistemaacademico\sistemaacademico.obj
Linkando com link.exe...
Microsoft (R) Incremental Linker Version 5.12.8078
Copyright (C) Microsoft Corp 1992-1998. All rights reserved.

Linkagem concluída: C:\Users\Yuri\Projetos\compiler\target\test-classes\output\sistemaacademico\sistemaacademico.exe

=== SAÍDA DO PROGRAMA ===
DIGITE A PRIMEIRA NOTA
DIGITE A SEGUNDA NOTA
DIGITE A TERCEIRA NOTA
MEDIA CALCULADA
9
true
APROVADO
true
=========================
Programa encerrou com código: 0
Fase 5 concluída.
]]></system-out>
    <system-err><![CDATA[Microsoft (R) Macro Assembler Version 6.14.8444
Copyright (C) Microsoft Corp 1981-1997.  All rights reserved.

]]></system-err>
  </testcase>
  <testcase name="executesAssembly(Path)[33]" classname="com.inm.ExecutionTest" time="0.247">
    <system-out><![CDATA[
=== FASE 5: MONTAGEM E EXECUÇÃO ===
Diretório de trabalho: C:\Users\Yuri\Projetos\compiler\target\test-classes\output\superexpr
Montando com MASM (ml.exe)...
 Assembling: C:\Users\Yuri\Projetos\compiler\target\test-classes\output\superexpr\superexpr.asm

***********
ASCII build
***********

Montagem concluída: C:\Users\Yuri\Projetos\compiler\target\test-classes\output\superexpr\superexpr.obj
Linkando com link.exe...
Microsoft (R) Incremental Linker Version 5.12.8078
Copyright (C) Microsoft Corp 1992-1998. All rights reserved.

Linkagem concluída: C:\Users\Yuri\Projetos\compiler\target\test-classes\output\superexpr\superexpr.exe

=== SAÍDA DO PROGRAMA ===
18
=========================
Programa encerrou com código: 0
Fase 5 concluída.
]]></system-out>
    <system-err><![CDATA[Microsoft (R) Macro Assembler Version 6.14.8444
Copyright (C) Microsoft Corp 1981-1997.  All rights reserved.

]]></system-err>
  </testcase>
  <testcase name="executesAssembly(Path)[34]" classname="com.inm.ExecutionTest" time="0.254">
    <system-out><![CDATA[
=== FASE 5: MONTAGEM E EXECUÇÃO ===
Diretório de trabalho: C:\Users\Yuri\Projetos\compiler\target\test-classes\output\superexpr
Montando com MASM (ml.exe)...
 Assembling: C:\Users\Yuri\Projetos\compiler\target\test-classes\output\superexpr\superexpr.asm

***********
ASCII build
***********

Montagem concluída: C:\Users\Yuri\Projetos\compiler\target\test-classes\output\superexpr\superexpr.obj
Linkando com link.exe...
Microsoft (R) Incremental Linker Version 5.12.8078
Copyright (C) Microsoft Corp 1992-1998. All rights reserved.

Linkagem concluída: C:\Users\Yuri\Projetos\compiler\target\test-classes\output\superexpr\superexpr.exe

=== SAÍDA DO PROGRAMA ===
18
=========================
Programa encerrou com código: 0
Fase 5 concluída.
]]></system-out>
    <system-err><![CDATA[Microsoft (R) Macro Assembler Version 6.14.8444
Copyright (C) Microsoft Corp 1981-1997.  All rights reserved.

]]></system-err>
  </testcase>
  <testcase name="executesAssembly(Path)[35]" classname="com.inm.ExecutionTest" time="0.236">
    <system-out><![CDATA[
=== FASE 5: MONTAGEM E EXECUÇÃO ===
Diretório de trabalho: C:\Users\Yuri\Projetos\compiler\target\test-classes\output\testeexpressoes
Montando com MASM (ml.exe)...
 Assembling: C:\Users\Yuri\Projetos\compiler\target\test-classes\output\testeexpressoes\testeexpressoes.asm

***********
ASCII build
***********

Montagem concluída: C:\Users\Yuri\Projetos\compiler\target\test-classes\output\testeexpressoes\testeexpressoes.obj
Linkando com link.exe...
Microsoft (R) Incremental Linker Version 5.12.8078
Copyright (C) Microsoft Corp 1992-1998. All rights reserved.

Linkagem concluída: C:\Users\Yuri\Projetos\compiler\target\test-classes\output\testeexpressoes\testeexpressoes.exe

=== SAÍDA DO PROGRAMA ===
150
38
true
true
true
VERDADEIRO
=========================
Programa encerrou com código: 0
Fase 5 concluída.
]]></system-out>
    <system-err><![CDATA[Microsoft (R) Macro Assembler Version 6.14.8444
Copyright (C) Microsoft Corp 1981-1997.  All rights reserved.

]]></system-err>
  </testcase>
  <testcase name="executesAssembly(Path)[36]" classname="com.inm.ExecutionTest" time="0.237">
    <system-out><![CDATA[
=== FASE 5: MONTAGEM E EXECUÇÃO ===
Diretório de trabalho: C:\Users\Yuri\Projetos\compiler\target\test-classes\output\testeexpressoes
Montando com MASM (ml.exe)...
 Assembling: C:\Users\Yuri\Projetos\compiler\target\test-classes\output\testeexpressoes\testeexpressoes.asm

***********
ASCII build
***********

Montagem concluída: C:\Users\Yuri\Projetos\compiler\target\test-classes\output\testeexpressoes\testeexpressoes.obj
Linkando com link.exe...
Microsoft (R) Incremental Linker Version 5.12.8078
Copyright (C) Microsoft Corp 1992-1998. All rights reserved.

Linkagem concluída: C:\Users\Yuri\Projetos\compiler\target\test-classes\output\testeexpressoes\testeexpressoes.exe

=== SAÍDA DO PROGRAMA ===
150
38
true
true
true
VERDADEIRO
=========================
Programa encerrou com código: 0
Fase 5 concluída.
]]></system-out>
    <system-err><![CDATA[Microsoft (R) Macro Assembler Version 6.14.8444
Copyright (C) Microsoft Corp 1981-1997.  All rights reserved.

]]></system-err>
  </testcase>
  <testcase name="executesAssembly(Path)[37]" classname="com.inm.ExecutionTest" time="0.236">
    <system-out><![CDATA[
=== FASE 5: MONTAGEM E EXECUÇÃO ===
Diretório de trabalho: C:\Users\Yuri\Projetos\compiler\target\test-classes\output\variaveis
Montando com MASM (ml.exe)...
 Assembling: C:\Users\Yuri\Projetos\compiler\target\test-classes\output\variaveis\variaveis.asm

***********
ASCII build
***********

Montagem concluída: C:\Users\Yuri\Projetos\compiler\target\test-classes\output\variaveis\variaveis.obj
Linkando com link.exe...
Microsoft (R) Incremental Linker Version 5.12.8078
Copyright (C) Microsoft Corp 1992-1998. All rights reserved.

Linkagem concluída: C:\Users\Yuri\Projetos\compiler\target\test-classes\output\variaveis\variaveis.exe

=== SAÍDA DO PROGRAMA ===
0
0
=========================
Programa encerrou com código: 0
Fase 5 concluída.
]]></system-out>
    <system-err><![CDATA[Microsoft (R) Macro Assembler Version 6.14.8444
Copyright (C) Microsoft Corp 1981-1997.  All rights reserved.

]]></system-err>
  </testcase>
  <testcase name="executesAssembly(Path)[38]" classname="com.inm.ExecutionTest" time="0.249">
    <system-out><![CDATA[
=== FASE 5: MONTAGEM E EXECUÇÃO ===
Diretório de trabalho: C:\Users\Yuri\Projetos\compiler\target\test-classes\output\variaveis
Montando com MASM (ml.exe)...
 Assembling: C:\Users\Yuri\Projetos\compiler\target\test-classes\output\variaveis\variaveis.asm

***********
ASCII build
***********

Montagem concluída: C:\Users\Yuri\Projetos\compiler\target\test-classes\output\variaveis\variaveis.obj
Linkando com link.exe...
Microsoft (R) Incremental Linker Version 5.12.8078
Copyright (C) Microsoft Corp 1992-1998. All rights reserved.

Linkagem concluída: C:\Users\Yuri\Projetos\compiler\target\test-classes\output\variaveis\variaveis.exe

=== SAÍDA DO PROGRAMA ===
0
0
=========================
Programa encerrou com código: 0
Fase 5 concluída.
]]></system-out>
    <system-err><![CDATA[Microsoft (R) Macro Assembler Version 6.14.8444
Copyright (C) Microsoft Corp 1981-1997.  All rights reserved.

]]></system-err>
  </testcase>
  <testcase name="executesAssembly(Path)[39]" classname="com.inm.ExecutionTest" time="0.238">
    <system-out><![CDATA[
=== FASE 5: MONTAGEM E EXECUÇÃO ===
Diretório de trabalho: C:\Users\Yuri\Projetos\compiler\target\test-classes\output\whilescript
Montando com MASM (ml.exe)...
 Assembling: C:\Users\Yuri\Projetos\compiler\target\test-classes\output\whilescript\whilescript.asm

***********
ASCII build
***********

Montagem concluída: C:\Users\Yuri\Projetos\compiler\target\test-classes\output\whilescript\whilescript.obj
Linkando com link.exe...
Microsoft (R) Incremental Linker Version 5.12.8078
Copyright (C) Microsoft Corp 1992-1998. All rights reserved.

Linkagem concluída: C:\Users\Yuri\Projetos\compiler\target\test-classes\output\whilescript\whilescript.exe

=== SAÍDA DO PROGRAMA ===
1
2
3
4
5
6
7
8
9
10
=========================
Programa encerrou com código: 0
Fase 5 concluída.
]]></system-out>
    <system-err><![CDATA[Microsoft (R) Macro Assembler Version 6.14.8444
Copyright (C) Microsoft Corp 1981-1997.  All rights reserved.

]]></system-err>
  </testcase>
  <testcase name="executesAssembly(Path)[40]" classname="com.inm.ExecutionTest" time="0.267">
    <system-out><![CDATA[
=== FASE 5: MONTAGEM E EXECUÇÃO ===
Diretório de trabalho: C:\Users\Yuri\Projetos\compiler\target\test-classes\output\whilescript
Montando com MASM (ml.exe)...
 Assembling: C:\Users\Yuri\Projetos\compiler\target\test-classes\output\whilescript\whilescript.asm

***********
ASCII build
***********

Montagem concluída: C:\Users\Yuri\Projetos\compiler\target\test-classes\output\whilescript\whilescript.obj
Linkando com link.exe...
Microsoft (R) Incremental Linker Version 5.12.8078
Copyright (C) Microsoft Corp 1992-1998. All rights reserved.

Linkagem concluída: C:\Users\Yuri\Projetos\compiler\target\test-classes\output\whilescript\whilescript.exe

=== SAÍDA DO PROGRAMA ===
1
2
3
4
5
6
7
8
9
10
=========================
Programa encerrou com código: 0
Fase 5 concluída.
]]></system-out>
    <system-err><![CDATA[Microsoft (R) Macro Assembler Version 6.14.8444
Copyright (C) Microsoft Corp 1981-1997.  All rights reserved.

]]></system-err>
  </testcase>
</testsuite>